This is pdfTeX, Version 3.14159265-2.6-1.40.21 (TeX Live 2020/Arch Linux) (preloaded format=pdflatex 2020.9.8)  16 SEP 2020 16:20
entering extended mode
 \write18 enabled.
 %&-line parsing enabled.
**source.tex 1
(./source.tex
LaTeX2e <2020-02-02> patch level 5
L3 programming layer <2020-06-03>
(/usr/share/texmf-dist/tex/latex/base/article.cls
Document Class: article 2019/12/20 v1.4l Standard LaTeX document class
(/usr/share/texmf-dist/tex/latex/base/size10.clo
File: size10.clo 2019/12/20 v1.4l Standard LaTeX file (size option)
)
\c@part=\count167
\c@section=\count168
\c@subsection=\count169
\c@subsubsection=\count170
\c@paragraph=\count171
\c@subparagraph=\count172
\c@figure=\count173
\c@table=\count174
\abovecaptionskip=\skip47
\belowcaptionskip=\skip48
\bibindent=\dimen134
)
(/usr/share/texmf-dist/tex/latex/etex-pkg/etex.sty
Package: etex 2016/08/01 v2.7 eTeX basic definition package (PEB,DPC)
\et@xins=\count175
)
(/usr/share/texmf-dist/tex/latex/base/inputenc.sty
Package: inputenc 2018/08/11 v1.3c Input encoding file
\inpenc@prehook=\toks15
\inpenc@posthook=\toks16
)
(/usr/share/texmf-dist/tex/latex/base/fontenc.sty
Package: fontenc 2020/02/11 v2.0o Standard LaTeX package
)
(/usr/share/texmf-dist/tex/generic/babel/babel.sty
Package: babel 2020/05/13 3.44 The Babel package

(/usr/share/texmf-dist/tex/generic/babel/babel.def
File: babel.def 2020/05/13 3.44 Babel common definitions
\babel@savecnt=\count176
\U@D=\dimen135
\l@babelnohyphens=\language86

(/usr/share/texmf-dist/tex/generic/babel/txtbabel.def)
\bbl@readstream=\read2
)
\bbl@dirlevel=\count177

(/usr/share/texmf-dist/tex/generic/babel-french/french.ldf
Language: french 2020/04/18 v3.5h French support from the babel system
Package babel Info: \l@acadian = using hyphenrules for french
(babel)             (\language28) on input line 91.
Package babel Info: \l@canadien = using hyphenrules for french
(babel)             (\language28) on input line 92.
\FB@nonchar=\count178
Package babel Info: Making : an active character on input line 421.
Package babel Info: Making ; an active character on input line 422.
Package babel Info: Making ! an active character on input line 423.
Package babel Info: Making ? an active character on input line 424.
\FBguill@level=\count179
\FBold@everypar=\toks17
\FB@Mht=\dimen136
\mc@charclass=\count180
\mc@charfam=\count181
\mc@charslot=\count182
\std@mcc=\count183
\dec@mcc=\count184
\c@FBcaption@count=\count185
\listindentFB=\dimen137
\descindentFB=\dimen138
\labelindentFB=\dimen139
\labelwidthFB=\dimen140
\leftmarginFB=\dimen141
\parindentFFN=\dimen142
\FBfnindent=\dimen143
))
(/usr/share/texmf-dist/tex/latex/carlisle/scalefnt.sty)
(/usr/share/texmf-dist/tex/latex/graphics/keyval.sty
Package: keyval 2014/10/28 v1.15 key=value parser (DPC)
\KV@toks@=\toks18
)
(/usr/share/texmf/tex/latex/AMC/automultiplechoice.sty
AMC version: 2018/12/29 v1.4.0 r:c6041a1
Package: automultiplechoice 2018/12/29 v1.4.0 r:c6041a1
(/usr/share/texmf-dist/tex/latex/xcolor/xcolor.sty
Package: xcolor 2016/05/11 v2.12 LaTeX color extensions (UK)

(/usr/share/texmf-dist/tex/latex/graphics-cfg/color.cfg
File: color.cfg 2016/01/02 v1.6 sample color configuration
)
Package xcolor Info: Driver file: pdftex.def on input line 225.

(/usr/share/texmf-dist/tex/latex/graphics-def/pdftex.def
File: pdftex.def 2018/01/08 v1.0l Graphics/color driver for pdftex
)
Package xcolor Info: Model `cmy' substituted by `cmy0' on input line 1348.
Package xcolor Info: Model `hsb' substituted by `rgb' on input line 1352.
Package xcolor Info: Model `RGB' extended on input line 1364.
Package xcolor Info: Model `HTML' substituted by `rgb' on input line 1366.
Package xcolor Info: Model `Hsb' substituted by `hsb' on input line 1367.
Package xcolor Info: Model `tHsb' substituted by `hsb' on input line 1368.
Package xcolor Info: Model `HSB' substituted by `hsb' on input line 1369.
Package xcolor Info: Model `Gray' substituted by `gray' on input line 1370.
Package xcolor Info: Model `wave' substituted by `hsb' on input line 1371.
)
(/usr/share/texmf-dist/tex/latex/fancyhdr/fancyhdr.sty
Package: fancyhdr 2019/01/31 v3.10 Extensive control of page headers and footer
s
\f@nch@headwidth=\skip49
\f@nch@O@elh=\skip50
\f@nch@O@erh=\skip51
\f@nch@O@olh=\skip52
\f@nch@O@orh=\skip53
\f@nch@O@elf=\skip54
\f@nch@O@erf=\skip55
\f@nch@O@olf=\skip56
\f@nch@O@orf=\skip57
)
(/usr/share/texmf-dist/tex/latex/bophook/bophook.sty
Package: bophook 2001/03/29 v0.02 beginning-of-page hook, K. Tinnefeld
)
(/usr/share/texmf-dist/tex/latex/xkeyval/xkeyval.sty
Package: xkeyval 2014/12/03 v2.7a package option processing (HA)

(/usr/share/texmf-dist/tex/generic/xkeyval/xkeyval.tex
(/usr/share/texmf-dist/tex/generic/xkeyval/xkvutils.tex
\XKV@toks=\toks19
\XKV@tempa@toks=\toks20
)
\XKV@depth=\count186
File: xkeyval.tex 2014/12/03 v2.7a key=value parser (HA)
))
(/usr/share/texmf-dist/tex/latex/graphics/rotating.sty
Package: rotating 2016/08/11 v2.16d rotated objects in LaTeX

(/usr/share/texmf-dist/tex/latex/graphics/graphicx.sty
Package: graphicx 2019/11/30 v1.2a Enhanced LaTeX Graphics (DPC,SPQR)

(/usr/share/texmf-dist/tex/latex/graphics/graphics.sty
Package: graphics 2019/11/30 v1.4a Standard LaTeX Graphics (DPC,SPQR)

(/usr/share/texmf-dist/tex/latex/graphics/trig.sty
Package: trig 2016/01/03 v1.10 sin cos tan (DPC)
)
(/usr/share/texmf-dist/tex/latex/graphics-cfg/graphics.cfg
File: graphics.cfg 2016/06/04 v1.11 sample graphics configuration
)
Package graphics Info: Driver file: pdftex.def on input line 105.
)
\Gin@req@height=\dimen144
\Gin@req@width=\dimen145
)
(/usr/share/texmf-dist/tex/latex/base/ifthen.sty
Package: ifthen 2014/09/29 v1.1c Standard LaTeX ifthen package (DPC)
)
\c@r@tfl@t=\count187
\rotFPtop=\skip58
\rotFPbot=\skip59
\rot@float@box=\box45
\rot@mess@toks=\toks21
)
(/usr/share/texmf-dist/tex/latex/fancybox/fancybox.sty
Package: fancybox 2010/05/15 1.4

Style option: `fancybox' v1.4 <2010/05/15> (tvz)
\@fancybox=\box46
\shadowsize=\dimen146
\@Sbox=\box47
\do@VerbBox=\toks22
\the@fancyput=\toks23
\this@fancyput=\toks24
\EndVerbatimTokens=\toks25
\Verbatim@Outfile=\write3
\Verbatim@Infile=\read3
) (/usr/share/texmf-dist/tex/latex/l3kernel/expl3.sty
Package: expl3 2020-06-03 L3 programming layer (loader) 

(/usr/share/texmf-dist/tex/latex/l3backend/l3backend-pdfmode.def
File: l3backend-pdfmode.def 2020-06-03 L3 backend support: PDF mode
\l__kernel_color_stack_int=\count188
\l__pdf_internal_box=\box48
))
\AMC@logfile=\write4
\AMCload@counter=\count189
\AMCid@quest=\count190
\AMCid@check=\count191
\AMCid@etud=\count192
\AMCid@etudstart=\count193
\AMCid@etudfin=\count194
\AMCnum@copies=\count195
\AMCformVSpace=\dimen147
\AMCformHSpace=\dimen148
\AMCinterIrep=\dimen149
\AMCinterBrep=\dimen150
\AMCinterIquest=\dimen151
\AMCinterBquest=\dimen152
\AMCpostOquest=\dimen153
\AMCids@width=\dimen154
\AMCids@height=\dimen155
\AMC@SR=\count196
\AMC@SR@count=\count197
\AMC@SRnum=\count198
\AMC@sti=\count199
Normal \count register pool exhausted, switching to extended pool.
\AMC@stil=\count277
\AMCsw@p@=\toks26
\AMC@numerotation=\count278
\AMC@XYspecial=\write5
\AMC@tmpXY=\write6
\AMC@smashbox=\box49
\AMC@smashboxheight=\dimen156
\c@AMC@ncase=\count279
\AMC@boxedrule=\skip60
\AMC@crossrule=\skip61
\AMC@boxeddown=\skip62
\AMC@boxedwidth=\skip63
\AMC@boxedheight=\skip64
\AMC@oval@radius=\skip65
\AMC@outside@sep=\skip66
\AMC@CBtaille=\skip67
\AMCbin@sequence=\toks27
\AMCbin@number=\count280
\AMCbin@ndigits=\count281
\AMCbin@id=\count282
\AMCbin@digit=\count283
\AMCtok@k=\count284
\AMCtok@max=\count285
\AMCtok@size=\count286
\AMC@imax=\count287
\AMCtok@ik=\count288
\AMCloop@k=\count289
\AMCrep@count=\count290
\reponse@cxcix=\toks28
\reponse@cxcviii=\toks29
\reponse@cxcvii=\toks30
\reponse@cxcvi=\toks31
\reponse@cxcv=\toks32
\reponse@cxciv=\toks33
\reponse@cxciii=\toks34
\reponse@cxcii=\toks35
\reponse@cxci=\toks36
\reponse@cxc=\toks37
\reponse@clxxxix=\toks38
\reponse@clxxxviii=\toks39
\reponse@clxxxvii=\toks40
\reponse@clxxxvi=\toks41
\reponse@clxxxv=\toks42
\reponse@clxxxiv=\toks43
\reponse@clxxxiii=\toks44
\reponse@clxxxii=\toks45
\reponse@clxxxi=\toks46
\reponse@clxxx=\toks47
\reponse@clxxix=\toks48
\reponse@clxxviii=\toks49
\reponse@clxxvii=\toks50
\reponse@clxxvi=\toks51
\reponse@clxxv=\toks52
\reponse@clxxiv=\toks53
\reponse@clxxiii=\toks54
\reponse@clxxii=\toks55
\reponse@clxxi=\toks56
\reponse@clxx=\toks57
\reponse@clxix=\toks58
\reponse@clxviii=\toks59
\reponse@clxvii=\toks60
\reponse@clxvi=\toks61
\reponse@clxv=\toks62
\reponse@clxiv=\toks63
\reponse@clxiii=\toks64
\reponse@clxii=\toks65
\reponse@clxi=\toks66
\reponse@clx=\toks67
\reponse@clix=\toks68
\reponse@clviii=\toks69
\reponse@clvii=\toks70
\reponse@clvi=\toks71
\reponse@clv=\toks72
\reponse@cliv=\toks73
\reponse@cliii=\toks74
\reponse@clii=\toks75
\reponse@cli=\toks76
\reponse@cl=\toks77
\reponse@cxlix=\toks78
\reponse@cxlviii=\toks79
\reponse@cxlvii=\toks80
\reponse@cxlvi=\toks81
\reponse@cxlv=\toks82
\reponse@cxliv=\toks83
\reponse@cxliii=\toks84
\reponse@cxlii=\toks85
\reponse@cxli=\toks86
\reponse@cxl=\toks87
\reponse@cxxxix=\toks88
\reponse@cxxxviii=\toks89
\reponse@cxxxvii=\toks90
\reponse@cxxxvi=\toks91
\reponse@cxxxv=\toks92
\reponse@cxxxiv=\toks93
\reponse@cxxxiii=\toks94
\reponse@cxxxii=\toks95
\reponse@cxxxi=\toks96
\reponse@cxxx=\toks97
\reponse@cxxix=\toks98
\reponse@cxxviii=\toks99
\reponse@cxxvii=\toks100
\reponse@cxxvi=\toks101
\reponse@cxxv=\toks102
\reponse@cxxiv=\toks103
\reponse@cxxiii=\toks104
\reponse@cxxii=\toks105
\reponse@cxxi=\toks106
\reponse@cxx=\toks107
\reponse@cxix=\toks108
\reponse@cxviii=\toks109
\reponse@cxvii=\toks110
\reponse@cxvi=\toks111
\reponse@cxv=\toks112
\reponse@cxiv=\toks113
\reponse@cxiii=\toks114
\reponse@cxii=\toks115
\reponse@cxi=\toks116
\reponse@cx=\toks117
\reponse@cix=\toks118
\reponse@cviii=\toks119
\reponse@cvii=\toks120
\reponse@cvi=\toks121
\reponse@cv=\toks122
\reponse@civ=\toks123
\reponse@ciii=\toks124
\reponse@cii=\toks125
\reponse@ci=\toks126
\reponse@c=\toks127
\reponse@xcix=\toks128
\reponse@xcviii=\toks129
\reponse@xcvii=\toks130
\reponse@xcvi=\toks131
\reponse@xcv=\toks132
\reponse@xciv=\toks133
\reponse@xciii=\toks134
\reponse@xcii=\toks135
\reponse@xci=\toks136
\reponse@xc=\toks137
\reponse@lxxxix=\toks138
\reponse@lxxxviii=\toks139
\reponse@lxxxvii=\toks140
\reponse@lxxxvi=\toks141
\reponse@lxxxv=\toks142
\reponse@lxxxiv=\toks143
\reponse@lxxxiii=\toks144
\reponse@lxxxii=\toks145
\reponse@lxxxi=\toks146
\reponse@lxxx=\toks147
\reponse@lxxix=\toks148
\reponse@lxxviii=\toks149
\reponse@lxxvii=\toks150
\reponse@lxxvi=\toks151
\reponse@lxxv=\toks152
\reponse@lxxiv=\toks153
\reponse@lxxiii=\toks154
\reponse@lxxii=\toks155
\reponse@lxxi=\toks156
\reponse@lxx=\toks157
\reponse@lxix=\toks158
\reponse@lxviii=\toks159
\reponse@lxvii=\toks160
\reponse@lxvi=\toks161
\reponse@lxv=\toks162
\reponse@lxiv=\toks163
\reponse@lxiii=\toks164
\reponse@lxii=\toks165
\reponse@lxi=\toks166
\reponse@lx=\toks167
\reponse@lix=\toks168
\reponse@lviii=\toks169
\reponse@lvii=\toks170
\reponse@lvi=\toks171
\reponse@lv=\toks172
\reponse@liv=\toks173
\reponse@liii=\toks174
\reponse@lii=\toks175
\reponse@li=\toks176
\reponse@l=\toks177
\reponse@xlix=\toks178
\reponse@xlviii=\toks179
\reponse@xlvii=\toks180
\reponse@xlvi=\toks181
\reponse@xlv=\toks182
\reponse@xliv=\toks183
\reponse@xliii=\toks184
\reponse@xlii=\toks185
\reponse@xli=\toks186
\reponse@xl=\toks187
\reponse@xxxix=\toks188
\reponse@xxxviii=\toks189
\reponse@xxxvii=\toks190
\reponse@xxxvi=\toks191
\reponse@xxxv=\toks192
\reponse@xxxiv=\toks193
\reponse@xxxiii=\toks194
\reponse@xxxii=\toks195
\reponse@xxxi=\toks196
\reponse@xxx=\toks197
\reponse@xxix=\toks198
\reponse@xxviii=\toks199
\reponse@xxvii=\toks200
\reponse@xxvi=\toks201
\reponse@xxv=\toks202
\reponse@xxiv=\toks203
\reponse@xxiii=\toks204
\reponse@xxii=\toks205
\reponse@xxi=\toks206
\reponse@xx=\toks207
\reponse@xix=\toks208
\reponse@xviii=\toks209
\reponse@xvii=\toks210
\reponse@xvi=\toks211
\reponse@xv=\toks212
\reponse@xiv=\toks213
\reponse@xiii=\toks214
\reponse@xii=\toks215
\reponse@xi=\toks216
\reponse@x=\toks217
\reponse@ix=\toks218
\reponse@viii=\toks219
\reponse@vii=\toks220
\reponse@vi=\toks221
\reponse@v=\toks222
\reponse@iv=\toks223
\reponse@iii=\toks224
\reponse@ii=\toks225
\reponse@i=\toks226
\AMCnum@questions=\count291
\AMCrep@@count=\count292
\amc_memory_elts_count=\count293
\AMChorizAnswerSep=\skip68
\AMChorizBoxSep=\skip69
\AMC@mn@test=\skip70
\AMC@mn@sep=\skip71
\AMC@mn@leftmargin=\skip72
\AMC@mn@rightmargin=\skip73
\AMC@sz@width=\skip74
\AMC@sz@height=\skip75
\AMC@sz@depth=\skip76
\AMC@sza@width=\skip77
\AMC@sza@height=\skip78
\AMC@sza@depth=\skip79
\c@AMCquestionaff=\count294
\ouverte@vs=\dimen157
\AMC@chiffres=\count295
\AMCcodeHspace=\dimen158
\AMCcodeVspace=\dimen159
\amc_code_digit_n_int=\count296
\amc_num_exponent_int=\count297
\amc_todigits_int=\count298
\AMCnumeric@Hspace=\dimen160
\AMCnumeric@Vspace=\dimen161
\amc_num_ndigits_int=\count299
\amc_num_decd_int=\count300
\amc_num_expo_int=\count301
\amc_num_base_int=\count302
\amc_num_exact_int=\count303
\amc_num_approx_int=\count304
\amc_num_first_digit_int=\count305
\amc_num_digit_int=\count306
\amc_num_correct_expo_int=\count307
\AMCopen@Hspace=\dimen162
\AMCopen@LineHeight=\dimen163
\AMCopen@Lines=\count308
\AMCopen@boxmargin=\dimen164
\AMCopen@boxframerule=\dimen165
\AMCopen@framerule=\dimen166
\AMC@addpages=\count309

(/usr/share/texmf-dist/tex/latex/environ/environ.sty
Package: environ 2014/05/04 v0.3 A new way to define environments

(/usr/share/texmf-dist/tex/latex/trimspaces/trimspaces.sty
Package: trimspaces 2009/09/17 v1.1 Trim spaces around a token list
)
\@envbody=\toks227
)
(/usr/share/texmf-dist/tex/latex/geometry/geometry.sty
Package: geometry 2020/01/02 v5.9 Page Geometry

(/usr/share/texmf-dist/tex/generic/iftex/ifvtex.sty
Package: ifvtex 2019/10/25 v1.7 ifvtex legacy package. Use iftex instead.

(/usr/share/texmf-dist/tex/generic/iftex/iftex.sty
Package: iftex 2020/03/06 v1.0d TeX engine tests
))
\Gm@cnth=\count310
\Gm@cntv=\count311
\c@Gm@tempcnt=\count312
\Gm@bindingoffset=\dimen167
\Gm@wd@mp=\dimen168
\Gm@odd@mp=\dimen169
\Gm@even@mp=\dimen170
\Gm@layoutwidth=\dimen171
\Gm@layoutheight=\dimen172
\Gm@layouthoffset=\dimen173
\Gm@layoutvoffset=\dimen174
\Gm@dimlist=\toks228
))
(/usr/share/texmf-dist/tex/latex/amsfonts/amssymb.sty
Package: amssymb 2013/01/14 v3.01 AMS font symbols

(/usr/share/texmf-dist/tex/latex/amsfonts/amsfonts.sty
Package: amsfonts 2013/01/14 v3.01 Basic AMSFonts support
\@emptytoks=\toks229
\symAMSa=\mathgroup4
\symAMSb=\mathgroup5
LaTeX Font Info:    Redeclaring math symbol \hbar on input line 98.
LaTeX Font Info:    Overwriting math alphabet `\mathfrak' in version `bold'
(Font)                  U/euf/m/n --> U/euf/b/n on input line 106.
))
(/usr/share/texmf-dist/tex/latex/amsmath/amsmath.sty
Package: amsmath 2020/01/20 v2.17e AMS math features
\@mathmargin=\skip80

For additional information on amsmath, use the `?' option.
(/usr/share/texmf-dist/tex/latex/amsmath/amstext.sty
Package: amstext 2000/06/29 v2.01 AMS text

(/usr/share/texmf-dist/tex/latex/amsmath/amsgen.sty
File: amsgen.sty 1999/11/30 v2.0 generic functions
\@emptytoks=\toks230
\ex@=\dimen175
))
(/usr/share/texmf-dist/tex/latex/amsmath/amsbsy.sty
Package: amsbsy 1999/11/29 v1.2d Bold Symbols
\pmbraise@=\dimen176
)
(/usr/share/texmf-dist/tex/latex/amsmath/amsopn.sty
Package: amsopn 2016/03/08 v2.02 operator names
)
\inf@bad=\count313
LaTeX Info: Redefining \frac on input line 227.
\uproot@=\count314
\leftroot@=\count315
LaTeX Info: Redefining \overline on input line 389.
\classnum@=\count316
\DOTSCASE@=\count317
LaTeX Info: Redefining \ldots on input line 486.
LaTeX Info: Redefining \dots on input line 489.
LaTeX Info: Redefining \cdots on input line 610.
\Mathstrutbox@=\box50
\strutbox@=\box51
\big@size=\dimen177
LaTeX Font Info:    Redeclaring font encoding OML on input line 733.
LaTeX Font Info:    Redeclaring font encoding OMS on input line 734.
\macc@depth=\count318
\c@MaxMatrixCols=\count319
\dotsspace@=\muskip16
\c@parentequation=\count320
\dspbrk@lvl=\count321
\tag@help=\toks231
\row@=\count322
\column@=\count323
\maxfields@=\count324
\andhelp@=\toks232
\eqnshift@=\dimen178
\alignsep@=\dimen179
\tagshift@=\dimen180
\tagwidth@=\dimen181
\totwidth@=\dimen182
\lineht@=\dimen183
\@envbody=\toks233
\multlinegap=\skip81
\multlinetaggap=\skip82
\mathdisplay@stack=\toks234
LaTeX Info: Redefining \[ on input line 2859.
LaTeX Info: Redefining \] on input line 2860.
)
(/usr/share/texmf-dist/tex/latex/tools/multicol.sty
Package: multicol 2019/12/09 v1.8y multicolumn formatting (FMi)
\c@tracingmulticols=\count325
\mult@box=\box52
\multicol@leftmargin=\dimen184
\c@unbalance=\count326
\c@collectmore=\count327
\doublecol@number=\count328
\multicoltolerance=\count329
\multicolpretolerance=\count330
\full@width=\dimen185
\page@free=\dimen186
\premulticols=\dimen187
\postmulticols=\dimen188
\multicolsep=\skip83
\multicolbaselineskip=\skip84
\partial@page=\box53
\last@line=\box54
\maxbalancingoverflow=\dimen189
\mult@rightbox=\box55
\mult@grightbox=\box56
\mult@gfirstbox=\box57
\mult@firstbox=\box58
\@tempa=\box59
\@tempa=\box60
\@tempa=\box61
\@tempa=\box62
\@tempa=\box63
\@tempa=\box64
\@tempa=\box65
\@tempa=\box66
\@tempa=\box67
\@tempa=\box68
\@tempa=\box69
\@tempa=\box70
\@tempa=\box71
\@tempa=\box72
\@tempa=\box73
\@tempa=\box74
\@tempa=\box75
\@tempa=\box76
\@tempa=\box77
\@tempa=\box78
\@tempa=\box79
\@tempa=\box80
\@tempa=\box81
\@tempa=\box82
\@tempa=\box83
\@tempa=\box84
\@tempa=\box85
\@tempa=\box86
\@tempa=\box87
\@tempa=\box88
\@tempa=\box89
\@tempa=\box90
\@tempa=\box91
\@tempa=\box92
\@tempa=\box93
\@tempa=\box94
\@tempa=\box95
\c@minrows=\count331
\c@columnbadness=\count332
\c@finalcolumnbadness=\count333
\last@try=\dimen190
\multicolovershoot=\dimen191
\multicolundershoot=\dimen192
\mult@nat@firstbox=\box96
\colbreak@box=\box97
\mc@col@check@num=\count334
)
(/usr/share/texmf-dist/tex/latex/minted/minted.sty
Package: minted 2017/07/19 v2.5 Yet another Pygments shim for LaTeX

(/usr/share/texmf-dist/tex/latex/kvoptions/kvoptions.sty
Package: kvoptions 2019/11/29 v3.13 Key value format for package options (HO)

(/usr/share/texmf-dist/tex/generic/ltxcmds/ltxcmds.sty
Package: ltxcmds 2019/12/15 v1.24 LaTeX kernel commands for general use (HO)
)
(/usr/share/texmf-dist/tex/generic/kvsetkeys/kvsetkeys.sty
Package: kvsetkeys 2019/12/15 v1.18 Key value parser (HO)
))
(/usr/share/texmf-dist/tex/latex/fvextra/fvextra.sty
Package: fvextra 2019/02/04 v1.4 fvextra - extensions and patches for fancyvrb

(/usr/share/texmf-dist/tex/latex/etoolbox/etoolbox.sty
Package: etoolbox 2019/09/21 v2.5h e-TeX tools for LaTeX (JAW)
\etb@tempcnta=\count335
)
(/usr/share/texmf-dist/tex/latex/fancyvrb/fancyvrb.sty
Package: fancyvrb 2020/05/03 v3.6 verbatim text (tvz,hv)
\FV@CodeLineNo=\count336
\FV@InFile=\read4
\FV@TabBox=\box98
\c@FancyVerbLine=\count337
\FV@StepNumber=\count338
\FV@OutFile=\write7
LaTeX Info: Redefining \UseVerb on input line 1216.
)
(/usr/share/texmf-dist/tex/latex/upquote/upquote.sty
Package: upquote 2012/04/19 v1.3 upright-quote and grave-accent glyphs in verba
tim

(/usr/share/texmf-dist/tex/latex/base/textcomp.sty
Package: textcomp 2020/02/02 v2.0n Standard LaTeX package
))
(/usr/share/texmf-dist/tex/latex/lineno/lineno.sty
Package: lineno 2005/11/02 line numbers on paragraphs v4.41
\linenopenalty=\count339
\output=\toks235
\linenoprevgraf=\count340
\linenumbersep=\dimen193
\linenumberwidth=\dimen194
\c@linenumber=\count341
\c@pagewiselinenumber=\count342
\c@LN@truepage=\count343
\c@internallinenumber=\count344
\c@internallinenumbers=\count345
\quotelinenumbersep=\dimen195
\bframerule=\dimen196
\bframesep=\dimen197
\bframebox=\box99
LaTeX Info: Redefining \\ on input line 3056.
)
\c@FV@TrueTabGroupLevel=\count346
\c@FV@TrueTabCounter=\count347
\FV@TabBox@Group=\box100
\FV@TmpLength=\skip85
\c@FV@HighlightLinesStart=\count348
\c@FV@HighlightLinesStop=\count349
\FV@LoopCount=\count350
\FV@NCharsBox=\box101
\FV@BreakIndent=\dimen198
\FV@BreakIndentNChars=\count351
\FV@BreakSymbolSepLeft=\dimen199
\FV@BreakSymbolSepLeftNChars=\count352
Normal \dimen register pool exhausted, switching to extended pool.
\FV@BreakSymbolSepRight=\dimen256
\FV@BreakSymbolSepRightNChars=\count353
\FV@BreakSymbolIndentLeft=\dimen257
\FV@BreakSymbolIndentLeftNChars=\count354
\FV@BreakSymbolIndentRight=\dimen258
\FV@BreakSymbolIndentRightNChars=\count355
\c@FancyVerbLineBreakLast=\count356
\FV@LineBox=\box102
\FV@LineIndentBox=\box103
\FV@LineWidth=\dimen259
)
(/usr/share/texmf-dist/tex/latex/tools/calc.sty
Package: calc 2017/05/25 v4.3 Infix arithmetic (KKT,FJ)
\calc@Acount=\count357
\calc@Bcount=\count358
\calc@Adimen=\dimen260
\calc@Bdimen=\dimen261
\calc@Askip=\skip86
\calc@Bskip=\skip87
LaTeX Info: Redefining \setlength on input line 80.
LaTeX Info: Redefining \addtolength on input line 81.
\calc@Ccount=\count359
\calc@Cskip=\skip88
)
(/usr/share/texmf-dist/tex/latex/tools/shellesc.sty
Package: shellesc 2019/11/08 v1.0c unified shell escape interface for LaTeX
Package shellesc Info: Unrestricted shell escape enabled on input line 75.
)
(/usr/share/texmf-dist/tex/latex/ifplatform/ifplatform.sty
Package: ifplatform 2017/10/13 v0.4a Testing for the operating system

(/usr/share/texmf-dist/tex/latex/pdftexcmds/pdftexcmds.sty
Package: pdftexcmds 2020-06-04 v0.32 Utility functions of pdfTeX for LuaTeX (HO
)

(/usr/share/texmf-dist/tex/generic/infwarerr/infwarerr.sty
Package: infwarerr 2019/12/03 v1.5 Providing info/warning/error messages (HO)
)
Package pdftexcmds Info: \pdf@primitive is available.
Package pdftexcmds Info: \pdf@ifprimitive is available.
Package pdftexcmds Info: \pdfdraftmode found.
)
(/usr/share/texmf-dist/tex/generic/catchfile/catchfile.sty
Package: catchfile 2019/12/09 v1.8 Catch the contents of a file (HO)

(/usr/share/texmf-dist/tex/generic/etexcmds/etexcmds.sty
Package: etexcmds 2019/12/15 v1.7 Avoid name clashes with e-TeX commands (HO)
))
(/usr/share/texmf-dist/tex/generic/iftex/ifluatex.sty
Package: ifluatex 2019/10/25 v1.5 ifluatex legacy package. Use iftex instead.
)
runsystem(uname -s > "source.w18")...executed.

 (./source.w18)
runsystem(rm -- "source.w18")...executed.

)
(/usr/share/texmf-dist/tex/generic/xstring/xstring.sty
(/usr/share/texmf-dist/tex/generic/xstring/xstring.tex
\integerpart=\count360
\decimalpart=\count361
)
Package: xstring 2019/02/06 v1.83 String manipulations (CT)
)
(/usr/share/texmf-dist/tex/latex/framed/framed.sty
Package: framed 2011/10/22 v 0.96: framed or shaded text with page breaks
\OuterFrameSep=\skip89
\fb@frw=\dimen262
\fb@frh=\dimen263
\FrameRule=\dimen264
\FrameSep=\dimen265
)
(/usr/share/texmf-dist/tex/latex/float/float.sty
Package: float 2001/11/08 v1.3d Float enhancements (AL)
\c@float@type=\count362
\float@exts=\toks236
\float@box=\box104
\@float@everytoks=\toks237
\@floatcapt=\box105
)
\minted@appexistsfile=\read5
\minted@bgbox=\box106
\minted@code=\write8
\c@minted@FancyVerbLineTemp=\count363
\c@minted@pygmentizecounter=\count364
\@float@every@listing=\toks238
\c@listing=\count365
)
runsystem(mkdir -p _minted-source)...executed.


(/usr/share/texmf-dist/tex/latex/algorithm2e/algorithm2e.sty
Package: algorithm2e 2017/07/18 v5.2 algorithms environments
\c@AlgoLine=\count366
\algocf@hangindent=\skip90

(/usr/share/texmf-dist/tex/latex/ifoddpage/ifoddpage.sty
Package: ifoddpage 2016/04/23 v1.1 Conditionals for odd/even page detection
\c@checkoddpage=\count367
)
(/usr/share/texmf-dist/tex/latex/tools/xspace.sty
Package: xspace 2014/10/28 v1.13 Space after command names (DPC,MH)
)
(/usr/share/texmf-dist/tex/latex/relsize/relsize.sty
Package: relsize 2013/03/29 ver 4.1
)
\skiptotal=\skip91
\skiplinenumber=\skip92
\skiprule=\skip93
\skiphlne=\skip94
\skiptext=\skip95
\skiplength=\skip96
\algomargin=\skip97
\skipalgocfslide=\skip98
\algowidth=\dimen266
\inoutsize=\dimen267
\inoutindent=\dimen268
\interspacetitleruled=\dimen269
\interspacealgoruled=\dimen270
\interspacetitleboxruled=\dimen271
\algocf@ruledwidth=\skip99
\algocf@inoutbox=\box107
\algocf@inputbox=\box108
\AlCapSkip=\skip100
\AlCapHSkip=\skip101
\algoskipindent=\skip102
\algocf@nlbox=\box109
\algocf@hangingbox=\box110
\algocf@untilbox=\box111
\algocf@skipuntil=\skip103
\algocf@capbox=\box112
\algocf@lcaptionbox=\skip104
\algoheightruledefault=\skip105
\algoheightrule=\skip106
\algotitleheightruledefault=\skip107
\algotitleheightrule=\skip108
\c@algocfline=\count368
\c@algocfproc=\count369
\c@algocf=\count370
\algocf@algoframe=\box113
\algocf@algobox=\box114
)
(/usr/share/texmf-dist/tex/latex/pythontex/pythontex.sty
Package: pythontex 2019/09/22 v0.17 execute and typeset Python code and other l
anguages

(/usr/share/texmf/tex/latex/misc/pgfopts.sty
Package: pgfopts 2014/07/10 v2.1a LaTeX package options with pgfkeys

(/usr/share/texmf-dist/tex/latex/pgf/utilities/pgfkeys.sty
(/usr/share/texmf-dist/tex/generic/pgf/utilities/pgfkeys.code.tex
\pgfkeys@pathtoks=\toks239
\pgfkeys@temptoks=\toks240

(/usr/share/texmf-dist/tex/generic/pgf/utilities/pgfkeysfiltered.code.tex
\pgfkeys@tmptoks=\toks241
)))
\pgfopts@list@add@a@toks=\toks242
\pgfopts@list@add@b@toks=\toks243
)
(/usr/share/texmf-dist/tex/latex/newfloat/newfloat.sty
Package: newfloat 2019/09/02 v1.1l Defining new floating environments (AR)
Package newfloat Info: `rotating' package detected.
)
(/usr/share/texmf-dist/tex/latex/currfile/currfile.sty
Package: currfile 2015/04/23 v0.7c Provides the file path elements of the curre
nt input file

(/usr/share/texmf-dist/tex/latex/filehook/filehook.sty
Package: filehook 2020/02/03 v0.7 Hooks for input files
)
\c@currfiledepth=\count371
)
\pytx@codefile=\write9
\c@pytx@FancyVerbLineTemp=\count372
\c@pytx@py@default@default=\count373
\c@pytx@pycon@default@default=\count374
\c@pytx@sympy@default@default=\count375
\c@pytx@sympycon@default@default=\count376
\c@pytx@pylab@default@default=\count377
\c@pytx@pylabcon@default@default=\count378
)
(/usr/share/texmf-dist/tex/latex/csvsimple/csvsimple.sty
Package: csvsimple 2019/04/09 version 1.21 LaTeX CSV file processing

(/usr/share/texmf-dist/tex/latex/pgf/utilities/pgfrcs.sty
(/usr/share/texmf-dist/tex/generic/pgf/utilities/pgfutil-common.tex
\pgfutil@everybye=\toks244
\pgfutil@tempdima=\dimen272
\pgfutil@tempdimb=\dimen273

(/usr/share/texmf-dist/tex/generic/pgf/utilities/pgfutil-common-lists.tex))
(/usr/share/texmf-dist/tex/generic/pgf/utilities/pgfutil-latex.def
\pgfutil@abb=\box115

(/usr/share/texmf-dist/tex/latex/ms/everyshi.sty
Package: everyshi 2001/05/15 v3.00 EveryShipout Package (MS)
))
(/usr/share/texmf-dist/tex/generic/pgf/utilities/pgfrcs.code.tex
(/usr/share/texmf-dist/tex/generic/pgf/pgf.revision.tex)
Package: pgfrcs 2020/01/08 v3.1.5b (3.1.5b)
))
\csv@file=\read6
\c@csvinputline=\count379
\c@csvrow=\count380
\c@csvcol=\count381
\csv@out=\write10
)
\c@pytx@CC:pylab:begin@none@none=\count382
\c@pytx@CC:pylab:begin@none@none@line=\count383
\c@pytx@py@default@default@line=\count384
\stat@k=\count385
\AMCstat@j=\count386
\stat@i=\toks245
\statistiques@k=\count387
\AMCstatistiques@j=\count388
\statistiques@i=\toks246
\stat2@k=\count389
\AMCstat2@j=\count390
\stat2@i=\toks247
\python@k=\count391
\AMCpython@j=\count392
\python@i=\toks248
\python@ii=\toks249
\python@iii=\toks250
\algo@k=\count393
\AMCalgo@j=\count394
\algo@i=\toks251
runsystem(which pygmentize && touch source.aex)...executed.

runsystem(rm source.aex)...executed.

 (./source.aux)
LaTeX Font Info:    Checking defaults for OML/cmm/m/it on input line 527.
LaTeX Font Info:    ... okay on input line 527.
LaTeX Font Info:    Checking defaults for OMS/cmsy/m/n on input line 527.
LaTeX Font Info:    ... okay on input line 527.
LaTeX Font Info:    Checking defaults for OT1/cmr/m/n on input line 527.
LaTeX Font Info:    ... okay on input line 527.
LaTeX Font Info:    Checking defaults for T1/cmr/m/n on input line 527.
LaTeX Font Info:    ... okay on input line 527.
LaTeX Font Info:    Checking defaults for TS1/cmr/m/n on input line 527.
LaTeX Font Info:    ... okay on input line 527.
LaTeX Font Info:    Checking defaults for OMX/cmex/m/n on input line 527.
LaTeX Font Info:    ... okay on input line 527.
LaTeX Font Info:    Checking defaults for U/cmr/m/n on input line 527.
LaTeX Font Info:    ... okay on input line 527.
LaTeX Info: Redefining \degres on input line 527.
LaTeX Info: Redefining \dots on input line 527.
LaTeX Info: Redefining \up on input line 527.

(/usr/share/texmf-dist/tex/context/base/mkii/supp-pdf.mkii
[Loading MPS to PDF converter (version 2006.09.02).]
\scratchcounter=\count395
\scratchdimen=\dimen274
\scratchbox=\box116
\nofMPsegments=\count396
\nofMParguments=\count397
\everyMPshowfont=\toks252
\MPscratchCnt=\count398
\MPscratchDim=\dimen275
\MPnumerator=\count399
\makeMPintoPDFobject=\count400
\everyMPtoPDFconversion=\toks253
) (/usr/share/texmf-dist/tex/latex/epstopdf-pkg/epstopdf-base.sty
Package: epstopdf-base 2020-01-24 v2.11 Base part for package epstopdf
Package epstopdf-base Info: Redefining graphics rule for `.eps' on input line 4
85.

(/usr/share/texmf-dist/tex/latex/latexconfig/epstopdf-sys.cfg
File: epstopdf-sys.cfg 2010/07/13 v1.3 Configuration of (r)epstopdf for TeX Liv
e
))
\AMC@ovalbox@R=\box117
\AMC@ovalbox@RF=\box118
\AMC@ovalbox@=\box119
\AMC@ovalbox@F=\box120

*geometry* driver: auto-detecting
*geometry* detected driver: pdftex
*geometry* verbose mode - [ preamble ] result:
* driver: pdftex
* paper: a4paper
* layout: <same size as paper>
* layoutoffset:(h,v)=(0.0pt,0.0pt)
* modes: 
* h-part:(L,W,R)=(85.35826pt, 426.79135pt, 85.35826pt)
* v-part:(T,H,B)=(99.58464pt, 674.33032pt, 71.13188pt)
* \paperwidth=597.50787pt
* \paperheight=845.04684pt
* \textwidth=426.79135pt
* \textheight=674.33032pt
* \oddsidemargin=13.08827pt
* \evensidemargin=13.08827pt
* \topmargin=-38.12675pt
* \headheight=56.9055pt
* \headsep=8.5359pt
* \topskip=10.0pt
* \footskip=28.45274pt
* \marginparwidth=57.0pt
* \marginparsep=11.0pt
* \columnsep=10.0pt
* \skip\footins=9.0pt plus 4.0pt minus 2.0pt
* \hoffset=0.0pt
* \voffset=0.0pt
* \mag=1000
* \@twocolumnfalse
* \@twosidefalse
* \@mparswitchfalse
* \@reversemarginfalse
* (1in=72.27pt=25.4mm, 1cm=28.453pt)

Package newfloat Info: `float' package detected.
(./pythontex-files-source/source.pytxmcr)

Package PythonTeX Warning: A "listing" environment already exists 
(PythonTeX)                PythonTeX will not create one 
(PythonTeX)                Use \setpythontexlistingenv to create a custom listi
ng environment on input line 527.

ABD: EveryShipout initializing macros (./pythontex-files-source/source.pytxpyg)
(./pythontex-files-source/py_default_default_19.stdout)
(./pythontex-files-source/py_default_default_20.stdout)
(./pythontex-files-source/py_default_default_22.stdout)
(./pythontex-files-source/py_default_default_23.stdout)
LaTeX Font Info:    Trying to load font information for U+msa on input line 616
.

(/usr/share/texmf-dist/tex/latex/amsfonts/umsa.fd
File: umsa.fd 2013/01/14 v3.01 AMS symbols A
)
LaTeX Font Info:    Trying to load font information for U+msb on input line 616
.

(/usr/share/texmf-dist/tex/latex/amsfonts/umsb.fd
File: umsb.fd 2013/01/14 v3.01 AMS symbols B
)
(./pythontex-files-source/py_default_default_40.stdout)
LaTeX Font Info:    Trying to load font information for T1+cmtt on input line 6
16.

(/usr/share/texmf-dist/tex/latex/base/t1cmtt.fd
File: t1cmtt.fd 2019/12/16 v2.5j Standard LaTeX font definitions
) [1{/var/lib/texmf/fonts/map/pdftex/updmap/pdftex.map}

] (./pythontex-files-source/py_default_default_57.stdout) (./pythontex-files-so
urce/py_default_default_58.stdout)
(./pythontex-files-source/py_default_default_59.stdout)
(./pythontex-files-source/py_default_default_60.stdout)
(./pythontex-files-source/py_default_default_67.stdout)
(./pythontex-files-source/py_default_default_68.stdout)
Underfull \hbox (badness 10000) in paragraph at lines 616--616

 []

<../python.png, id=15, 501.875pt x 501.875pt>
File: ../python.png Graphic file (type png)
<use ../python.png>
Package pdftex.def Info: ../python.png  used on input line 616.
(pdftex.def)             Requested size: 100.37321pt x 100.37321pt.
[2

 <../python.png>] [3

] [4

]
(./pythontex-files-source/py_default_default_101.stdout)
(./pythontex-files-source/py_default_default_102.stdout)
(./pythontex-files-source/py_default_default_104.stdout)
(./pythontex-files-source/py_default_default_105.stdout)
(./pythontex-files-source/py_default_default_122.stdout) [1


]
(./pythontex-files-source/py_default_default_139.stdout)
(./pythontex-files-source/py_default_default_140.stdout)
(./pythontex-files-source/py_default_default_141.stdout)
(./pythontex-files-source/py_default_default_142.stdout)
(./pythontex-files-source/py_default_default_149.stdout)
(./pythontex-files-source/py_default_default_150.stdout)
Underfull \hbox (badness 10000) in paragraph at lines 616--616

 []


Underfull \hbox (badness 10000) in paragraph at lines 616--616

 []

File: ../python.png Graphic file (type png)
<use ../python.png>
Package pdftex.def Info: ../python.png  used on input line 616.
(pdftex.def)             Requested size: 100.37321pt x 100.37321pt.
[2

] [3

] [4

] (./pythontex-files-source/py_default_default_176.stdout)
(./pythontex-files-source/py_default_default_177.stdout)
(./pythontex-files-source/py_default_default_179.stdout)
(./pythontex-files-source/py_default_default_180.stdout)
(./pythontex-files-source/py_default_default_197.stdout) [1


]
(./pythontex-files-source/py_default_default_214.stdout)
(./pythontex-files-source/py_default_default_215.stdout)
(./pythontex-files-source/py_default_default_216.stdout)
(./pythontex-files-source/py_default_default_217.stdout)
(./pythontex-files-source/py_default_default_224.stdout)
(./pythontex-files-source/py_default_default_225.stdout)
Underfull \hbox (badness 10000) in paragraph at lines 616--616

 []

File: ../python.png Graphic file (type png)
<use ../python.png>
Package pdftex.def Info: ../python.png  used on input line 616.
(pdftex.def)             Requested size: 100.37321pt x 100.37321pt.
[2

] [3

] [4

] (./pythontex-files-source/py_default_default_258.stdout)
(./pythontex-files-source/py_default_default_259.stdout)
(./pythontex-files-source/py_default_default_261.stdout)
(./pythontex-files-source/py_default_default_262.stdout)
(./pythontex-files-source/py_default_default_279.stdout) [1


]
(./pythontex-files-source/py_default_default_296.stdout)
(./pythontex-files-source/py_default_default_297.stdout)
(./pythontex-files-source/py_default_default_298.stdout)
(./pythontex-files-source/py_default_default_299.stdout)
(./pythontex-files-source/py_default_default_306.stdout)
(./pythontex-files-source/py_default_default_307.stdout)
Underfull \hbox (badness 10000) in paragraph at lines 616--616

 []

File: ../python.png Graphic file (type png)
<use ../python.png>
Package pdftex.def Info: ../python.png  used on input line 616.
(pdftex.def)             Requested size: 100.37321pt x 100.37321pt.
[2

] [3

] [4

] (./pythontex-files-source/py_default_default_341.stdout)
(./pythontex-files-source/py_default_default_342.stdout)
(./pythontex-files-source/py_default_default_344.stdout)
(./pythontex-files-source/py_default_default_345.stdout)
(./pythontex-files-source/py_default_default_362.stdout) [1


]
(./pythontex-files-source/py_default_default_379.stdout)
(./pythontex-files-source/py_default_default_380.stdout)
(./pythontex-files-source/py_default_default_381.stdout)
(./pythontex-files-source/py_default_default_382.stdout)
(./pythontex-files-source/py_default_default_389.stdout)
(./pythontex-files-source/py_default_default_390.stdout)
Underfull \hbox (badness 10000) in paragraph at lines 616--616

 []


Underfull \hbox (badness 10000) in paragraph at lines 616--616

 []

File: ../python.png Graphic file (type png)
<use ../python.png>
Package pdftex.def Info: ../python.png  used on input line 616.
(pdftex.def)             Requested size: 100.37321pt x 100.37321pt.
[2

] [3

] [4

] (./pythontex-files-source/py_default_default_416.stdout)
(./pythontex-files-source/py_default_default_417.stdout)
(./pythontex-files-source/py_default_default_419.stdout)
(./pythontex-files-source/py_default_default_420.stdout)
(./pythontex-files-source/py_default_default_437.stdout) [1


]
(./pythontex-files-source/py_default_default_454.stdout)
(./pythontex-files-source/py_default_default_455.stdout)
(./pythontex-files-source/py_default_default_456.stdout)
(./pythontex-files-source/py_default_default_457.stdout)
(./pythontex-files-source/py_default_default_464.stdout)
(./pythontex-files-source/py_default_default_465.stdout)
Underfull \hbox (badness 10000) in paragraph at lines 616--616

 []


Underfull \hbox (badness 10000) in paragraph at lines 616--616

 []

File: ../python.png Graphic file (type png)
<use ../python.png>
Package pdftex.def Info: ../python.png  used on input line 616.
(pdftex.def)             Requested size: 100.37321pt x 100.37321pt.
[2

] [3

] [4

] (./pythontex-files-source/py_default_default_499.stdout)
(./pythontex-files-source/py_default_default_500.stdout)
(./pythontex-files-source/py_default_default_502.stdout)
(./pythontex-files-source/py_default_default_503.stdout)
(./pythontex-files-source/py_default_default_520.stdout) [1


]
(./pythontex-files-source/py_default_default_537.stdout)
(./pythontex-files-source/py_default_default_538.stdout)
(./pythontex-files-source/py_default_default_539.stdout)
(./pythontex-files-source/py_default_default_540.stdout)
(./pythontex-files-source/py_default_default_547.stdout)
(./pythontex-files-source/py_default_default_548.stdout)
Underfull \hbox (badness 10000) in paragraph at lines 616--616

 []

File: ../python.png Graphic file (type png)
<use ../python.png>
Package pdftex.def Info: ../python.png  used on input line 616.
(pdftex.def)             Requested size: 100.37321pt x 100.37321pt.
[2

] [3

] [4

] (./pythontex-files-source/py_default_default_581.stdout)
(./pythontex-files-source/py_default_default_582.stdout)
(./pythontex-files-source/py_default_default_584.stdout)
(./pythontex-files-source/py_default_default_585.stdout)
(./pythontex-files-source/py_default_default_602.stdout) [1


]
(./pythontex-files-source/py_default_default_619.stdout)
(./pythontex-files-source/py_default_default_620.stdout)
(./pythontex-files-source/py_default_default_621.stdout)
(./pythontex-files-source/py_default_default_622.stdout)
(./pythontex-files-source/py_default_default_629.stdout)
(./pythontex-files-source/py_default_default_630.stdout)
Underfull \hbox (badness 10000) in paragraph at lines 616--616

 []

File: ../python.png Graphic file (type png)
<use ../python.png>
Package pdftex.def Info: ../python.png  used on input line 616.
(pdftex.def)             Requested size: 100.37321pt x 100.37321pt.
[2

] [3

] [4

] (./pythontex-files-source/py_default_default_656.stdout)
(./pythontex-files-source/py_default_default_657.stdout)
(./pythontex-files-source/py_default_default_659.stdout)
(./pythontex-files-source/py_default_default_660.stdout)
(./pythontex-files-source/py_default_default_677.stdout) [1


]
(./pythontex-files-source/py_default_default_694.stdout)
(./pythontex-files-source/py_default_default_695.stdout)
(./pythontex-files-source/py_default_default_696.stdout)
(./pythontex-files-source/py_default_default_697.stdout)
(./pythontex-files-source/py_default_default_704.stdout)
(./pythontex-files-source/py_default_default_705.stdout)
Underfull \hbox (badness 10000) in paragraph at lines 616--616

 []


Underfull \hbox (badness 10000) in paragraph at lines 616--616

 []

File: ../python.png Graphic file (type png)
<use ../python.png>
Package pdftex.def Info: ../python.png  used on input line 616.
(pdftex.def)             Requested size: 100.37321pt x 100.37321pt.
[2

] [3

] [4

] (./pythontex-files-source/py_default_default_731.stdout)
(./pythontex-files-source/py_default_default_732.stdout)
(./pythontex-files-source/py_default_default_734.stdout)
(./pythontex-files-source/py_default_default_735.stdout)
(./pythontex-files-source/py_default_default_752.stdout) [1


]
(./pythontex-files-source/py_default_default_769.stdout)
(./pythontex-files-source/py_default_default_770.stdout)
(./pythontex-files-source/py_default_default_771.stdout)
(./pythontex-files-source/py_default_default_772.stdout)
(./pythontex-files-source/py_default_default_779.stdout)
(./pythontex-files-source/py_default_default_780.stdout)
Underfull \hbox (badness 10000) in paragraph at lines 616--616

 []


Underfull \hbox (badness 10000) in paragraph at lines 616--616

 []

File: ../python.png Graphic file (type png)
<use ../python.png>
Package pdftex.def Info: ../python.png  used on input line 616.
(pdftex.def)             Requested size: 100.37321pt x 100.37321pt.
[2

] [3

] [4

] (./pythontex-files-source/py_default_default_814.stdout)
(./pythontex-files-source/py_default_default_815.stdout)
(./pythontex-files-source/py_default_default_817.stdout)
(./pythontex-files-source/py_default_default_818.stdout)
(./pythontex-files-source/py_default_default_835.stdout) [1


]
(./pythontex-files-source/py_default_default_852.stdout)
(./pythontex-files-source/py_default_default_853.stdout)
(./pythontex-files-source/py_default_default_854.stdout)
(./pythontex-files-source/py_default_default_855.stdout)
(./pythontex-files-source/py_default_default_862.stdout)
(./pythontex-files-source/py_default_default_863.stdout)
Underfull \hbox (badness 10000) in paragraph at lines 616--616

 []

File: ../python.png Graphic file (type png)
<use ../python.png>
Package pdftex.def Info: ../python.png  used on input line 616.
(pdftex.def)             Requested size: 100.37321pt x 100.37321pt.
[2

] [3

] [4

] (./pythontex-files-source/py_default_default_897.stdout)
(./pythontex-files-source/py_default_default_898.stdout)
(./pythontex-files-source/py_default_default_900.stdout)
(./pythontex-files-source/py_default_default_901.stdout)
(./pythontex-files-source/py_default_default_918.stdout) [1


]
(./pythontex-files-source/py_default_default_935.stdout)
(./pythontex-files-source/py_default_default_936.stdout)
(./pythontex-files-source/py_default_default_937.stdout)
(./pythontex-files-source/py_default_default_938.stdout)
(./pythontex-files-source/py_default_default_945.stdout)
(./pythontex-files-source/py_default_default_946.stdout)
Underfull \hbox (badness 10000) in paragraph at lines 616--616

 []


Underfull \hbox (badness 10000) in paragraph at lines 616--616

 []

File: ../python.png Graphic file (type png)
<use ../python.png>
Package pdftex.def Info: ../python.png  used on input line 616.
(pdftex.def)             Requested size: 100.37321pt x 100.37321pt.
[2

] [3

] [4

] (./pythontex-files-source/py_default_default_972.stdout)
(./pythontex-files-source/py_default_default_973.stdout)
(./pythontex-files-source/py_default_default_975.stdout)
(./pythontex-files-source/py_default_default_976.stdout)
(./pythontex-files-source/py_default_default_993.stdout) [1


]
(./pythontex-files-source/py_default_default_1010.stdout)
(./pythontex-files-source/py_default_default_1011.stdout)
(./pythontex-files-source/py_default_default_1012.stdout)
(./pythontex-files-source/py_default_default_1013.stdout)
(./pythontex-files-source/py_default_default_1020.stdout)
(./pythontex-files-source/py_default_default_1021.stdout)
Underfull \hbox (badness 10000) in paragraph at lines 616--616

 []

File: ../python.png Graphic file (type png)
<use ../python.png>
Package pdftex.def Info: ../python.png  used on input line 616.
(pdftex.def)             Requested size: 100.37321pt x 100.37321pt.
[2

] [3

] [4

] (./pythontex-files-source/py_default_default_1054.stdout)
(./pythontex-files-source/py_default_default_1055.stdout)
(./pythontex-files-source/py_default_default_1057.stdout)
(./pythontex-files-source/py_default_default_1058.stdout)
(./pythontex-files-source/py_default_default_1075.stdout) [1


]
(./pythontex-files-source/py_default_default_1092.stdout)
(./pythontex-files-source/py_default_default_1093.stdout)
(./pythontex-files-source/py_default_default_1094.stdout)
(./pythontex-files-source/py_default_default_1095.stdout)
(./pythontex-files-source/py_default_default_1102.stdout)
(./pythontex-files-source/py_default_default_1103.stdout)
Underfull \hbox (badness 10000) in paragraph at lines 616--616

 []

File: ../python.png Graphic file (type png)
<use ../python.png>
Package pdftex.def Info: ../python.png  used on input line 616.
(pdftex.def)             Requested size: 100.37321pt x 100.37321pt.
[2

] [3

] [4

] (./pythontex-files-source/py_default_default_1136.stdout)
(./pythontex-files-source/py_default_default_1137.stdout)
(./pythontex-files-source/py_default_default_1139.stdout)
(./pythontex-files-source/py_default_default_1140.stdout)
(./pythontex-files-source/py_default_default_1157.stdout) [1


]
(./pythontex-files-source/py_default_default_1174.stdout)
(./pythontex-files-source/py_default_default_1175.stdout)
(./pythontex-files-source/py_default_default_1176.stdout)
(./pythontex-files-source/py_default_default_1177.stdout)
(./pythontex-files-source/py_default_default_1184.stdout)
(./pythontex-files-source/py_default_default_1185.stdout)
Underfull \hbox (badness 10000) in paragraph at lines 616--616

 []


Underfull \hbox (badness 10000) in paragraph at lines 616--616

 []

File: ../python.png Graphic file (type png)
<use ../python.png>
Package pdftex.def Info: ../python.png  used on input line 616.
(pdftex.def)             Requested size: 100.37321pt x 100.37321pt.
[2

] [3

] [4

] (./pythontex-files-source/py_default_default_1211.stdout)
(./pythontex-files-source/py_default_default_1212.stdout)
(./pythontex-files-source/py_default_default_1214.stdout)
(./pythontex-files-source/py_default_default_1215.stdout)
(./pythontex-files-source/py_default_default_1232.stdout) [1


]
(./pythontex-files-source/py_default_default_1249.stdout)
(./pythontex-files-source/py_default_default_1250.stdout)
(./pythontex-files-source/py_default_default_1251.stdout)
(./pythontex-files-source/py_default_default_1252.stdout)
(./pythontex-files-source/py_default_default_1259.stdout)
(./pythontex-files-source/py_default_default_1260.stdout)
Underfull \hbox (badness 10000) in paragraph at lines 616--616

 []


Underfull \hbox (badness 10000) in paragraph at lines 616--616

 []

File: ../python.png Graphic file (type png)
<use ../python.png>
Package pdftex.def Info: ../python.png  used on input line 616.
(pdftex.def)             Requested size: 100.37321pt x 100.37321pt.
[2

] [3

] [4

] (./pythontex-files-source/py_default_default_1294.stdout)
(./pythontex-files-source/py_default_default_1295.stdout)
(./pythontex-files-source/py_default_default_1297.stdout)
(./pythontex-files-source/py_default_default_1298.stdout)
(./pythontex-files-source/py_default_default_1315.stdout) [1


]
(./pythontex-files-source/py_default_default_1332.stdout)
(./pythontex-files-source/py_default_default_1333.stdout)
(./pythontex-files-source/py_default_default_1334.stdout)
(./pythontex-files-source/py_default_default_1335.stdout)
(./pythontex-files-source/py_default_default_1342.stdout)
(./pythontex-files-source/py_default_default_1343.stdout)
Underfull \hbox (badness 10000) in paragraph at lines 616--616

 []

File: ../python.png Graphic file (type png)
<use ../python.png>
Package pdftex.def Info: ../python.png  used on input line 616.
(pdftex.def)             Requested size: 100.37321pt x 100.37321pt.
[2

] [3

] [4

] (./pythontex-files-source/py_default_default_1369.stdout)
(./pythontex-files-source/py_default_default_1370.stdout)
(./pythontex-files-source/py_default_default_1372.stdout)
(./pythontex-files-source/py_default_default_1373.stdout)
(./pythontex-files-source/py_default_default_1390.stdout) [1


]
(./pythontex-files-source/py_default_default_1407.stdout)
(./pythontex-files-source/py_default_default_1408.stdout)
(./pythontex-files-source/py_default_default_1409.stdout)
(./pythontex-files-source/py_default_default_1410.stdout)
(./pythontex-files-source/py_default_default_1417.stdout)
(./pythontex-files-source/py_default_default_1418.stdout)
Underfull \hbox (badness 10000) in paragraph at lines 616--616

 []


Underfull \hbox (badness 10000) in paragraph at lines 616--616

 []

File: ../python.png Graphic file (type png)
<use ../python.png>
Package pdftex.def Info: ../python.png  used on input line 616.
(pdftex.def)             Requested size: 100.37321pt x 100.37321pt.
[2

] [3

] [4

] (./pythontex-files-source/py_default_default_1452.stdout)
(./pythontex-files-source/py_default_default_1453.stdout)
(./pythontex-files-source/py_default_default_1455.stdout)
(./pythontex-files-source/py_default_default_1456.stdout)
(./pythontex-files-source/py_default_default_1473.stdout) [1


]
(./pythontex-files-source/py_default_default_1490.stdout)
(./pythontex-files-source/py_default_default_1491.stdout)
(./pythontex-files-source/py_default_default_1492.stdout)
(./pythontex-files-source/py_default_default_1493.stdout)
(./pythontex-files-source/py_default_default_1500.stdout)
(./pythontex-files-source/py_default_default_1501.stdout)
Underfull \hbox (badness 10000) in paragraph at lines 616--616

 []


Underfull \hbox (badness 10000) in paragraph at lines 616--616

 []

File: ../python.png Graphic file (type png)
<use ../python.png>
Package pdftex.def Info: ../python.png  used on input line 616.
(pdftex.def)             Requested size: 100.37321pt x 100.37321pt.
[2

] [3

] [4

] (./pythontex-files-source/py_default_default_1527.stdout)
(./pythontex-files-source/py_default_default_1528.stdout)
(./pythontex-files-source/py_default_default_1530.stdout)
(./pythontex-files-source/py_default_default_1531.stdout)
(./pythontex-files-source/py_default_default_1548.stdout) [1


]
(./pythontex-files-source/py_default_default_1565.stdout)
(./pythontex-files-source/py_default_default_1566.stdout)
(./pythontex-files-source/py_default_default_1567.stdout)
(./pythontex-files-source/py_default_default_1568.stdout)
(./pythontex-files-source/py_default_default_1575.stdout)
(./pythontex-files-source/py_default_default_1576.stdout)
Underfull \hbox (badness 10000) in paragraph at lines 616--616

 []

File: ../python.png Graphic file (type png)
<use ../python.png>
Package pdftex.def Info: ../python.png  used on input line 616.
(pdftex.def)             Requested size: 100.37321pt x 100.37321pt.
[2

] [3

] [4

] (./pythontex-files-source/py_default_default_1609.stdout)
(./pythontex-files-source/py_default_default_1610.stdout)
(./pythontex-files-source/py_default_default_1612.stdout)
(./pythontex-files-source/py_default_default_1613.stdout)
(./pythontex-files-source/py_default_default_1630.stdout) [1


]
(./pythontex-files-source/py_default_default_1647.stdout)
(./pythontex-files-source/py_default_default_1648.stdout)
(./pythontex-files-source/py_default_default_1649.stdout)
(./pythontex-files-source/py_default_default_1650.stdout)
(./pythontex-files-source/py_default_default_1657.stdout)
(./pythontex-files-source/py_default_default_1658.stdout)
Underfull \hbox (badness 10000) in paragraph at lines 616--616

 []


Underfull \hbox (badness 10000) in paragraph at lines 616--616

 []

File: ../python.png Graphic file (type png)
<use ../python.png>
Package pdftex.def Info: ../python.png  used on input line 616.
(pdftex.def)             Requested size: 100.37321pt x 100.37321pt.
[2

] [3

] [4

] (./pythontex-files-source/py_default_default_1684.stdout)
(./pythontex-files-source/py_default_default_1685.stdout)
(./pythontex-files-source/py_default_default_1687.stdout)
(./pythontex-files-source/py_default_default_1688.stdout)
(./pythontex-files-source/py_default_default_1705.stdout) [1


]
(./pythontex-files-source/py_default_default_1722.stdout)
(./pythontex-files-source/py_default_default_1723.stdout)
(./pythontex-files-source/py_default_default_1724.stdout)
(./pythontex-files-source/py_default_default_1725.stdout)
(./pythontex-files-source/py_default_default_1732.stdout)
(./pythontex-files-source/py_default_default_1733.stdout)
Underfull \hbox (badness 10000) in paragraph at lines 616--616

 []

File: ../python.png Graphic file (type png)
<use ../python.png>
Package pdftex.def Info: ../python.png  used on input line 616.
(pdftex.def)             Requested size: 100.37321pt x 100.37321pt.
[2

] [3

] [4

] (./pythontex-files-source/py_default_default_1759.stdout)
(./pythontex-files-source/py_default_default_1760.stdout)
(./pythontex-files-source/py_default_default_1762.stdout)
(./pythontex-files-source/py_default_default_1763.stdout)
(./pythontex-files-source/py_default_default_1780.stdout) [1


]
(./pythontex-files-source/py_default_default_1797.stdout)
(./pythontex-files-source/py_default_default_1798.stdout)
(./pythontex-files-source/py_default_default_1799.stdout)
(./pythontex-files-source/py_default_default_1800.stdout)
(./pythontex-files-source/py_default_default_1807.stdout)
(./pythontex-files-source/py_default_default_1808.stdout)
Underfull \hbox (badness 10000) in paragraph at lines 616--616

 []

File: ../python.png Graphic file (type png)
<use ../python.png>
Package pdftex.def Info: ../python.png  used on input line 616.
(pdftex.def)             Requested size: 100.37321pt x 100.37321pt.
[2

] [3

] [4

] (./pythontex-files-source/py_default_default_1841.stdout)
(./pythontex-files-source/py_default_default_1842.stdout)
(./pythontex-files-source/py_default_default_1844.stdout)
(./pythontex-files-source/py_default_default_1845.stdout)
(./pythontex-files-source/py_default_default_1862.stdout) [1


]
(./pythontex-files-source/py_default_default_1879.stdout)
(./pythontex-files-source/py_default_default_1880.stdout)
(./pythontex-files-source/py_default_default_1881.stdout)
(./pythontex-files-source/py_default_default_1882.stdout)
(./pythontex-files-source/py_default_default_1889.stdout)
(./pythontex-files-source/py_default_default_1890.stdout)
Underfull \hbox (badness 10000) in paragraph at lines 616--616

 []

File: ../python.png Graphic file (type png)
<use ../python.png>
Package pdftex.def Info: ../python.png  used on input line 616.
(pdftex.def)             Requested size: 100.37321pt x 100.37321pt.
[2

] [3

] [4

] (./pythontex-files-source/py_default_default_1923.stdout)
(./pythontex-files-source/py_default_default_1924.stdout)
(./pythontex-files-source/py_default_default_1926.stdout)
(./pythontex-files-source/py_default_default_1927.stdout)
(./pythontex-files-source/py_default_default_1944.stdout) [1


]
(./pythontex-files-source/py_default_default_1961.stdout)
(./pythontex-files-source/py_default_default_1962.stdout)
(./pythontex-files-source/py_default_default_1963.stdout)
(./pythontex-files-source/py_default_default_1964.stdout)
(./pythontex-files-source/py_default_default_1971.stdout)
(./pythontex-files-source/py_default_default_1972.stdout)
Underfull \hbox (badness 10000) in paragraph at lines 616--616

 []

File: ../python.png Graphic file (type png)
<use ../python.png>
Package pdftex.def Info: ../python.png  used on input line 616.
(pdftex.def)             Requested size: 100.37321pt x 100.37321pt.
[2

] [3

] [4

] (./pythontex-files-source/py_default_default_1998.stdout)
(./pythontex-files-source/py_default_default_1999.stdout)
(./pythontex-files-source/py_default_default_2001.stdout)
(./pythontex-files-source/py_default_default_2002.stdout)
(./pythontex-files-source/py_default_default_2019.stdout) [1


]
(./pythontex-files-source/py_default_default_2036.stdout)
(./pythontex-files-source/py_default_default_2037.stdout)
(./pythontex-files-source/py_default_default_2038.stdout)
(./pythontex-files-source/py_default_default_2039.stdout)
(./pythontex-files-source/py_default_default_2046.stdout)
(./pythontex-files-source/py_default_default_2047.stdout)
Underfull \hbox (badness 10000) in paragraph at lines 616--616

 []


Underfull \hbox (badness 10000) in paragraph at lines 616--616

 []

File: ../python.png Graphic file (type png)
<use ../python.png>
Package pdftex.def Info: ../python.png  used on input line 616.
(pdftex.def)             Requested size: 100.37321pt x 100.37321pt.
[2

] [3

] [4

] (./pythontex-files-source/py_default_default_2073.stdout)
(./pythontex-files-source/py_default_default_2074.stdout)
(./pythontex-files-source/py_default_default_2076.stdout)
(./pythontex-files-source/py_default_default_2077.stdout)
(./pythontex-files-source/py_default_default_2094.stdout) [1


]
(./pythontex-files-source/py_default_default_2111.stdout)
(./pythontex-files-source/py_default_default_2112.stdout)
(./pythontex-files-source/py_default_default_2113.stdout)
(./pythontex-files-source/py_default_default_2114.stdout)
(./pythontex-files-source/py_default_default_2121.stdout)
(./pythontex-files-source/py_default_default_2122.stdout)
Underfull \hbox (badness 10000) in paragraph at lines 616--616

 []

File: ../python.png Graphic file (type png)
<use ../python.png>
Package pdftex.def Info: ../python.png  used on input line 616.
(pdftex.def)             Requested size: 100.37321pt x 100.37321pt.
[2

] [3

] [4

] (./pythontex-files-source/py_default_default_2155.stdout)
(./pythontex-files-source/py_default_default_2156.stdout)
(./pythontex-files-source/py_default_default_2158.stdout)
(./pythontex-files-source/py_default_default_2159.stdout)
(./pythontex-files-source/py_default_default_2176.stdout) [1


]
(./pythontex-files-source/py_default_default_2193.stdout)
(./pythontex-files-source/py_default_default_2194.stdout)
(./pythontex-files-source/py_default_default_2195.stdout)
(./pythontex-files-source/py_default_default_2196.stdout)
(./pythontex-files-source/py_default_default_2203.stdout)
(./pythontex-files-source/py_default_default_2204.stdout)
Underfull \hbox (badness 10000) in paragraph at lines 616--616

 []

File: ../python.png Graphic file (type png)
<use ../python.png>
Package pdftex.def Info: ../python.png  used on input line 616.
(pdftex.def)             Requested size: 100.37321pt x 100.37321pt.
[2

] [3

] [4

] (./pythontex-files-source/py_default_default_2238.stdout)
(./pythontex-files-source/py_default_default_2239.stdout)
(./pythontex-files-source/py_default_default_2241.stdout)
(./pythontex-files-source/py_default_default_2242.stdout)
(./pythontex-files-source/py_default_default_2259.stdout) [1


]
(./pythontex-files-source/py_default_default_2276.stdout)
(./pythontex-files-source/py_default_default_2277.stdout)
(./pythontex-files-source/py_default_default_2278.stdout)
(./pythontex-files-source/py_default_default_2279.stdout)
(./pythontex-files-source/py_default_default_2286.stdout)
(./pythontex-files-source/py_default_default_2287.stdout)
Underfull \hbox (badness 10000) in paragraph at lines 616--616

 []

File: ../python.png Graphic file (type png)
<use ../python.png>
Package pdftex.def Info: ../python.png  used on input line 616.
(pdftex.def)             Requested size: 100.37321pt x 100.37321pt.
[2

] [3

] [4

] (./pythontex-files-source/py_default_default_2321.stdout)
(./pythontex-files-source/py_default_default_2322.stdout)
(./pythontex-files-source/py_default_default_2324.stdout)
(./pythontex-files-source/py_default_default_2325.stdout)
(./pythontex-files-source/py_default_default_2342.stdout) [1


]
(./pythontex-files-source/py_default_default_2359.stdout)
(./pythontex-files-source/py_default_default_2360.stdout)
(./pythontex-files-source/py_default_default_2361.stdout)
(./pythontex-files-source/py_default_default_2362.stdout)
(./pythontex-files-source/py_default_default_2369.stdout)
(./pythontex-files-source/py_default_default_2370.stdout)
Underfull \hbox (badness 10000) in paragraph at lines 616--616

 []

File: ../python.png Graphic file (type png)
<use ../python.png>
Package pdftex.def Info: ../python.png  used on input line 616.
(pdftex.def)             Requested size: 100.37321pt x 100.37321pt.
[2

] [3

] [4

] (./pythontex-files-source/py_default_default_2396.stdout)
(./pythontex-files-source/py_default_default_2397.stdout)
(./pythontex-files-source/py_default_default_2399.stdout)
(./pythontex-files-source/py_default_default_2400.stdout)
(./pythontex-files-source/py_default_default_2417.stdout) [1


]
(./pythontex-files-source/py_default_default_2434.stdout)
(./pythontex-files-source/py_default_default_2435.stdout)
(./pythontex-files-source/py_default_default_2436.stdout)
(./pythontex-files-source/py_default_default_2437.stdout)
(./pythontex-files-source/py_default_default_2444.stdout)
(./pythontex-files-source/py_default_default_2445.stdout)
Underfull \hbox (badness 10000) in paragraph at lines 616--616

 []

File: ../python.png Graphic file (type png)
<use ../python.png>
Package pdftex.def Info: ../python.png  used on input line 616.
(pdftex.def)             Requested size: 100.37321pt x 100.37321pt.
[2

] [3

] [4

] (./source.aux) ) 
Here is how much of TeX's memory you used:
 18613 strings out of 480478
 419607 string characters out of 5905960
 645767 words of memory out of 5000000
 32236 multiletter control sequences out of 15000+600000
 539862 words of font info for 41 fonts, out of 8000000 for 9000
 1141 hyphenation exceptions out of 8191
 51i,23n,68p,823b,630s stack positions out of 5000i,500n,10000p,200000b,80000s
{/usr/share/texmf-dist/fonts/enc/dvips/cm-super/cm-super-t1.e
nc}</usr/share/texmf-dist/fonts/type1/public/amsfonts/cm/cmmi10.pfb></usr/share
/texmf-dist/fonts/type1/public/amsfonts/cm/cmr10.pfb></usr/share/texmf-dist/fon
ts/type1/public/amsfonts/cm/cmr17.pfb></usr/share/texmf-dist/fonts/type1/public
/amsfonts/cm/cmsy10.pfb></usr/share/texmf-dist/fonts/type1/public/amsfonts/latx
font/lcircle1.pfb></usr/share/texmf-dist/fonts/type1/public/cm-super/sfbx1000.p
fb></usr/share/texmf-dist/fonts/type1/public/cm-super/sfbx1200.pfb></usr/share/
texmf-dist/fonts/type1/public/cm-super/sfbx1440.pfb></usr/share/texmf-dist/font
s/type1/public/cm-super/sfcc1000.pfb></usr/share/texmf-dist/fonts/type1/public/
cm-super/sfrm1000.pfb></usr/share/texmf-dist/fonts/type1/public/cm-super/sfti10
00.pfb></usr/share/texmf-dist/fonts/type1/public/cm-super/sftt1000.pfb>
Output written on source.pdf (124 pages, 561139 bytes).
PDF statistics:
 456 PDF objects out of 1000 (max. 8388607)
 312 compressed objects within 4 object streams
 0 named destinations out of 1000 (max. 500000)
 6 words of extra memory for PDF output out of 10000 (max. 10000000)

