This is pdfTeX, Version 3.14159265-2.6-1.40.21 (TeX Live 2020/Arch Linux) (preloaded format=pdflatex 2020.11.5)  19 NOV 2020 18:24
entering extended mode
 \write18 enabled.
 %&-line parsing enabled.
**source.tex
(./source.tex
LaTeX2e <2020-02-02> patch level 5
L3 programming layer <2020-06-03>
(/usr/share/texmf-dist/tex/latex/base/article.cls
Document Class: article 2019/12/20 v1.4l Standard LaTeX document class
(/usr/share/texmf-dist/tex/latex/base/size10.clo
File: size10.clo 2019/12/20 v1.4l Standard LaTeX file (size option)
)
\c@part=\count167
\c@section=\count168
\c@subsection=\count169
\c@subsubsection=\count170
\c@paragraph=\count171
\c@subparagraph=\count172
\c@figure=\count173
\c@table=\count174
\abovecaptionskip=\skip47
\belowcaptionskip=\skip48
\bibindent=\dimen134
)
(/usr/share/texmf-dist/tex/latex/etex-pkg/etex.sty
Package: etex 2016/08/01 v2.7 eTeX basic definition package (PEB,DPC)
\et@xins=\count175
)
(/usr/share/texmf-dist/tex/latex/base/inputenc.sty
Package: inputenc 2018/08/11 v1.3c Input encoding file
\inpenc@prehook=\toks15
\inpenc@posthook=\toks16
)
(/usr/share/texmf-dist/tex/latex/base/fontenc.sty
Package: fontenc 2020/02/11 v2.0o Standard LaTeX package
)
(/usr/share/texmf-dist/tex/generic/babel/babel.sty
Package: babel 2020/05/13 3.44 The Babel package

(/usr/share/texmf-dist/tex/generic/babel/babel.def
File: babel.def 2020/05/13 3.44 Babel common definitions
\babel@savecnt=\count176
\U@D=\dimen135
\l@babelnohyphens=\language86

(/usr/share/texmf-dist/tex/generic/babel/txtbabel.def)
\bbl@readstream=\read2
)
\bbl@dirlevel=\count177

(/usr/share/texmf-dist/tex/generic/babel-french/french.ldf
Language: french 2020/04/18 v3.5h French support from the babel system
Package babel Info: \l@acadian = using hyphenrules for french
(babel)             (\language28) on input line 91.
Package babel Info: \l@canadien = using hyphenrules for french
(babel)             (\language28) on input line 92.
\FB@nonchar=\count178
Package babel Info: Making : an active character on input line 421.
Package babel Info: Making ; an active character on input line 422.
Package babel Info: Making ! an active character on input line 423.
Package babel Info: Making ? an active character on input line 424.
\FBguill@level=\count179
\FBold@everypar=\toks17
\FB@Mht=\dimen136
\mc@charclass=\count180
\mc@charfam=\count181
\mc@charslot=\count182
\std@mcc=\count183
\dec@mcc=\count184
\c@FBcaption@count=\count185
\listindentFB=\dimen137
\descindentFB=\dimen138
\labelindentFB=\dimen139
\labelwidthFB=\dimen140
\leftmarginFB=\dimen141
\parindentFFN=\dimen142
\FBfnindent=\dimen143
))
(/usr/share/texmf-dist/tex/latex/carlisle/scalefnt.sty)
(/usr/share/texmf-dist/tex/latex/graphics/keyval.sty
Package: keyval 2014/10/28 v1.15 key=value parser (DPC)
\KV@toks@=\toks18
)
(/usr/share/texmf/tex/latex/AMC/automultiplechoice.sty
AMC version: 2018/12/29 v1.4.0 r:c6041a1
Package: automultiplechoice 2018/12/29 v1.4.0 r:c6041a1
(/usr/share/texmf-dist/tex/latex/xcolor/xcolor.sty
Package: xcolor 2016/05/11 v2.12 LaTeX color extensions (UK)

(/usr/share/texmf-dist/tex/latex/graphics-cfg/color.cfg
File: color.cfg 2016/01/02 v1.6 sample color configuration
)
Package xcolor Info: Driver file: pdftex.def on input line 225.

(/usr/share/texmf-dist/tex/latex/graphics-def/pdftex.def
File: pdftex.def 2018/01/08 v1.0l Graphics/color driver for pdftex
)
Package xcolor Info: Model `cmy' substituted by `cmy0' on input line 1348.
Package xcolor Info: Model `hsb' substituted by `rgb' on input line 1352.
Package xcolor Info: Model `RGB' extended on input line 1364.
Package xcolor Info: Model `HTML' substituted by `rgb' on input line 1366.
Package xcolor Info: Model `Hsb' substituted by `hsb' on input line 1367.
Package xcolor Info: Model `tHsb' substituted by `hsb' on input line 1368.
Package xcolor Info: Model `HSB' substituted by `hsb' on input line 1369.
Package xcolor Info: Model `Gray' substituted by `gray' on input line 1370.
Package xcolor Info: Model `wave' substituted by `hsb' on input line 1371.
)
(/usr/share/texmf-dist/tex/latex/fancyhdr/fancyhdr.sty
Package: fancyhdr 2019/01/31 v3.10 Extensive control of page headers and footer
s
\f@nch@headwidth=\skip49
\f@nch@O@elh=\skip50
\f@nch@O@erh=\skip51
\f@nch@O@olh=\skip52
\f@nch@O@orh=\skip53
\f@nch@O@elf=\skip54
\f@nch@O@erf=\skip55
\f@nch@O@olf=\skip56
\f@nch@O@orf=\skip57
)
(/usr/share/texmf-dist/tex/latex/bophook/bophook.sty
Package: bophook 2001/03/29 v0.02 beginning-of-page hook, K. Tinnefeld
)
(/usr/share/texmf-dist/tex/latex/xkeyval/xkeyval.sty
Package: xkeyval 2014/12/03 v2.7a package option processing (HA)

(/usr/share/texmf-dist/tex/generic/xkeyval/xkeyval.tex
(/usr/share/texmf-dist/tex/generic/xkeyval/xkvutils.tex
\XKV@toks=\toks19
\XKV@tempa@toks=\toks20
)
\XKV@depth=\count186
File: xkeyval.tex 2014/12/03 v2.7a key=value parser (HA)
))
(/usr/share/texmf-dist/tex/latex/graphics/rotating.sty
Package: rotating 2016/08/11 v2.16d rotated objects in LaTeX

(/usr/share/texmf-dist/tex/latex/graphics/graphicx.sty
Package: graphicx 2019/11/30 v1.2a Enhanced LaTeX Graphics (DPC,SPQR)

(/usr/share/texmf-dist/tex/latex/graphics/graphics.sty
Package: graphics 2019/11/30 v1.4a Standard LaTeX Graphics (DPC,SPQR)

(/usr/share/texmf-dist/tex/latex/graphics/trig.sty
Package: trig 2016/01/03 v1.10 sin cos tan (DPC)
)
(/usr/share/texmf-dist/tex/latex/graphics-cfg/graphics.cfg
File: graphics.cfg 2016/06/04 v1.11 sample graphics configuration
)
Package graphics Info: Driver file: pdftex.def on input line 105.
)
\Gin@req@height=\dimen144
\Gin@req@width=\dimen145
)
(/usr/share/texmf-dist/tex/latex/base/ifthen.sty
Package: ifthen 2014/09/29 v1.1c Standard LaTeX ifthen package (DPC)
)
\c@r@tfl@t=\count187
\rotFPtop=\skip58
\rotFPbot=\skip59
\rot@float@box=\box45
\rot@mess@toks=\toks21
)
(/usr/share/texmf-dist/tex/latex/fancybox/fancybox.sty
Package: fancybox 2010/05/15 1.4

Style option: `fancybox' v1.4 <2010/05/15> (tvz)
\@fancybox=\box46
\shadowsize=\dimen146
\@Sbox=\box47
\do@VerbBox=\toks22
\the@fancyput=\toks23
\this@fancyput=\toks24
\EndVerbatimTokens=\toks25
\Verbatim@Outfile=\write3
\Verbatim@Infile=\read3
) (/usr/share/texmf-dist/tex/latex/l3kernel/expl3.sty
Package: expl3 2020-06-03 L3 programming layer (loader) 

(/usr/share/texmf-dist/tex/latex/l3backend/l3backend-pdfmode.def
File: l3backend-pdfmode.def 2020-06-03 L3 backend support: PDF mode
\l__kernel_color_stack_int=\count188
\l__pdf_internal_box=\box48
))
\AMC@logfile=\write4
\AMCload@counter=\count189
\AMCid@quest=\count190
\AMCid@check=\count191
\AMCid@etud=\count192
\AMCid@etudstart=\count193
\AMCid@etudfin=\count194
\AMCnum@copies=\count195
\AMCformVSpace=\dimen147
\AMCformHSpace=\dimen148
\AMCinterIrep=\dimen149
\AMCinterBrep=\dimen150
\AMCinterIquest=\dimen151
\AMCinterBquest=\dimen152
\AMCpostOquest=\dimen153
\AMCids@width=\dimen154
\AMCids@height=\dimen155
\AMC@SR=\count196
\AMC@SR@count=\count197
\AMC@SRnum=\count198
\AMC@sti=\count199
Normal \count register pool exhausted, switching to extended pool.
\AMC@stil=\count277
\AMCsw@p@=\toks26
\AMC@numerotation=\count278
\AMC@XYspecial=\write5
\AMC@tmpXY=\write6
\AMC@smashbox=\box49
\AMC@smashboxheight=\dimen156
\c@AMC@ncase=\count279
\AMC@boxedrule=\skip60
\AMC@crossrule=\skip61
\AMC@boxeddown=\skip62
\AMC@boxedwidth=\skip63
\AMC@boxedheight=\skip64
\AMC@oval@radius=\skip65
\AMC@outside@sep=\skip66
\AMC@CBtaille=\skip67
\AMCbin@sequence=\toks27
\AMCbin@number=\count280
\AMCbin@ndigits=\count281
\AMCbin@id=\count282
\AMCbin@digit=\count283
\AMCtok@k=\count284
\AMCtok@max=\count285
\AMCtok@size=\count286
\AMC@imax=\count287
\AMCtok@ik=\count288
\AMCloop@k=\count289
\AMCrep@count=\count290
\reponse@cxcix=\toks28
\reponse@cxcviii=\toks29
\reponse@cxcvii=\toks30
\reponse@cxcvi=\toks31
\reponse@cxcv=\toks32
\reponse@cxciv=\toks33
\reponse@cxciii=\toks34
\reponse@cxcii=\toks35
\reponse@cxci=\toks36
\reponse@cxc=\toks37
\reponse@clxxxix=\toks38
\reponse@clxxxviii=\toks39
\reponse@clxxxvii=\toks40
\reponse@clxxxvi=\toks41
\reponse@clxxxv=\toks42
\reponse@clxxxiv=\toks43
\reponse@clxxxiii=\toks44
\reponse@clxxxii=\toks45
\reponse@clxxxi=\toks46
\reponse@clxxx=\toks47
\reponse@clxxix=\toks48
\reponse@clxxviii=\toks49
\reponse@clxxvii=\toks50
\reponse@clxxvi=\toks51
\reponse@clxxv=\toks52
\reponse@clxxiv=\toks53
\reponse@clxxiii=\toks54
\reponse@clxxii=\toks55
\reponse@clxxi=\toks56
\reponse@clxx=\toks57
\reponse@clxix=\toks58
\reponse@clxviii=\toks59
\reponse@clxvii=\toks60
\reponse@clxvi=\toks61
\reponse@clxv=\toks62
\reponse@clxiv=\toks63
\reponse@clxiii=\toks64
\reponse@clxii=\toks65
\reponse@clxi=\toks66
\reponse@clx=\toks67
\reponse@clix=\toks68
\reponse@clviii=\toks69
\reponse@clvii=\toks70
\reponse@clvi=\toks71
\reponse@clv=\toks72
\reponse@cliv=\toks73
\reponse@cliii=\toks74
\reponse@clii=\toks75
\reponse@cli=\toks76
\reponse@cl=\toks77
\reponse@cxlix=\toks78
\reponse@cxlviii=\toks79
\reponse@cxlvii=\toks80
\reponse@cxlvi=\toks81
\reponse@cxlv=\toks82
\reponse@cxliv=\toks83
\reponse@cxliii=\toks84
\reponse@cxlii=\toks85
\reponse@cxli=\toks86
\reponse@cxl=\toks87
\reponse@cxxxix=\toks88
\reponse@cxxxviii=\toks89
\reponse@cxxxvii=\toks90
\reponse@cxxxvi=\toks91
\reponse@cxxxv=\toks92
\reponse@cxxxiv=\toks93
\reponse@cxxxiii=\toks94
\reponse@cxxxii=\toks95
\reponse@cxxxi=\toks96
\reponse@cxxx=\toks97
\reponse@cxxix=\toks98
\reponse@cxxviii=\toks99
\reponse@cxxvii=\toks100
\reponse@cxxvi=\toks101
\reponse@cxxv=\toks102
\reponse@cxxiv=\toks103
\reponse@cxxiii=\toks104
\reponse@cxxii=\toks105
\reponse@cxxi=\toks106
\reponse@cxx=\toks107
\reponse@cxix=\toks108
\reponse@cxviii=\toks109
\reponse@cxvii=\toks110
\reponse@cxvi=\toks111
\reponse@cxv=\toks112
\reponse@cxiv=\toks113
\reponse@cxiii=\toks114
\reponse@cxii=\toks115
\reponse@cxi=\toks116
\reponse@cx=\toks117
\reponse@cix=\toks118
\reponse@cviii=\toks119
\reponse@cvii=\toks120
\reponse@cvi=\toks121
\reponse@cv=\toks122
\reponse@civ=\toks123
\reponse@ciii=\toks124
\reponse@cii=\toks125
\reponse@ci=\toks126
\reponse@c=\toks127
\reponse@xcix=\toks128
\reponse@xcviii=\toks129
\reponse@xcvii=\toks130
\reponse@xcvi=\toks131
\reponse@xcv=\toks132
\reponse@xciv=\toks133
\reponse@xciii=\toks134
\reponse@xcii=\toks135
\reponse@xci=\toks136
\reponse@xc=\toks137
\reponse@lxxxix=\toks138
\reponse@lxxxviii=\toks139
\reponse@lxxxvii=\toks140
\reponse@lxxxvi=\toks141
\reponse@lxxxv=\toks142
\reponse@lxxxiv=\toks143
\reponse@lxxxiii=\toks144
\reponse@lxxxii=\toks145
\reponse@lxxxi=\toks146
\reponse@lxxx=\toks147
\reponse@lxxix=\toks148
\reponse@lxxviii=\toks149
\reponse@lxxvii=\toks150
\reponse@lxxvi=\toks151
\reponse@lxxv=\toks152
\reponse@lxxiv=\toks153
\reponse@lxxiii=\toks154
\reponse@lxxii=\toks155
\reponse@lxxi=\toks156
\reponse@lxx=\toks157
\reponse@lxix=\toks158
\reponse@lxviii=\toks159
\reponse@lxvii=\toks160
\reponse@lxvi=\toks161
\reponse@lxv=\toks162
\reponse@lxiv=\toks163
\reponse@lxiii=\toks164
\reponse@lxii=\toks165
\reponse@lxi=\toks166
\reponse@lx=\toks167
\reponse@lix=\toks168
\reponse@lviii=\toks169
\reponse@lvii=\toks170
\reponse@lvi=\toks171
\reponse@lv=\toks172
\reponse@liv=\toks173
\reponse@liii=\toks174
\reponse@lii=\toks175
\reponse@li=\toks176
\reponse@l=\toks177
\reponse@xlix=\toks178
\reponse@xlviii=\toks179
\reponse@xlvii=\toks180
\reponse@xlvi=\toks181
\reponse@xlv=\toks182
\reponse@xliv=\toks183
\reponse@xliii=\toks184
\reponse@xlii=\toks185
\reponse@xli=\toks186
\reponse@xl=\toks187
\reponse@xxxix=\toks188
\reponse@xxxviii=\toks189
\reponse@xxxvii=\toks190
\reponse@xxxvi=\toks191
\reponse@xxxv=\toks192
\reponse@xxxiv=\toks193
\reponse@xxxiii=\toks194
\reponse@xxxii=\toks195
\reponse@xxxi=\toks196
\reponse@xxx=\toks197
\reponse@xxix=\toks198
\reponse@xxviii=\toks199
\reponse@xxvii=\toks200
\reponse@xxvi=\toks201
\reponse@xxv=\toks202
\reponse@xxiv=\toks203
\reponse@xxiii=\toks204
\reponse@xxii=\toks205
\reponse@xxi=\toks206
\reponse@xx=\toks207
\reponse@xix=\toks208
\reponse@xviii=\toks209
\reponse@xvii=\toks210
\reponse@xvi=\toks211
\reponse@xv=\toks212
\reponse@xiv=\toks213
\reponse@xiii=\toks214
\reponse@xii=\toks215
\reponse@xi=\toks216
\reponse@x=\toks217
\reponse@ix=\toks218
\reponse@viii=\toks219
\reponse@vii=\toks220
\reponse@vi=\toks221
\reponse@v=\toks222
\reponse@iv=\toks223
\reponse@iii=\toks224
\reponse@ii=\toks225
\reponse@i=\toks226
\AMCnum@questions=\count291
\AMCrep@@count=\count292
\amc_memory_elts_count=\count293
\AMChorizAnswerSep=\skip68
\AMChorizBoxSep=\skip69
\AMC@mn@test=\skip70
\AMC@mn@sep=\skip71
\AMC@mn@leftmargin=\skip72
\AMC@mn@rightmargin=\skip73
\AMC@sz@width=\skip74
\AMC@sz@height=\skip75
\AMC@sz@depth=\skip76
\AMC@sza@width=\skip77
\AMC@sza@height=\skip78
\AMC@sza@depth=\skip79
\c@AMCquestionaff=\count294
\ouverte@vs=\dimen157
\AMC@chiffres=\count295
\AMCcodeHspace=\dimen158
\AMCcodeVspace=\dimen159
\amc_code_digit_n_int=\count296
\amc_num_exponent_int=\count297
\amc_todigits_int=\count298
\AMCnumeric@Hspace=\dimen160
\AMCnumeric@Vspace=\dimen161
\amc_num_ndigits_int=\count299
\amc_num_decd_int=\count300
\amc_num_expo_int=\count301
\amc_num_base_int=\count302
\amc_num_exact_int=\count303
\amc_num_approx_int=\count304
\amc_num_first_digit_int=\count305
\amc_num_digit_int=\count306
\amc_num_correct_expo_int=\count307
\AMCopen@Hspace=\dimen162
\AMCopen@LineHeight=\dimen163
\AMCopen@Lines=\count308
\AMCopen@boxmargin=\dimen164
\AMCopen@boxframerule=\dimen165
\AMCopen@framerule=\dimen166
\AMC@addpages=\count309

(/usr/share/texmf-dist/tex/latex/environ/environ.sty
Package: environ 2014/05/04 v0.3 A new way to define environments

(/usr/share/texmf-dist/tex/latex/trimspaces/trimspaces.sty
Package: trimspaces 2009/09/17 v1.1 Trim spaces around a token list
)
\@envbody=\toks227
)
(/usr/share/texmf-dist/tex/latex/geometry/geometry.sty
Package: geometry 2020/01/02 v5.9 Page Geometry

(/usr/share/texmf-dist/tex/generic/iftex/ifvtex.sty
Package: ifvtex 2019/10/25 v1.7 ifvtex legacy package. Use iftex instead.

(/usr/share/texmf-dist/tex/generic/iftex/iftex.sty
Package: iftex 2020/03/06 v1.0d TeX engine tests
))
\Gm@cnth=\count310
\Gm@cntv=\count311
\c@Gm@tempcnt=\count312
\Gm@bindingoffset=\dimen167
\Gm@wd@mp=\dimen168
\Gm@odd@mp=\dimen169
\Gm@even@mp=\dimen170
\Gm@layoutwidth=\dimen171
\Gm@layoutheight=\dimen172
\Gm@layouthoffset=\dimen173
\Gm@layoutvoffset=\dimen174
\Gm@dimlist=\toks228
))
(/usr/share/texmf-dist/tex/latex/amsfonts/amssymb.sty
Package: amssymb 2013/01/14 v3.01 AMS font symbols

(/usr/share/texmf-dist/tex/latex/amsfonts/amsfonts.sty
Package: amsfonts 2013/01/14 v3.01 Basic AMSFonts support
\@emptytoks=\toks229
\symAMSa=\mathgroup4
\symAMSb=\mathgroup5
LaTeX Font Info:    Redeclaring math symbol \hbar on input line 98.
LaTeX Font Info:    Overwriting math alphabet `\mathfrak' in version `bold'
(Font)                  U/euf/m/n --> U/euf/b/n on input line 106.
))
(/usr/share/texmf-dist/tex/latex/amsmath/amsmath.sty
Package: amsmath 2020/01/20 v2.17e AMS math features
\@mathmargin=\skip80

For additional information on amsmath, use the `?' option.
(/usr/share/texmf-dist/tex/latex/amsmath/amstext.sty
Package: amstext 2000/06/29 v2.01 AMS text

(/usr/share/texmf-dist/tex/latex/amsmath/amsgen.sty
File: amsgen.sty 1999/11/30 v2.0 generic functions
\@emptytoks=\toks230
\ex@=\dimen175
))
(/usr/share/texmf-dist/tex/latex/amsmath/amsbsy.sty
Package: amsbsy 1999/11/29 v1.2d Bold Symbols
\pmbraise@=\dimen176
)
(/usr/share/texmf-dist/tex/latex/amsmath/amsopn.sty
Package: amsopn 2016/03/08 v2.02 operator names
)
\inf@bad=\count313
LaTeX Info: Redefining \frac on input line 227.
\uproot@=\count314
\leftroot@=\count315
LaTeX Info: Redefining \overline on input line 389.
\classnum@=\count316
\DOTSCASE@=\count317
LaTeX Info: Redefining \ldots on input line 486.
LaTeX Info: Redefining \dots on input line 489.
LaTeX Info: Redefining \cdots on input line 610.
\Mathstrutbox@=\box50
\strutbox@=\box51
\big@size=\dimen177
LaTeX Font Info:    Redeclaring font encoding OML on input line 733.
LaTeX Font Info:    Redeclaring font encoding OMS on input line 734.
\macc@depth=\count318
\c@MaxMatrixCols=\count319
\dotsspace@=\muskip16
\c@parentequation=\count320
\dspbrk@lvl=\count321
\tag@help=\toks231
\row@=\count322
\column@=\count323
\maxfields@=\count324
\andhelp@=\toks232
\eqnshift@=\dimen178
\alignsep@=\dimen179
\tagshift@=\dimen180
\tagwidth@=\dimen181
\totwidth@=\dimen182
\lineht@=\dimen183
\@envbody=\toks233
\multlinegap=\skip81
\multlinetaggap=\skip82
\mathdisplay@stack=\toks234
LaTeX Info: Redefining \[ on input line 2859.
LaTeX Info: Redefining \] on input line 2860.
)
(/usr/share/texmf-dist/tex/latex/nopageno/nopageno.sty
Package: nopageno 1989/01/01 no page numbers (DPC)
)
! Undefined control sequence.
<recently read> \usetikzlibrary 
                                
l.30 \usetikzlibrary
                    {arrows}
The control sequence at the end of the top line
of your error message was never \def'ed. If you have
misspelled it (e.g., `\hobx'), type `I' and the correct
spelling (e.g., `I\hbox'). Otherwise just continue,
and I'll forget about whatever was undefined.


! LaTeX Error: Missing \begin{document}.

See the LaTeX manual or LaTeX Companion for explanation.
Type  H <return>  for immediate help.
 ...                                              
                                                  
l.30 \usetikzlibrary{a
                      rrows}
You're in trouble here.  Try typing  <return>  to proceed.
If that doesn't work, type  X <return>  to quit.

(/usr/share/texmf-dist/tex/latex/tools/tabularx.sty
Package: tabularx 2020/01/15 v2.11c `tabularx' package (DPC)

(/usr/share/texmf-dist/tex/latex/tools/array.sty
Package: array 2019/08/31 v2.4l Tabular extension package (FMi)
\col@sep=\dimen184
\ar@mcellbox=\box52
\extrarowheight=\dimen185
\NC@list=\toks235
\extratabsurround=\skip83
\backup@length=\skip84
\ar@cellbox=\box53
)
\TX@col@width=\dimen186
\TX@old@table=\dimen187
\TX@old@col=\dimen188
\TX@target=\dimen189
\TX@delta=\dimen190
\TX@cols=\count325
\TX@ftn=\toks236
)
(/usr/share/texmf-dist/tex/latex/pythontex/pythontex.sty
Package: pythontex 2019/09/22 v0.17 execute and typeset Python code and other l
anguages

(/usr/share/texmf-dist/tex/latex/fvextra/fvextra.sty
Package: fvextra 2019/02/04 v1.4 fvextra - extensions and patches for fancyvrb

(/usr/share/texmf-dist/tex/latex/etoolbox/etoolbox.sty
Package: etoolbox 2019/09/21 v2.5h e-TeX tools for LaTeX (JAW)
\etb@tempcnta=\count326
)
(/usr/share/texmf-dist/tex/latex/fancyvrb/fancyvrb.sty
Package: fancyvrb 2020/05/03 v3.6 verbatim text (tvz,hv)
\FV@CodeLineNo=\count327
\FV@InFile=\read4
\FV@TabBox=\box54
\c@FancyVerbLine=\count328
\FV@StepNumber=\count329
\FV@OutFile=\write7
LaTeX Info: Redefining \UseVerb on input line 1216.
)
(/usr/share/texmf-dist/tex/latex/upquote/upquote.sty
Package: upquote 2012/04/19 v1.3 upright-quote and grave-accent glyphs in verba
tim

(/usr/share/texmf-dist/tex/latex/base/textcomp.sty
Package: textcomp 2020/02/02 v2.0n Standard LaTeX package
))
(/usr/share/texmf-dist/tex/latex/lineno/lineno.sty
Package: lineno 2005/11/02 line numbers on paragraphs v4.41
\linenopenalty=\count330
\output=\toks237
\linenoprevgraf=\count331
\linenumbersep=\dimen191
\linenumberwidth=\dimen192
\c@linenumber=\count332
\c@pagewiselinenumber=\count333
\c@LN@truepage=\count334
\c@internallinenumber=\count335
\c@internallinenumbers=\count336
\quotelinenumbersep=\dimen193
\bframerule=\dimen194
\bframesep=\dimen195
\bframebox=\box55
LaTeX Info: Redefining \\ on input line 3056.
)
\c@FV@TrueTabGroupLevel=\count337
\c@FV@TrueTabCounter=\count338
\FV@TabBox@Group=\box56
\FV@TmpLength=\skip85
\c@FV@HighlightLinesStart=\count339
\c@FV@HighlightLinesStop=\count340
\FV@LoopCount=\count341
\FV@NCharsBox=\box57
\FV@BreakIndent=\dimen196
\FV@BreakIndentNChars=\count342
\FV@BreakSymbolSepLeft=\dimen197
\FV@BreakSymbolSepLeftNChars=\count343
\FV@BreakSymbolSepRight=\dimen198
\FV@BreakSymbolSepRightNChars=\count344
\FV@BreakSymbolIndentLeft=\dimen199
\FV@BreakSymbolIndentLeftNChars=\count345
Normal \dimen register pool exhausted, switching to extended pool.
\FV@BreakSymbolIndentRight=\dimen256
\FV@BreakSymbolIndentRightNChars=\count346
\c@FancyVerbLineBreakLast=\count347
\FV@LineBox=\box58
\FV@LineIndentBox=\box59
\FV@LineWidth=\dimen257
)
(/usr/share/texmf-dist/tex/generic/xstring/xstring.sty
(/usr/share/texmf-dist/tex/generic/xstring/xstring.tex
\integerpart=\count348
\decimalpart=\count349
)
Package: xstring 2019/02/06 v1.83 String manipulations (CT)
)
(/usr/share/texmf/tex/latex/pgfopts/pgfopts.sty
Package: pgfopts 2014/07/10 v2.1a LaTeX package options with pgfkeys

(/usr/share/texmf-dist/tex/latex/pgf/utilities/pgfkeys.sty
(/usr/share/texmf-dist/tex/generic/pgf/utilities/pgfkeys.code.tex
\pgfkeys@pathtoks=\toks238
\pgfkeys@temptoks=\toks239

(/usr/share/texmf-dist/tex/generic/pgf/utilities/pgfkeysfiltered.code.tex
\pgfkeys@tmptoks=\toks240
)))
\pgfopts@list@add@a@toks=\toks241
\pgfopts@list@add@b@toks=\toks242
)
(/usr/share/texmf-dist/tex/latex/newfloat/newfloat.sty
Package: newfloat 2019/09/02 v1.1l Defining new floating environments (AR)
Package newfloat Info: `rotating' package detected.
)
(/usr/share/texmf-dist/tex/latex/currfile/currfile.sty
Package: currfile 2015/04/23 v0.7c Provides the file path elements of the curre
nt input file

(/usr/share/texmf-dist/tex/latex/kvoptions/kvoptions.sty
Package: kvoptions 2019/11/29 v3.13 Key value format for package options (HO)

(/usr/share/texmf-dist/tex/generic/ltxcmds/ltxcmds.sty
Package: ltxcmds 2019/12/15 v1.24 LaTeX kernel commands for general use (HO)
)
(/usr/share/texmf-dist/tex/generic/kvsetkeys/kvsetkeys.sty
Package: kvsetkeys 2019/12/15 v1.18 Key value parser (HO)
))
(/usr/share/texmf-dist/tex/latex/filehook/filehook.sty
Package: filehook 2020/02/03 v0.7 Hooks for input files
)
\c@currfiledepth=\count350
)
\pytx@codefile=\write8
\c@pytx@FancyVerbLineTemp=\count351
\c@pytx@py@default@default=\count352
\c@pytx@pycon@default@default=\count353
\c@pytx@sympy@default@default=\count354
\c@pytx@sympycon@default@default=\count355
\c@pytx@pylab@default@default=\count356
\c@pytx@pylabcon@default@default=\count357
)
(/usr/share/texmf-dist/tex/latex/csvsimple/csvsimple.sty
Package: csvsimple 2019/04/09 version 1.21 LaTeX CSV file processing

(/usr/share/texmf-dist/tex/latex/pgf/utilities/pgfrcs.sty
(/usr/share/texmf-dist/tex/generic/pgf/utilities/pgfutil-common.tex
\pgfutil@everybye=\toks243
\pgfutil@tempdima=\dimen258
\pgfutil@tempdimb=\dimen259

(/usr/share/texmf-dist/tex/generic/pgf/utilities/pgfutil-common-lists.tex))
(/usr/share/texmf-dist/tex/generic/pgf/utilities/pgfutil-latex.def
\pgfutil@abb=\box60

(/usr/share/texmf-dist/tex/latex/ms/everyshi.sty
Package: everyshi 2001/05/15 v3.00 EveryShipout Package (MS)
))
(/usr/share/texmf-dist/tex/generic/pgf/utilities/pgfrcs.code.tex
(/usr/share/texmf-dist/tex/generic/pgf/pgf.revision.tex)
Package: pgfrcs 2020/01/08 v3.1.5b (3.1.5b)
))
(/usr/share/texmf-dist/tex/latex/tools/shellesc.sty
Package: shellesc 2019/11/08 v1.0c unified shell escape interface for LaTeX
Package shellesc Info: Unrestricted shell escape enabled on input line 75.
)
\csv@file=\read5
\c@csvinputline=\count358
\c@csvrow=\count359
\c@csvcol=\count360
\csv@out=\write9
)
\c@pytx@py@default@default@line=\count361
\test@k=\count362
\AMCtest@j=\count363
\test@i=\toks244
\qqs@k=\count364
\AMCqqs@j=\count365
\qqs@i=\toks245
\qqs@ii=\toks246
\qqs@iii=\toks247
\qqs@iv=\toks248
 (./source.aux)
LaTeX Font Info:    Checking defaults for OML/cmm/m/it on input line 334.
LaTeX Font Info:    ... okay on input line 334.
LaTeX Font Info:    Checking defaults for OMS/cmsy/m/n on input line 334.
LaTeX Font Info:    ... okay on input line 334.
LaTeX Font Info:    Checking defaults for OT1/cmr/m/n on input line 334.
LaTeX Font Info:    ... okay on input line 334.
LaTeX Font Info:    Checking defaults for T1/cmr/m/n on input line 334.
LaTeX Font Info:    ... okay on input line 334.
LaTeX Font Info:    Checking defaults for TS1/cmr/m/n on input line 334.
LaTeX Font Info:    ... okay on input line 334.
LaTeX Font Info:    Checking defaults for OMX/cmex/m/n on input line 334.
LaTeX Font Info:    ... okay on input line 334.
LaTeX Font Info:    Checking defaults for U/cmr/m/n on input line 334.
LaTeX Font Info:    ... okay on input line 334.
LaTeX Info: Redefining \degres on input line 334.
LaTeX Info: Redefining \dots on input line 334.
LaTeX Info: Redefining \up on input line 334.

(/usr/share/texmf-dist/tex/context/base/mkii/supp-pdf.mkii
[Loading MPS to PDF converter (version 2006.09.02).]
\scratchcounter=\count366
\scratchdimen=\dimen260
\scratchbox=\box61
\nofMPsegments=\count367
\nofMParguments=\count368
\everyMPshowfont=\toks249
\MPscratchCnt=\count369
\MPscratchDim=\dimen261
\MPnumerator=\count370
\makeMPintoPDFobject=\count371
\everyMPtoPDFconversion=\toks250
) (/usr/share/texmf-dist/tex/latex/epstopdf-pkg/epstopdf-base.sty
Package: epstopdf-base 2020-01-24 v2.11 Base part for package epstopdf
Package epstopdf-base Info: Redefining graphics rule for `.eps' on input line 4
85.

(/usr/share/texmf-dist/tex/latex/latexconfig/epstopdf-sys.cfg
File: epstopdf-sys.cfg 2010/07/13 v1.3 Configuration of (r)epstopdf for TeX Liv
e
))
\AMC@ovalbox@R=\box62
\AMC@ovalbox@RF=\box63
\AMC@ovalbox@=\box64
\AMC@ovalbox@F=\box65

*geometry* driver: auto-detecting
*geometry* detected driver: pdftex
*geometry* verbose mode - [ preamble ] result:
* driver: pdftex
* paper: a4paper
* layout: <same size as paper>
* layoutoffset:(h,v)=(0.0pt,0.0pt)
* modes: 
* h-part:(L,W,R)=(85.35826pt, 426.79135pt, 85.35826pt)
* v-part:(T,H,B)=(99.58464pt, 674.33032pt, 71.13188pt)
* \paperwidth=597.50787pt
* \paperheight=845.04684pt
* \textwidth=426.79135pt
* \textheight=674.33032pt
* \oddsidemargin=13.08827pt
* \evensidemargin=13.08827pt
* \topmargin=-38.12675pt
* \headheight=56.9055pt
* \headsep=8.5359pt
* \topskip=10.0pt
* \footskip=28.45274pt
* \marginparwidth=57.0pt
* \marginparsep=11.0pt
* \columnsep=10.0pt
* \skip\footins=9.0pt plus 4.0pt minus 2.0pt
* \hoffset=0.0pt
* \voffset=0.0pt
* \mag=1000
* \@twocolumnfalse
* \@twosidefalse
* \@mparswitchfalse
* \@reversemarginfalse
* (1in=72.27pt=25.4mm, 1cm=28.453pt)

(./pythontex-files-source/source.pytxmcr)
Package newfloat Info: New float `listing' with options `fileext=lopytx' on inp
ut line 334.
\c@listing=\count372
\newfloat@ftype=\count373
Package newfloat Info: float type `listing'=8 on input line 334.

ABD: EveryShipout initializing macros (./pythontex-files-source/source.pytxpyg)
LaTeX Font Info:    Trying to load font information for U+msa on input line 699
.
(/usr/share/texmf-dist/tex/latex/amsfonts/umsa.fd
File: umsa.fd 2013/01/14 v3.01 AMS symbols A
)
LaTeX Font Info:    Trying to load font information for U+msb on input line 699
.

(/usr/share/texmf-dist/tex/latex/amsfonts/umsb.fd
File: umsb.fd 2013/01/14 v3.01 AMS symbols B
)
<data/graph1.png, id=1, 362.664pt x 264.114pt>
File: data/graph1.png Graphic file (type png)
<use data/graph1.png>
Package pdftex.def Info: data/graph1.png  used on input line 699.
(pdftex.def)             Requested size: 362.66312pt x 264.11336pt.

Overfull \vbox (279.47815pt too high) has occurred while \output is active []

LaTeX Font Info:    Trying to load font information for T1+cmtt on input line 6
99.

(/usr/share/texmf-dist/tex/latex/base/t1cmtt.fd
File: t1cmtt.fd 2019/12/16 v2.5j Standard LaTeX font definitions
) [1{/var/lib/texmf/fonts/map/pdftex/updmap/pdftex.map}

 <./data/graph1.png>] [2]
Overfull \hbox (5.32011pt too wide) in paragraph at lines 699--699
 []|$[]$| 
 []


Overfull \hbox (5.32011pt too wide) in paragraph at lines 699--699
 []|$[]$| 
 []


Overfull \hbox (12.66504pt too wide) in paragraph at lines 699--699
| [][][] 
 []

<data/graph2.jpg, id=27, 395.97937pt x 542.025pt>
File: data/graph2.jpg Graphic file (type jpg)
<use data/graph2.jpg>
Package pdftex.def Info: data/graph2.jpg  used on input line 699.
(pdftex.def)             Requested size: 296.9838pt x 406.51775pt.
[3 <./data/graph2.jpg>] [4]
File: data/graph1.png Graphic file (type png)
<use data/graph1.png>
Package pdftex.def Info: data/graph1.png  used on input line 699.
(pdftex.def)             Requested size: 362.66312pt x 264.11336pt.
 [1

] [2]
Overfull \hbox (5.32011pt too wide) in paragraph at lines 699--699
 []|$[]$| 
 []


Overfull \hbox (5.32011pt too wide) in paragraph at lines 699--699
 []|$[]$| 
 []


Overfull \hbox (12.66504pt too wide) in paragraph at lines 699--699
| [][][] 
 []

File: data/graph2.jpg Graphic file (type jpg)
<use data/graph2.jpg>
Package pdftex.def Info: data/graph2.jpg  used on input line 699.
(pdftex.def)             Requested size: 296.9838pt x 406.51775pt.
[3] [4]
File: data/graph1.png Graphic file (type png)
<use data/graph1.png>
Package pdftex.def Info: data/graph1.png  used on input line 699.
(pdftex.def)             Requested size: 362.66312pt x 264.11336pt.
 [1

] [2]
Overfull \hbox (5.32011pt too wide) in paragraph at lines 699--699
 []|$[]$| 
 []


Overfull \hbox (5.32011pt too wide) in paragraph at lines 699--699
 []|$[]$| 
 []


Overfull \hbox (12.66504pt too wide) in paragraph at lines 699--699
| [][][] 
 []

File: data/graph2.jpg Graphic file (type jpg)
<use data/graph2.jpg>
Package pdftex.def Info: data/graph2.jpg  used on input line 699.
(pdftex.def)             Requested size: 296.9838pt x 406.51775pt.
[3] [4]
File: data/graph1.png Graphic file (type png)
<use data/graph1.png>
Package pdftex.def Info: data/graph1.png  used on input line 699.
(pdftex.def)             Requested size: 362.66312pt x 264.11336pt.
 [1

] [2]
Overfull \hbox (5.32011pt too wide) in paragraph at lines 699--699
 []|$[]$| 
 []


Overfull \hbox (5.32011pt too wide) in paragraph at lines 699--699
 []|$[]$| 
 []


Overfull \hbox (12.66504pt too wide) in paragraph at lines 699--699
| [][][] 
 []

File: data/graph2.jpg Graphic file (type jpg)
<use data/graph2.jpg>
Package pdftex.def Info: data/graph2.jpg  used on input line 699.
(pdftex.def)             Requested size: 296.9838pt x 406.51775pt.
[3] [4]
File: data/graph1.png Graphic file (type png)
<use data/graph1.png>
Package pdftex.def Info: data/graph1.png  used on input line 699.
(pdftex.def)             Requested size: 362.66312pt x 264.11336pt.
 [1

] [2]
Overfull \hbox (5.32011pt too wide) in paragraph at lines 699--699
 []|$[]$| 
 []


Overfull \hbox (5.32011pt too wide) in paragraph at lines 699--699
 []|$[]$| 
 []


Overfull \hbox (12.66504pt too wide) in paragraph at lines 699--699
| [][][] 
 []

File: data/graph2.jpg Graphic file (type jpg)
<use data/graph2.jpg>
Package pdftex.def Info: data/graph2.jpg  used on input line 699.
(pdftex.def)             Requested size: 296.9838pt x 406.51775pt.
[3] [4]
File: data/graph1.png Graphic file (type png)
<use data/graph1.png>
Package pdftex.def Info: data/graph1.png  used on input line 699.
(pdftex.def)             Requested size: 362.66312pt x 264.11336pt.
 [1

] [2]
Overfull \hbox (5.32011pt too wide) in paragraph at lines 699--699
 []|$[]$| 
 []


Overfull \hbox (5.32011pt too wide) in paragraph at lines 699--699
 []|$[]$| 
 []


Overfull \hbox (12.66504pt too wide) in paragraph at lines 699--699
| [][][] 
 []

File: data/graph2.jpg Graphic file (type jpg)
<use data/graph2.jpg>
Package pdftex.def Info: data/graph2.jpg  used on input line 699.
(pdftex.def)             Requested size: 296.9838pt x 406.51775pt.
[3] [4]
File: data/graph1.png Graphic file (type png)
<use data/graph1.png>
Package pdftex.def Info: data/graph1.png  used on input line 699.
(pdftex.def)             Requested size: 362.66312pt x 264.11336pt.
 [1

] [2]
Overfull \hbox (5.32011pt too wide) in paragraph at lines 699--699
 []|$[]$| 
 []


Overfull \hbox (5.32011pt too wide) in paragraph at lines 699--699
 []|$[]$| 
 []


Overfull \hbox (12.66504pt too wide) in paragraph at lines 699--699
| [][][] 
 []

File: data/graph2.jpg Graphic file (type jpg)
<use data/graph2.jpg>
Package pdftex.def Info: data/graph2.jpg  used on input line 699.
(pdftex.def)             Requested size: 296.9838pt x 406.51775pt.
[3] [4]
File: data/graph1.png Graphic file (type png)
<use data/graph1.png>
Package pdftex.def Info: data/graph1.png  used on input line 699.
(pdftex.def)             Requested size: 362.66312pt x 264.11336pt.
 [1

] [2]
Overfull \hbox (5.32011pt too wide) in paragraph at lines 699--699
 []|$[]$| 
 []


Overfull \hbox (5.32011pt too wide) in paragraph at lines 699--699
 []|$[]$| 
 []


Overfull \hbox (12.66504pt too wide) in paragraph at lines 699--699
| [][][] 
 []

File: data/graph2.jpg Graphic file (type jpg)
<use data/graph2.jpg>
Package pdftex.def Info: data/graph2.jpg  used on input line 699.
(pdftex.def)             Requested size: 296.9838pt x 406.51775pt.
[3] [4]
File: data/graph1.png Graphic file (type png)
<use data/graph1.png>
Package pdftex.def Info: data/graph1.png  used on input line 699.
(pdftex.def)             Requested size: 362.66312pt x 264.11336pt.
 [1

] [2]
Overfull \hbox (5.32011pt too wide) in paragraph at lines 699--699
 []|$[]$| 
 []


Overfull \hbox (5.32011pt too wide) in paragraph at lines 699--699
 []|$[]$| 
 []


Overfull \hbox (12.66504pt too wide) in paragraph at lines 699--699
| [][][] 
 []

File: data/graph2.jpg Graphic file (type jpg)
<use data/graph2.jpg>
Package pdftex.def Info: data/graph2.jpg  used on input line 699.
(pdftex.def)             Requested size: 296.9838pt x 406.51775pt.
[3] [4]
File: data/graph1.png Graphic file (type png)
<use data/graph1.png>
Package pdftex.def Info: data/graph1.png  used on input line 699.
(pdftex.def)             Requested size: 362.66312pt x 264.11336pt.
 [1

] [2]
Overfull \hbox (5.32011pt too wide) in paragraph at lines 699--699
 []|$[]$| 
 []


Overfull \hbox (5.32011pt too wide) in paragraph at lines 699--699
 []|$[]$| 
 []


Overfull \hbox (12.66504pt too wide) in paragraph at lines 699--699
| [][][] 
 []

File: data/graph2.jpg Graphic file (type jpg)
<use data/graph2.jpg>
Package pdftex.def Info: data/graph2.jpg  used on input line 699.
(pdftex.def)             Requested size: 296.9838pt x 406.51775pt.
[3] [4]
File: data/graph1.png Graphic file (type png)
<use data/graph1.png>
Package pdftex.def Info: data/graph1.png  used on input line 699.
(pdftex.def)             Requested size: 362.66312pt x 264.11336pt.
 [1

] [2]
Overfull \hbox (5.32011pt too wide) in paragraph at lines 699--699
 []|$[]$| 
 []


Overfull \hbox (5.32011pt too wide) in paragraph at lines 699--699
 []|$[]$| 
 []


Overfull \hbox (12.66504pt too wide) in paragraph at lines 699--699
| [][][] 
 []

File: data/graph2.jpg Graphic file (type jpg)
<use data/graph2.jpg>
Package pdftex.def Info: data/graph2.jpg  used on input line 699.
(pdftex.def)             Requested size: 296.9838pt x 406.51775pt.
[3] [4]
File: data/graph1.png Graphic file (type png)
<use data/graph1.png>
Package pdftex.def Info: data/graph1.png  used on input line 699.
(pdftex.def)             Requested size: 362.66312pt x 264.11336pt.
 [1

] [2]
Overfull \hbox (5.32011pt too wide) in paragraph at lines 699--699
 []|$[]$| 
 []


Overfull \hbox (5.32011pt too wide) in paragraph at lines 699--699
 []|$[]$| 
 []


Overfull \hbox (12.66504pt too wide) in paragraph at lines 699--699
| [][][] 
 []

File: data/graph2.jpg Graphic file (type jpg)
<use data/graph2.jpg>
Package pdftex.def Info: data/graph2.jpg  used on input line 699.
(pdftex.def)             Requested size: 296.9838pt x 406.51775pt.
[3] [4]
File: data/graph1.png Graphic file (type png)
<use data/graph1.png>
Package pdftex.def Info: data/graph1.png  used on input line 699.
(pdftex.def)             Requested size: 362.66312pt x 264.11336pt.
 [1

] [2]
Overfull \hbox (5.32011pt too wide) in paragraph at lines 699--699
 []|$[]$| 
 []


Overfull \hbox (5.32011pt too wide) in paragraph at lines 699--699
 []|$[]$| 
 []


Overfull \hbox (12.66504pt too wide) in paragraph at lines 699--699
| [][][] 
 []

File: data/graph2.jpg Graphic file (type jpg)
<use data/graph2.jpg>
Package pdftex.def Info: data/graph2.jpg  used on input line 699.
(pdftex.def)             Requested size: 296.9838pt x 406.51775pt.
[3] [4]
File: data/graph1.png Graphic file (type png)
<use data/graph1.png>
Package pdftex.def Info: data/graph1.png  used on input line 699.
(pdftex.def)             Requested size: 362.66312pt x 264.11336pt.
 [1

] [2]
Overfull \hbox (5.32011pt too wide) in paragraph at lines 699--699
 []|$[]$| 
 []


Overfull \hbox (5.32011pt too wide) in paragraph at lines 699--699
 []|$[]$| 
 []


Overfull \hbox (12.66504pt too wide) in paragraph at lines 699--699
| [][][] 
 []

File: data/graph2.jpg Graphic file (type jpg)
<use data/graph2.jpg>
Package pdftex.def Info: data/graph2.jpg  used on input line 699.
(pdftex.def)             Requested size: 296.9838pt x 406.51775pt.
[3] [4]
File: data/graph1.png Graphic file (type png)
<use data/graph1.png>
Package pdftex.def Info: data/graph1.png  used on input line 699.
(pdftex.def)             Requested size: 362.66312pt x 264.11336pt.
 [1

] [2]
Overfull \hbox (5.32011pt too wide) in paragraph at lines 699--699
 []|$[]$| 
 []


Overfull \hbox (5.32011pt too wide) in paragraph at lines 699--699
 []|$[]$| 
 []


Overfull \hbox (12.66504pt too wide) in paragraph at lines 699--699
| [][][] 
 []

File: data/graph2.jpg Graphic file (type jpg)
<use data/graph2.jpg>
Package pdftex.def Info: data/graph2.jpg  used on input line 699.
(pdftex.def)             Requested size: 296.9838pt x 406.51775pt.
[3] [4]
File: data/graph1.png Graphic file (type png)
<use data/graph1.png>
Package pdftex.def Info: data/graph1.png  used on input line 699.
(pdftex.def)             Requested size: 362.66312pt x 264.11336pt.
 [1

] [2]
Overfull \hbox (5.32011pt too wide) in paragraph at lines 699--699
 []|$[]$| 
 []


Overfull \hbox (5.32011pt too wide) in paragraph at lines 699--699
 []|$[]$| 
 []


Overfull \hbox (12.66504pt too wide) in paragraph at lines 699--699
| [][][] 
 []

File: data/graph2.jpg Graphic file (type jpg)
<use data/graph2.jpg>
Package pdftex.def Info: data/graph2.jpg  used on input line 699.
(pdftex.def)             Requested size: 296.9838pt x 406.51775pt.
[3] [4] (./source.aux) ) 
Here is how much of TeX's memory you used:
 13841 strings out of 480478
 268262 string characters out of 5905959
 547742 words of memory out of 5000000
 28947 multiletter control sequences out of 15000+600000
 539957 words of font info for 41 fonts, out of 8000000 for 9000
 1141 hyphenation exceptions out of 8191
 51i,23n,68p,845b,662s stack positions out of 5000i,500n,10000p,200000b,80000s
{/usr/share/texmf-dist/fonts/enc/dvips/cm-super/cm-supe
r-t1.enc}</usr/share/texmf-dist/fonts/type1/public/amsfonts/cm/cmmi10.pfb></usr
/share/texmf-dist/fonts/type1/public/amsfonts/cm/cmmi7.pfb></usr/share/texmf-di
st/fonts/type1/public/amsfonts/cm/cmr10.pfb></usr/share/texmf-dist/fonts/type1/
public/amsfonts/cm/cmr17.pfb></usr/share/texmf-dist/fonts/type1/public/amsfonts
/cm/cmr5.pfb></usr/share/texmf-dist/fonts/type1/public/amsfonts/cm/cmr7.pfb></u
sr/share/texmf-dist/fonts/type1/public/amsfonts/cm/cmsy10.pfb></usr/share/texmf
-dist/fonts/type1/public/amsfonts/latxfont/lcircle1.pfb></usr/share/texmf-dist/
fonts/type1/public/amsfonts/symbols/msbm10.pfb></usr/share/texmf-dist/fonts/typ
e1/public/cm-super/sfbx1000.pfb></usr/share/texmf-dist/fonts/type1/public/cm-su
per/sfbx1200.pfb></usr/share/texmf-dist/fonts/type1/public/cm-super/sfbx1440.pf
b></usr/share/texmf-dist/fonts/type1/public/cm-super/sfrm1000.pfb></usr/share/t
exmf-dist/fonts/type1/public/cm-super/sfti1000.pfb></usr/share/texmf-dist/fonts
/type1/public/cm-super/sftt1000.pfb>
Output written on source.pdf (64 pages, 563843 bytes).
PDF statistics:
 276 PDF objects out of 1000 (max. 8388607)
 190 compressed objects within 2 object streams
 0 named destinations out of 1000 (max. 500000)
 11 words of extra memory for PDF output out of 10000 (max. 10000000)

