This is pdfTeX, Version 3.14159265-2.6-1.40.21 (TeX Live 2020/Arch Linux) (preloaded format=pdflatex 2020.9.26)  4 OCT 2020 10:01
entering extended mode
 \write18 enabled.
 %&-line parsing enabled.
**\nonstopmode\def\NoHyperRef{1}\def\NoWatermarkExterne{1}\def\CorrigeIndivExte
rne{1}\input{"source.tex"}
(./source.tex (/usr/share/texmf-dist/tex/latex/base/article.cls
Document Class: article 2019/12/20 v1.4l Standard LaTeX document class
(/usr/share/texmf-dist/tex/latex/base/size10.clo
File: size10.clo 2019/12/20 v1.4l Standard LaTeX file (size option)
)
\c@part=\count167
\c@section=\count168
\c@subsection=\count169
\c@subsubsection=\count170
\c@paragraph=\count171
\c@subparagraph=\count172
\c@figure=\count173
\c@table=\count174
\abovecaptionskip=\skip47
\belowcaptionskip=\skip48
\bibindent=\dimen134
)
(/usr/share/texmf-dist/tex/latex/base/inputenc.sty
Package: inputenc 2018/08/11 v1.3c Input encoding file
\inpenc@prehook=\toks15
\inpenc@posthook=\toks16

(/usr/share/texmf-dist/tex/latex/ucs/utf8x.def
File: utf8x.def 2004/10/17 UCS: Input encoding UTF-8
))
(/usr/share/texmf-dist/tex/latex/ucs/ucs.sty
Package: ucs 2013/05/11 v2.2 UCS: Unicode input support

(/usr/share/texmf-dist/tex/latex/ucs/data/uni-global.def
File: uni-global.def 2013/05/13 UCS: Unicode global data
)
\uc@secondtry=\count175
\uc@combtoks=\toks17
\uc@combtoksb=\toks18
\uc@temptokena=\toks19
)
(/usr/share/texmf-dist/tex/latex/base/fontenc.sty
Package: fontenc 2020/02/11 v2.0o Standard LaTeX package
)
(/usr/share/texmf-dist/tex/latex/amsmath/amsmath.sty
Package: amsmath 2020/01/20 v2.17e AMS math features
\@mathmargin=\skip49

For additional information on amsmath, use the `?' option.
(/usr/share/texmf-dist/tex/latex/amsmath/amstext.sty
Package: amstext 2000/06/29 v2.01 AMS text

(/usr/share/texmf-dist/tex/latex/amsmath/amsgen.sty
File: amsgen.sty 1999/11/30 v2.0 generic functions
\@emptytoks=\toks20
\ex@=\dimen135
))
(/usr/share/texmf-dist/tex/latex/amsmath/amsbsy.sty
Package: amsbsy 1999/11/29 v1.2d Bold Symbols
\pmbraise@=\dimen136
)
(/usr/share/texmf-dist/tex/latex/amsmath/amsopn.sty
Package: amsopn 2016/03/08 v2.02 operator names
)
\inf@bad=\count176
LaTeX Info: Redefining \frac on input line 227.
\uproot@=\count177
\leftroot@=\count178
LaTeX Info: Redefining \overline on input line 389.
\classnum@=\count179
\DOTSCASE@=\count180
LaTeX Info: Redefining \ldots on input line 486.
LaTeX Info: Redefining \dots on input line 489.
LaTeX Info: Redefining \cdots on input line 610.
\Mathstrutbox@=\box45
\strutbox@=\box46
\big@size=\dimen137
LaTeX Font Info:    Redeclaring font encoding OML on input line 733.
LaTeX Font Info:    Redeclaring font encoding OMS on input line 734.
\macc@depth=\count181
\c@MaxMatrixCols=\count182
\dotsspace@=\muskip16
\c@parentequation=\count183
\dspbrk@lvl=\count184
\tag@help=\toks21
\row@=\count185
\column@=\count186
\maxfields@=\count187
\andhelp@=\toks22
\eqnshift@=\dimen138
\alignsep@=\dimen139
\tagshift@=\dimen140
\tagwidth@=\dimen141
\totwidth@=\dimen142
\lineht@=\dimen143
\@envbody=\toks23
\multlinegap=\skip50
\multlinetaggap=\skip51
\mathdisplay@stack=\toks24
LaTeX Info: Redefining \[ on input line 2859.
LaTeX Info: Redefining \] on input line 2860.
)
(/usr/share/texmf-dist/tex/latex/amsfonts/amssymb.sty
Package: amssymb 2013/01/14 v3.01 AMS font symbols

(/usr/share/texmf-dist/tex/latex/amsfonts/amsfonts.sty
Package: amsfonts 2013/01/14 v3.01 Basic AMSFonts support
\symAMSa=\mathgroup4
\symAMSb=\mathgroup5
LaTeX Font Info:    Redeclaring math symbol \hbar on input line 98.
LaTeX Font Info:    Overwriting math alphabet `\mathfrak' in version `bold'
(Font)                  U/euf/m/n --> U/euf/b/n on input line 106.
))
(/usr/share/texmf-dist/tex/latex/fp/fp.sty
Package: fp 1995/04/02

`Fixed Point Package', Version 0.8, April 2, 1995 (C) Michael Mehlich
(/usr/share/texmf-dist/tex/latex/fp/defpattern.sty
Package: defpattern 1994/10/12
\actioncount=\count188
)
(/usr/share/texmf-dist/tex/latex/fp/fp-basic.sty
Package: fp-basic 1996/05/13
\FP@xs=\count189
\FP@xia=\count190
\FP@xib=\count191
\FP@xfa=\count192
\FP@xfb=\count193
\FP@rega=\count194
\FP@regb=\count195
\FP@regs=\count196
\FP@times=\count197
)
(/usr/share/texmf-dist/tex/latex/fp/fp-addons.sty
Package: fp-addons 1995/03/15
)
(/usr/share/texmf-dist/tex/latex/fp/fp-snap.sty
Package: fp-snap 1995/04/05
)
(/usr/share/texmf-dist/tex/latex/fp/fp-exp.sty
Package: fp-exp 1995/04/03
)
(/usr/share/texmf-dist/tex/latex/fp/fp-trigo.sty
Package: fp-trigo 1995/04/14
)
(/usr/share/texmf-dist/tex/latex/fp/fp-pas.sty
Package: fp-pas 1994/08/29
)
(/usr/share/texmf-dist/tex/latex/fp/fp-random.sty
Package: fp-random 1995/02/23
\FPseed=\count198
)
(/usr/share/texmf-dist/tex/latex/fp/fp-eqn.sty
Package: fp-eqn 1995/04/03
)
(/usr/share/texmf-dist/tex/latex/fp/fp-upn.sty
Package: fp-upn 1996/10/21
)
(/usr/share/texmf-dist/tex/latex/fp/fp-eval.sty
Package: fp-eval 1995/04/03
))
(/usr/share/texmf-dist/tex/latex/pythontex/pythontex.sty
Package: pythontex 2019/09/22 v0.17 execute and typeset Python code and other l
anguages

(/usr/share/texmf-dist/tex/latex/fvextra/fvextra.sty
Package: fvextra 2019/02/04 v1.4 fvextra - extensions and patches for fancyvrb

(/usr/share/texmf-dist/tex/latex/base/ifthen.sty
Package: ifthen 2014/09/29 v1.1c Standard LaTeX ifthen package (DPC)
)
(/usr/share/texmf-dist/tex/latex/etoolbox/etoolbox.sty
Package: etoolbox 2019/09/21 v2.5h e-TeX tools for LaTeX (JAW)
\etb@tempcnta=\count199
)
(/usr/share/texmf-dist/tex/latex/fancyvrb/fancyvrb.sty
Package: fancyvrb 2020/05/03 v3.6 verbatim text (tvz,hv)

(/usr/share/texmf-dist/tex/latex/graphics/keyval.sty
Package: keyval 2014/10/28 v1.15 key=value parser (DPC)
\KV@toks@=\toks25
)
\FV@CodeLineNo=\count266
\FV@InFile=\read2
\FV@TabBox=\box47
\c@FancyVerbLine=\count267
\FV@StepNumber=\count268
\FV@OutFile=\write3
)
(/usr/share/texmf-dist/tex/latex/upquote/upquote.sty
Package: upquote 2012/04/19 v1.3 upright-quote and grave-accent glyphs in verba
tim

(/usr/share/texmf-dist/tex/latex/base/textcomp.sty
Package: textcomp 2020/02/02 v2.0n Standard LaTeX package
))
(/usr/share/texmf-dist/tex/latex/lineno/lineno.sty
Package: lineno 2005/11/02 line numbers on paragraphs v4.41
\linenopenalty=\count269
\output=\toks26
\linenoprevgraf=\count270
\linenumbersep=\dimen144
\linenumberwidth=\dimen145
\c@linenumber=\count271
\c@pagewiselinenumber=\count272
\c@LN@truepage=\count273
\c@internallinenumber=\count274
\c@internallinenumbers=\count275
\quotelinenumbersep=\dimen146
\bframerule=\dimen147
\bframesep=\dimen148
\bframebox=\box48
LaTeX Info: Redefining \\ on input line 3056.
)
\c@FV@TrueTabGroupLevel=\count276
\c@FV@TrueTabCounter=\count277
\FV@TabBox@Group=\box49
\FV@TmpLength=\skip52
\c@FV@HighlightLinesStart=\count278
\c@FV@HighlightLinesStop=\count279
\FV@LoopCount=\count280
\FV@NCharsBox=\box50
\FV@BreakIndent=\dimen149
\FV@BreakIndentNChars=\count281
\FV@BreakSymbolSepLeft=\dimen150
\FV@BreakSymbolSepLeftNChars=\count282
\FV@BreakSymbolSepRight=\dimen151
\FV@BreakSymbolSepRightNChars=\count283
\FV@BreakSymbolIndentLeft=\dimen152
\FV@BreakSymbolIndentLeftNChars=\count284
\FV@BreakSymbolIndentRight=\dimen153
\FV@BreakSymbolIndentRightNChars=\count285
\c@FancyVerbLineBreakLast=\count286
\FV@LineBox=\box51
\FV@LineIndentBox=\box52
\FV@LineWidth=\dimen154
)
(/usr/share/texmf-dist/tex/generic/xstring/xstring.sty
(/usr/share/texmf-dist/tex/generic/xstring/xstring.tex
\integerpart=\count287
\decimalpart=\count288
)
Package: xstring 2019/02/06 v1.83 String manipulations (CT)
)
(/usr/share/texmf/tex/latex/pgfopts/pgfopts.sty
Package: pgfopts 2014/07/10 v2.1a LaTeX package options with pgfkeys

(/usr/share/texmf-dist/tex/latex/pgf/utilities/pgfkeys.sty
(/usr/share/texmf-dist/tex/generic/pgf/utilities/pgfkeys.code.tex
\pgfkeys@pathtoks=\toks27
\pgfkeys@temptoks=\toks28

(/usr/share/texmf-dist/tex/generic/pgf/utilities/pgfkeysfiltered.code.tex
\pgfkeys@tmptoks=\toks29
)))
\pgfopts@list@add@a@toks=\toks30
\pgfopts@list@add@b@toks=\toks31
)
(/usr/share/texmf-dist/tex/latex/newfloat/newfloat.sty
Package: newfloat 2019/09/02 v1.1l Defining new floating environments (AR)
)
(/usr/share/texmf-dist/tex/latex/currfile/currfile.sty
Package: currfile 2015/04/23 v0.7c Provides the file path elements of the curre
nt input file

(/usr/share/texmf-dist/tex/latex/kvoptions/kvoptions.sty
Package: kvoptions 2019/11/29 v3.13 Key value format for package options (HO)

(/usr/share/texmf-dist/tex/generic/ltxcmds/ltxcmds.sty
Package: ltxcmds 2019/12/15 v1.24 LaTeX kernel commands for general use (HO)
)
(/usr/share/texmf-dist/tex/generic/kvsetkeys/kvsetkeys.sty
Package: kvsetkeys 2019/12/15 v1.18 Key value parser (HO)
))
(/usr/share/texmf-dist/tex/latex/filehook/filehook.sty
Package: filehook 2020/02/03 v0.7 Hooks for input files
)
\c@currfiledepth=\count289
)
\pytx@codefile=\write4
\c@pytx@FancyVerbLineTemp=\count290
\c@pytx@py@default@default=\count291
\c@pytx@pycon@default@default=\count292
\c@pytx@sympy@default@default=\count293
\c@pytx@sympycon@default@default=\count294
\c@pytx@pylab@default@default=\count295
\c@pytx@pylabcon@default@default=\count296
)
(/usr/share/texmf/tex/latex/AMC/automultiplechoice.sty
AMC version: 2018/12/29 v1.4.0 r:c6041a1
Package: automultiplechoice 2018/12/29 v1.4.0 r:c6041a1
(/usr/share/texmf-dist/tex/latex/xcolor/xcolor.sty
Package: xcolor 2016/05/11 v2.12 LaTeX color extensions (UK)

(/usr/share/texmf-dist/tex/latex/graphics-cfg/color.cfg
File: color.cfg 2016/01/02 v1.6 sample color configuration
)
Package xcolor Info: Driver file: pdftex.def on input line 225.

(/usr/share/texmf-dist/tex/latex/graphics-def/pdftex.def
File: pdftex.def 2018/01/08 v1.0l Graphics/color driver for pdftex
)
Package xcolor Info: Model `cmy' substituted by `cmy0' on input line 1348.
Package xcolor Info: Model `hsb' substituted by `rgb' on input line 1352.
Package xcolor Info: Model `RGB' extended on input line 1364.
Package xcolor Info: Model `HTML' substituted by `rgb' on input line 1366.
Package xcolor Info: Model `Hsb' substituted by `hsb' on input line 1367.
Package xcolor Info: Model `tHsb' substituted by `hsb' on input line 1368.
Package xcolor Info: Model `HSB' substituted by `hsb' on input line 1369.
Package xcolor Info: Model `Gray' substituted by `gray' on input line 1370.
Package xcolor Info: Model `wave' substituted by `hsb' on input line 1371.
)
(/usr/share/texmf-dist/tex/latex/fancyhdr/fancyhdr.sty
Package: fancyhdr 2019/01/31 v3.10 Extensive control of page headers and footer
s
\f@nch@headwidth=\skip53
\f@nch@O@elh=\skip54
\f@nch@O@erh=\skip55
\f@nch@O@olh=\skip56
\f@nch@O@orh=\skip57
\f@nch@O@elf=\skip58
\f@nch@O@erf=\skip59
\f@nch@O@olf=\skip60
\f@nch@O@orf=\skip61
)
(/usr/share/texmf-dist/tex/latex/bophook/bophook.sty
Package: bophook 2001/03/29 v0.02 beginning-of-page hook, K. Tinnefeld
)
(/usr/share/texmf-dist/tex/latex/xkeyval/xkeyval.sty
Package: xkeyval 2014/12/03 v2.7a package option processing (HA)

(/usr/share/texmf-dist/tex/generic/xkeyval/xkeyval.tex
(/usr/share/texmf-dist/tex/generic/xkeyval/xkvutils.tex
\XKV@toks=\toks32
\XKV@tempa@toks=\toks33
)
\XKV@depth=\count297
File: xkeyval.tex 2014/12/03 v2.7a key=value parser (HA)
))
(/usr/share/texmf-dist/tex/latex/graphics/rotating.sty
Package: rotating 2016/08/11 v2.16d rotated objects in LaTeX

(/usr/share/texmf-dist/tex/latex/graphics/graphicx.sty
Package: graphicx 2019/11/30 v1.2a Enhanced LaTeX Graphics (DPC,SPQR)

(/usr/share/texmf-dist/tex/latex/graphics/graphics.sty
Package: graphics 2019/11/30 v1.4a Standard LaTeX Graphics (DPC,SPQR)

(/usr/share/texmf-dist/tex/latex/graphics/trig.sty
Package: trig 2016/01/03 v1.10 sin cos tan (DPC)
)
(/usr/share/texmf-dist/tex/latex/graphics-cfg/graphics.cfg
File: graphics.cfg 2016/06/04 v1.11 sample graphics configuration
)
Package graphics Info: Driver file: pdftex.def on input line 105.
)
\Gin@req@height=\dimen155
\Gin@req@width=\dimen156
)
\c@r@tfl@t=\count298
\rotFPtop=\skip62
\rotFPbot=\skip63
\rot@float@box=\box53
\rot@mess@toks=\toks34
)
(/usr/share/texmf-dist/tex/latex/fancybox/fancybox.sty
Package: fancybox 2010/05/15 1.4

Style option: `fancybox' v1.4 <2010/05/15> (tvz)
\@fancybox=\box54
\shadowsize=\dimen157
\@Sbox=\box55
\do@VerbBox=\toks35
\the@fancyput=\toks36
\this@fancyput=\toks37
\EndVerbatimTokens=\toks38
\Verbatim@Outfile=\write5
\Verbatim@Infile=\read3
) (/usr/share/texmf-dist/tex/latex/l3kernel/expl3.sty
Package: expl3 2020-06-03 L3 programming layer (loader) 

(/usr/share/texmf-dist/tex/latex/l3backend/l3backend-pdfmode.def
File: l3backend-pdfmode.def 2020-06-03 L3 backend support: PDF mode
\l__kernel_color_stack_int=\count299
\l__pdf_internal_box=\box56
))
\AMC@logfile=\write6
\AMCload@counter=\count300
\AMCid@quest=\count301
\AMCid@check=\count302
\AMCid@etud=\count303
\AMCid@etudstart=\count304
\AMCid@etudfin=\count305
\AMCnum@copies=\count306
\AMCformVSpace=\dimen158
\AMCformHSpace=\dimen159
\AMCinterIrep=\dimen160
\AMCinterBrep=\dimen161
\AMCinterIquest=\dimen162
\AMCinterBquest=\dimen163
\AMCpostOquest=\dimen164
\AMCids@width=\dimen165
\AMCids@height=\dimen166
\AMC@SR=\count307
\AMC@SR@count=\count308
\AMC@SRnum=\count309
\AMC@sti=\count310
\AMC@stil=\count311
\AMCsw@p@=\toks39
\AMC@numerotation=\count312
\AMC@XYspecial=\write7
\AMC@tmpXY=\write8
\AMC@smashbox=\box57
\AMC@smashboxheight=\dimen167
\c@AMC@ncase=\count313
\AMC@boxedrule=\skip64
\AMC@crossrule=\skip65
\AMC@boxeddown=\skip66
\AMC@boxedwidth=\skip67
\AMC@boxedheight=\skip68
\AMC@oval@radius=\skip69
\AMC@outside@sep=\skip70
\AMC@CBtaille=\skip71
\AMCbin@sequence=\toks40
\AMCbin@number=\count314
\AMCbin@ndigits=\count315
\AMCbin@id=\count316
\AMCbin@digit=\count317
\AMCtok@k=\count318
\AMCtok@max=\count319
\AMCtok@size=\count320
\AMC@imax=\count321
\AMCtok@ik=\count322
\AMCloop@k=\count323
\AMCrep@count=\count324
\reponse@cxcix=\toks41
\reponse@cxcviii=\toks42
\reponse@cxcvii=\toks43
\reponse@cxcvi=\toks44
\reponse@cxcv=\toks45
\reponse@cxciv=\toks46
\reponse@cxciii=\toks47
\reponse@cxcii=\toks48
\reponse@cxci=\toks49
\reponse@cxc=\toks50
\reponse@clxxxix=\toks51
\reponse@clxxxviii=\toks52
\reponse@clxxxvii=\toks53
\reponse@clxxxvi=\toks54
\reponse@clxxxv=\toks55
\reponse@clxxxiv=\toks56
\reponse@clxxxiii=\toks57
\reponse@clxxxii=\toks58
\reponse@clxxxi=\toks59
\reponse@clxxx=\toks60
\reponse@clxxix=\toks61
\reponse@clxxviii=\toks62
\reponse@clxxvii=\toks63
\reponse@clxxvi=\toks64
\reponse@clxxv=\toks65
\reponse@clxxiv=\toks66
\reponse@clxxiii=\toks67
\reponse@clxxii=\toks68
\reponse@clxxi=\toks69
\reponse@clxx=\toks70
\reponse@clxix=\toks71
\reponse@clxviii=\toks72
\reponse@clxvii=\toks73
\reponse@clxvi=\toks74
\reponse@clxv=\toks75
\reponse@clxiv=\toks76
\reponse@clxiii=\toks77
\reponse@clxii=\toks78
\reponse@clxi=\toks79
\reponse@clx=\toks80
\reponse@clix=\toks81
\reponse@clviii=\toks82
\reponse@clvii=\toks83
\reponse@clvi=\toks84
\reponse@clv=\toks85
\reponse@cliv=\toks86
\reponse@cliii=\toks87
\reponse@clii=\toks88
\reponse@cli=\toks89
\reponse@cl=\toks90
\reponse@cxlix=\toks91
\reponse@cxlviii=\toks92
\reponse@cxlvii=\toks93
\reponse@cxlvi=\toks94
\reponse@cxlv=\toks95
\reponse@cxliv=\toks96
\reponse@cxliii=\toks97
\reponse@cxlii=\toks98
\reponse@cxli=\toks99
\reponse@cxl=\toks100
\reponse@cxxxix=\toks101
\reponse@cxxxviii=\toks102
\reponse@cxxxvii=\toks103
\reponse@cxxxvi=\toks104
\reponse@cxxxv=\toks105
\reponse@cxxxiv=\toks106
\reponse@cxxxiii=\toks107
\reponse@cxxxii=\toks108
\reponse@cxxxi=\toks109
\reponse@cxxx=\toks110
\reponse@cxxix=\toks111
\reponse@cxxviii=\toks112
\reponse@cxxvii=\toks113
\reponse@cxxvi=\toks114
\reponse@cxxv=\toks115
\reponse@cxxiv=\toks116
\reponse@cxxiii=\toks117
\reponse@cxxii=\toks118
\reponse@cxxi=\toks119
\reponse@cxx=\toks120
\reponse@cxix=\toks121
\reponse@cxviii=\toks122
\reponse@cxvii=\toks123
\reponse@cxvi=\toks124
\reponse@cxv=\toks125
\reponse@cxiv=\toks126
\reponse@cxiii=\toks127
\reponse@cxii=\toks128
\reponse@cxi=\toks129
\reponse@cx=\toks130
\reponse@cix=\toks131
\reponse@cviii=\toks132
\reponse@cvii=\toks133
\reponse@cvi=\toks134
\reponse@cv=\toks135
\reponse@civ=\toks136
\reponse@ciii=\toks137
\reponse@cii=\toks138
\reponse@ci=\toks139
\reponse@c=\toks140
\reponse@xcix=\toks141
\reponse@xcviii=\toks142
\reponse@xcvii=\toks143
\reponse@xcvi=\toks144
\reponse@xcv=\toks145
\reponse@xciv=\toks146
\reponse@xciii=\toks147
\reponse@xcii=\toks148
\reponse@xci=\toks149
\reponse@xc=\toks150
\reponse@lxxxix=\toks151
\reponse@lxxxviii=\toks152
\reponse@lxxxvii=\toks153
\reponse@lxxxvi=\toks154
\reponse@lxxxv=\toks155
\reponse@lxxxiv=\toks156
\reponse@lxxxiii=\toks157
\reponse@lxxxii=\toks158
\reponse@lxxxi=\toks159
\reponse@lxxx=\toks160
\reponse@lxxix=\toks161
\reponse@lxxviii=\toks162
\reponse@lxxvii=\toks163
\reponse@lxxvi=\toks164
\reponse@lxxv=\toks165
\reponse@lxxiv=\toks166
\reponse@lxxiii=\toks167
\reponse@lxxii=\toks168
\reponse@lxxi=\toks169
\reponse@lxx=\toks170
\reponse@lxix=\toks171
\reponse@lxviii=\toks172
\reponse@lxvii=\toks173
\reponse@lxvi=\toks174
\reponse@lxv=\toks175
\reponse@lxiv=\toks176
\reponse@lxiii=\toks177
\reponse@lxii=\toks178
\reponse@lxi=\toks179
\reponse@lx=\toks180
\reponse@lix=\toks181
\reponse@lviii=\toks182
\reponse@lvii=\toks183
\reponse@lvi=\toks184
\reponse@lv=\toks185
\reponse@liv=\toks186
\reponse@liii=\toks187
\reponse@lii=\toks188
\reponse@li=\toks189
\reponse@l=\toks190
\reponse@xlix=\toks191
\reponse@xlviii=\toks192
\reponse@xlvii=\toks193
\reponse@xlvi=\toks194
\reponse@xlv=\toks195
\reponse@xliv=\toks196
\reponse@xliii=\toks197
\reponse@xlii=\toks198
\reponse@xli=\toks199
\reponse@xl=\toks200
\reponse@xxxix=\toks201
\reponse@xxxviii=\toks202
\reponse@xxxvii=\toks203
\reponse@xxxvi=\toks204
\reponse@xxxv=\toks205
\reponse@xxxiv=\toks206
\reponse@xxxiii=\toks207
\reponse@xxxii=\toks208
\reponse@xxxi=\toks209
\reponse@xxx=\toks210
\reponse@xxix=\toks211
\reponse@xxviii=\toks212
\reponse@xxvii=\toks213
\reponse@xxvi=\toks214
\reponse@xxv=\toks215
\reponse@xxiv=\toks216
\reponse@xxiii=\toks217
\reponse@xxii=\toks218
\reponse@xxi=\toks219
\reponse@xx=\toks220
\reponse@xix=\toks221
\reponse@xviii=\toks222
\reponse@xvii=\toks223
\reponse@xvi=\toks224
\reponse@xv=\toks225
\reponse@xiv=\toks226
\reponse@xiii=\toks227
\reponse@xii=\toks228
\reponse@xi=\toks229
\reponse@x=\toks230
\reponse@ix=\toks231
\reponse@viii=\toks232
\reponse@vii=\toks233
\reponse@vi=\toks234
\reponse@v=\toks235
\reponse@iv=\toks236
\reponse@iii=\toks237
\reponse@ii=\toks238
\reponse@i=\toks239
\AMCnum@questions=\count325
\AMCrep@@count=\count326
\amc_memory_elts_count=\count327
\AMChorizAnswerSep=\skip72
\AMChorizBoxSep=\skip73
\AMC@mn@test=\skip74
\AMC@mn@sep=\skip75
\AMC@mn@leftmargin=\skip76
\AMC@mn@rightmargin=\skip77
\AMC@sz@width=\skip78
\AMC@sz@height=\skip79
\AMC@sz@depth=\skip80
\AMC@sza@width=\skip81
\AMC@sza@height=\skip82
\AMC@sza@depth=\skip83
\c@AMCquestionaff=\count328
\ouverte@vs=\dimen168
\AMC@chiffres=\count329
\AMCcodeHspace=\dimen169
\AMCcodeVspace=\dimen170
\amc_code_digit_n_int=\count330
\amc_num_exponent_int=\count331
\amc_todigits_int=\count332
\AMCnumeric@Hspace=\dimen171
\AMCnumeric@Vspace=\dimen172
\amc_num_ndigits_int=\count333
\amc_num_decd_int=\count334
\amc_num_expo_int=\count335
\amc_num_base_int=\count336
\amc_num_exact_int=\count337
\amc_num_approx_int=\count338
\amc_num_first_digit_int=\count339
\amc_num_digit_int=\count340
\amc_num_correct_expo_int=\count341
\AMCopen@Hspace=\dimen173
\AMCopen@LineHeight=\dimen174
\AMCopen@Lines=\count342
\AMCopen@boxmargin=\dimen175
\AMCopen@boxframerule=\dimen176
\AMCopen@framerule=\dimen177
\AMC@addpages=\count343

(/usr/share/texmf-dist/tex/latex/environ/environ.sty
Package: environ 2014/05/04 v0.3 A new way to define environments

(/usr/share/texmf-dist/tex/latex/trimspaces/trimspaces.sty
Package: trimspaces 2009/09/17 v1.1 Trim spaces around a token list
))
(/usr/share/texmf-dist/tex/latex/etex-pkg/etex.sty
Package: etex 2016/08/01 v2.7 eTeX basic definition package (PEB,DPC)


Package etex Warning: Extended allocation already in use.
(etex)                etex.sty code will not be used.
(etex)                To force etex package to load, add
(etex)                \RequirePackage{etex}
(etex)                at the start of the document.

) ***CORRIGE***
(/usr/share/texmf-dist/tex/latex/geometry/geometry.sty
Package: geometry 2020/01/02 v5.9 Page Geometry

(/usr/share/texmf-dist/tex/generic/iftex/ifvtex.sty
Package: ifvtex 2019/10/25 v1.7 ifvtex legacy package. Use iftex instead.

(/usr/share/texmf-dist/tex/generic/iftex/iftex.sty
Package: iftex 2020/03/06 v1.0d TeX engine tests
))
\Gm@cnth=\count344
\Gm@cntv=\count345
\c@Gm@tempcnt=\count346
\Gm@bindingoffset=\dimen178
\Gm@wd@mp=\dimen179
\Gm@odd@mp=\dimen180
\Gm@even@mp=\dimen181
\Gm@layoutwidth=\dimen182
\Gm@layoutheight=\dimen183
\Gm@layouthoffset=\dimen184
\Gm@layoutvoffset=\dimen185
\Gm@dimlist=\toks240
))
(/usr/share/texmf-dist/tex/latex/csvsimple/csvsimple.sty
Package: csvsimple 2019/04/09 version 1.21 LaTeX CSV file processing

(/usr/share/texmf-dist/tex/latex/pgf/utilities/pgfrcs.sty
(/usr/share/texmf-dist/tex/generic/pgf/utilities/pgfutil-common.tex
\pgfutil@everybye=\toks241
\pgfutil@tempdima=\dimen186
\pgfutil@tempdimb=\dimen187

(/usr/share/texmf-dist/tex/generic/pgf/utilities/pgfutil-common-lists.tex))
(/usr/share/texmf-dist/tex/generic/pgf/utilities/pgfutil-latex.def
\pgfutil@abb=\box58

(/usr/share/texmf-dist/tex/latex/ms/everyshi.sty
Package: everyshi 2001/05/15 v3.00 EveryShipout Package (MS)
))
(/usr/share/texmf-dist/tex/generic/pgf/utilities/pgfrcs.code.tex
(/usr/share/texmf-dist/tex/generic/pgf/pgf.revision.tex)
Package: pgfrcs 2020/01/08 v3.1.5b (3.1.5b)
))
(/usr/share/texmf-dist/tex/latex/tools/shellesc.sty
Package: shellesc 2019/11/08 v1.0c unified shell escape interface for LaTeX
Package shellesc Info: Unrestricted shell escape enabled on input line 75.
)
\csv@file=\read4
\c@csvinputline=\count347
\c@csvrow=\count348
\c@csvcol=\count349
\csv@out=\write9
)
(/usr/share/texmf-dist/tex/latex/siunitx/siunitx.sty
(/usr/share/texmf-dist/tex/latex/l3packages/xparse/xparse.sty
Package: xparse 2020-05-15 L3 Experimental document command parser

(/usr/share/texmf-dist/tex/latex/l3packages/xparse/xparse-generic.tex
\l__xparse_current_arg_int=\count350
\g__xparse_grabber_int=\count351
\l__xparse_m_args_int=\count352
\l__xparse_v_nesting_int=\count353
))
Package: siunitx 2020/02/25 v2.8b A comprehensive (SI) units package

(/usr/share/texmf-dist/tex/latex/tools/array.sty
Package: array 2019/08/31 v2.4l Tabular extension package (FMi)
\col@sep=\dimen188
\ar@mcellbox=\box59
\extrarowheight=\dimen189
\NC@list=\toks242
\extratabsurround=\skip84
\backup@length=\skip85
\ar@cellbox=\box60
)
(/usr/share/texmf-dist/tex/latex/l3packages/l3keys2e/l3keys2e.sty
Package: l3keys2e 2020-05-15 LaTeX2e option processing using LaTeX3 keys
)
\l__siunitx_tmp_box=\box61
\l__siunitx_tmp_dim=\dimen190
\l__siunitx_tmp_int=\count354
\l__siunitx_number_mantissa_length_int=\count355
\l__siunitx_number_uncert_length_int=\count356
\l__siunitx_round_int=\count357
\l__siunitx_process_decimal_int=\count358
\l__siunitx_process_uncertainty_int=\count359
\l__siunitx_process_fixed_int=\count360
\l__siunitx_process_integer_min_int=\count361
\l__siunitx_process_precision_int=\count362
\l__siunitx_group_min_int=\count363
\l__siunitx_angle_marker_box=\box62
\l__siunitx_angle_unit_box=\box63
\l__siunitx_angle_marker_dim=\dimen191
\l__siunitx_angle_unit_dim=\dimen192
\l__siunitx_unit_int=\count364
\l__siunitx_unit_denominator_int=\count365
\l__siunitx_unit_numerator_int=\count366
\l__siunitx_unit_prefix_int=\count367
\l__siunitx_unit_prefix_base_int=\count368
\l__siunitx_unit_prefix_gram_int=\count369
\l__siunitx_number_product_int=\count370
\c__siunitx_one_fill_skip=\skip86
\l__siunitx_table_unit_align_skip=\skip87
\l__siunitx_table_exponent_dim=\dimen193
\l__siunitx_table_integer_dim=\dimen194
\l__siunitx_table_mantissa_dim=\dimen195
\l__siunitx_table_marker_dim=\dimen196
\l__siunitx_table_result_dim=\dimen197
\l__siunitx_table_uncert_dim=\dimen198
\l__siunitx_table_fill_pre_dim=\dimen199
\l__siunitx_table_fill_post_dim=\dimen256
\l__siunitx_table_fill_mid_dim=\dimen257
\l__siunitx_table_pre_box=\box64
\l__siunitx_table_post_box=\box65
\l__siunitx_table_mantissa_box=\box66
\l__siunitx_table_result_box=\box67
\l__siunitx_table_number_align_skip=\skip88
\l__siunitx_table_text_align_skip=\skip89

(/usr/share/texmf-dist/tex/latex/translator/translator.sty
Package: translator 2019-05-31 v1.12a Easy translation of strings in LaTeX
))
(./amc-compiled.aux)
LaTeX Font Info:    Checking defaults for OML/cmm/m/it on input line 84.
LaTeX Font Info:    ... okay on input line 84.
LaTeX Font Info:    Checking defaults for OMS/cmsy/m/n on input line 84.
LaTeX Font Info:    ... okay on input line 84.
LaTeX Font Info:    Checking defaults for OT1/cmr/m/n on input line 84.
LaTeX Font Info:    ... okay on input line 84.
LaTeX Font Info:    Checking defaults for T1/cmr/m/n on input line 84.
LaTeX Font Info:    ... okay on input line 84.
LaTeX Font Info:    Checking defaults for TS1/cmr/m/n on input line 84.
LaTeX Font Info:    ... okay on input line 84.
LaTeX Font Info:    Checking defaults for OMX/cmex/m/n on input line 84.
LaTeX Font Info:    ... okay on input line 84.
LaTeX Font Info:    Checking defaults for U/cmr/m/n on input line 84.
LaTeX Font Info:    ... okay on input line 84.
 (/usr/share/texmf-dist/tex/latex/ucs/ucsencs.def
File: ucsencs.def 2011/01/21 Fixes to fontencodings LGR, T3
)
Package newfloat Info: `rotating' package detected.

No file pythontex-files-amc-compiled/amc-compiled.pytxmcr.
Run PythonTeX to create it.
Package newfloat Info: New float `listing' with options `fileext=lopytx' on inp
ut line 84.
\c@listing=\count371
\newfloat@ftype=\count372
Package newfloat Info: float type `listing'=8 on input line 84.
(/usr/share/texmf-dist/tex/context/base/mkii/supp-pdf.mkii
[Loading MPS to PDF converter (version 2006.09.02).]
\scratchcounter=\count373
\scratchdimen=\dimen258
\scratchbox=\box68
\nofMPsegments=\count374
\nofMParguments=\count375
\everyMPshowfont=\toks243
\MPscratchCnt=\count376
\MPscratchDim=\dimen259
\MPnumerator=\count377
\makeMPintoPDFobject=\count378
\everyMPtoPDFconversion=\toks244
) (/usr/share/texmf-dist/tex/latex/epstopdf-pkg/epstopdf-base.sty
Package: epstopdf-base 2020-01-24 v2.11 Base part for package epstopdf
Package epstopdf-base Info: Redefining graphics rule for `.eps' on input line 4
85.

(/usr/share/texmf-dist/tex/latex/latexconfig/epstopdf-sys.cfg
File: epstopdf-sys.cfg 2010/07/13 v1.3 Configuration of (r)epstopdf for TeX Liv
e
))
\AMC@ovalbox@R=\box69
\AMC@ovalbox@RF=\box70
\AMC@ovalbox@=\box71
\AMC@ovalbox@F=\box72

*geometry* driver: auto-detecting
*geometry* detected driver: pdftex
*geometry* verbose mode - [ preamble ] result:
* driver: pdftex
* paper: a4paper
* layout: <same size as paper>
* layoutoffset:(h,v)=(0.0pt,0.0pt)
* modes: 
* h-part:(L,W,R)=(85.35826pt, 426.79135pt, 85.35826pt)
* v-part:(T,H,B)=(99.58464pt, 674.33032pt, 71.13188pt)
* \paperwidth=597.50787pt
* \paperheight=845.04684pt
* \textwidth=426.79135pt
* \textheight=674.33032pt
* \oddsidemargin=13.08827pt
* \evensidemargin=13.08827pt
* \topmargin=-38.12675pt
* \headheight=56.9055pt
* \headsep=8.5359pt
* \topskip=10.0pt
* \footskip=28.45274pt
* \marginparwidth=57.0pt
* \marginparsep=11.0pt
* \columnsep=10.0pt
* \skip\footins=9.0pt plus 4.0pt minus 2.0pt
* \hoffset=0.0pt
* \voffset=0.0pt
* \mag=1000
* \@twocolumnfalse
* \@twosidefalse
* \@mparswitchfalse
* \@reversemarginfalse
* (1in=72.27pt=25.4mm, 1cm=28.453pt)

ABD: EveryShipout initializing macros
(/usr/share/texmf-dist/tex/latex/translator/translator-basic-dictionary-English
.dict
Dictionary: translator-basic-dictionary, Language: English 
) (/usr/share/texmf-dist/tex/latex/siunitx/siunitx-abbreviations.cfg
File: siunitx-abbreviations.cfg 2017/11/26 v2.7k siunitx: Abbreviated units
)
LaTeX Font Info:    Trying to load font information for U+msa on input line 84.


(/usr/share/texmf-dist/tex/latex/amsfonts/umsa.fd
File: umsa.fd 2013/01/14 v3.01 AMS symbols A
)
LaTeX Font Info:    Trying to load font information for U+msb on input line 84.


(/usr/share/texmf-dist/tex/latex/amsfonts/umsb.fd
File: umsb.fd 2013/01/14 v3.01 AMS symbols B
)
\calculs@k=\count379
\AMCcalculs@j=\count380
\calculs@i=\toks245
\calculs@ii=\toks246
\calculs@iii=\toks247
\calculs-off@k=\count381
\AMCcalculs-off@j=\count382
\calculs-off@i=\toks248
\calculs-off@ii=\toks249
\ensembles@k=\count383
\AMCensembles@j=\count384
\ensembles@i=\toks250
\ensembles@ii=\toks251
\ensembles@iii=\toks252
\ensembles-off@k=\count385
\AMCensembles-off@j=\count386
\ensembles-off@i=\toks253
\ensembles@iv=\toks254
\valeur-absolue@k=\count387
\AMCvaleur-absolue@j=\count388
\valeur-absolue@i=\toks255
\valeur-absolue@ii=\toks256
\valeur-absolue@iii=\toks257
\valeur-absolue@iv=\toks258

(/usr/share/texmf-dist/tex/latex/ucs/data/uni-0.def
File: uni-0.def 2013/05/13 UCS: Unicode data U+0000..U+00FF
) ( FP-EVAL ( FP-UPN
( FP-RANDOM ( FP-DIV ) ) ( FP-MUL ) ( FP-ADD ) ( FP-TRUNC ) ) ) ( FP-EVAL
( FP-UPN ( FP-MUL ) ( FP-SUB ) ( FP-CLIP ) ) ) ( FP-EVAL ( FP-UPN ( FP-MUL )
( FP-SUB ) ( FP-DIV ) ( FP-CLIP ) ) ) ( FP-EVAL ( FP-UPN ( FP-MUL ) ( FP-SUB )
( FP-MUL ) ( FP-CLIP ) ) ) ( FP-EVAL ( FP-UPN ( FP-SUB ) ( FP-MUL ) ( FP-CLIP
) ) ) ( FP-EVAL ( FP-UPN ( FP-RANDOM ( FP-DIV ) ) ( FP-MUL ) ( FP-ADD )
( FP-TRUNC ) ) ) ( FP-EVAL ( FP-UPN ( FP-SUB ) ( FP-DIV ) ( FP-SUB ) ( FP-CLIP
) ) ) ( FP-EVAL ( FP-UPN ( FP-SUB ) ( FP-DIV ) ( FP-CLIP ) ) ) ( FP-EVAL
( FP-UPN ( FP-SUB ) ( FP-DIV ) ( FP-ADD ) ( FP-CLIP ) ) ) ( FP-EVAL ( FP-UPN
( FP-ADD ) ( FP-DIV ) ( FP-ADD ) ( FP-CLIP ) ) )
Underfull \hbox (badness 10000) in paragraph at lines 277--277

 []

(/usr/share/texmf-dist/tex/latex/ucs/data/uni-32.def
File: uni-32.def 2013/05/13 UCS: Unicode data U+2000..U+20FF
) ( FP-EVAL ( FP-UPN
( FP-RANDOM ( FP-DIV ) ) ( FP-MUL ) ( FP-ADD ) ( FP-TRUNC ) ) ) ( FP-LT? )
( FP-EVAL ( FP-UPN ( FP-RANDOM ( FP-DIV ) ) ( FP-MUL ) ( FP-SUB ) ( FP-TRUNC )
) ) ( FP-EVAL ( FP-UPN ( FP-RANDOM ( FP-DIV ) ) ( FP-MUL ) ( FP-ADD )
( FP-TRUNC ) ) ) ( FP-EVAL ( FP-UPN ( FP-RANDOM ( FP-DIV ) ) ( FP-MUL )
( FP-ADD ) ( FP-TRUNC ) ) ) ( FP-LT? ) ( FP-EVAL ( FP-UPN ( FP-RANDOM ( FP-DIV
) ) ( FP-MUL ) ( FP-ADD ) ( FP-TRUNC ) ) ) ( FP-EVAL ( FP-UPN ( FP-RANDOM
( FP-DIV ) ) ( FP-MUL ) ( FP-ADD ) ( FP-TRUNC ) ) ) ( FP-EVAL ( FP-UPN
( FP-RANDOM ( FP-DIV ) ) ( FP-MUL ) ( FP-ADD ) ( FP-TRUNC ) ) )
Underfull \hbox (badness 10000) in paragraph at lines 277--277

 []

LaTeX Font Info:    Trying to load font information for T1+cmtt on input line 2
77.
(/usr/share/texmf-dist/tex/latex/base/t1cmtt.fd
File: t1cmtt.fd 2019/12/16 v2.5j Standard LaTeX font definitions
) [1{/var/lib/texmf/fonts/map/pdftex/updmap/pdftex.map}

] ( FP-EVAL ( FP-UPN ( FP-RANDOM ( FP-DIV ) ) ( FP-MUL
) ( FP-ADD ) ( FP-TRUNC ) ) ) ( FP-EVAL ( FP-UPN ( FP-RANDOM ( FP-DIV ) )
( FP-MUL ) ( FP-ADD ) ( FP-TRUNC ) ) ) ( FP-EVAL ( FP-UPN ( FP-RANDOM ( FP-DIV
) ) ( FP-MUL ) ( FP-ADD ) ( FP-TRUNC ) ) )
Underfull \hbox (badness 10000) in paragraph at lines 277--277

 []

[2

] ( FP-EVAL ( FP-UPN ( FP-RANDOM ( FP-DIV ) ) ( FP-MUL ) ( FP-ADD )
( FP-TRUNC ) ) ) ( FP-EVAL ( FP-UPN ( FP-MUL ) ( FP-SUB ) ( FP-CLIP ) ) )
( FP-EVAL ( FP-UPN ( FP-MUL ) ( FP-SUB ) ( FP-DIV ) ( FP-CLIP ) ) ) ( FP-EVAL
( FP-UPN ( FP-MUL ) ( FP-SUB ) ( FP-MUL ) ( FP-CLIP ) ) ) ( FP-EVAL ( FP-UPN
( FP-SUB ) ( FP-MUL ) ( FP-CLIP ) ) ) ( FP-EVAL ( FP-UPN ( FP-RANDOM ( FP-DIV
) ) ( FP-MUL ) ( FP-ADD ) ( FP-TRUNC ) ) ) ( FP-EVAL ( FP-UPN ( FP-SUB )
( FP-DIV ) ( FP-SUB ) ( FP-CLIP ) ) ) ( FP-EVAL ( FP-UPN ( FP-SUB ) ( FP-DIV )
( FP-CLIP ) ) ) ( FP-EVAL ( FP-UPN ( FP-SUB ) ( FP-DIV ) ( FP-ADD ) ( FP-CLIP
) ) ) ( FP-EVAL ( FP-UPN ( FP-ADD ) ( FP-DIV ) ( FP-ADD ) ( FP-CLIP ) ) )
Underfull \hbox (badness 10000) in paragraph at lines 277--277

 []

( FP-EVAL ( FP-UPN ( FP-RANDOM ( FP-DIV ) ) ( FP-MUL ) ( FP-ADD ) ( FP-TRUNC )
) ) ( FP-LT? ) ( FP-EVAL ( FP-UPN ( FP-RANDOM ( FP-DIV ) ) ( FP-MUL ) ( FP-SUB
) ( FP-TRUNC ) ) ) ( FP-EVAL ( FP-UPN ( FP-RANDOM ( FP-DIV ) ) ( FP-MUL )
( FP-ADD ) ( FP-TRUNC ) ) ) ( FP-EVAL ( FP-UPN ( FP-RANDOM ( FP-DIV ) )
( FP-MUL ) ( FP-ADD ) ( FP-TRUNC ) ) ) ( FP-LT? ) ( FP-EVAL ( FP-UPN
( FP-RANDOM ( FP-DIV ) ) ( FP-MUL ) ( FP-ADD ) ( FP-TRUNC ) ) ) ( FP-EVAL
( FP-UPN ( FP-RANDOM ( FP-DIV ) ) ( FP-MUL ) ( FP-ADD ) ( FP-TRUNC ) ) )
( FP-EVAL ( FP-UPN ( FP-RANDOM ( FP-DIV ) ) ( FP-MUL ) ( FP-ADD ) ( FP-TRUNC )
) )
Underfull \hbox (badness 10000) in paragraph at lines 277--277

 []

[1

] ( FP-EVAL ( FP-UPN ( FP-RANDOM ( FP-DIV ) ) ( FP-MUL ) ( FP-ADD )
( FP-TRUNC ) ) ) ( FP-EVAL ( FP-UPN ( FP-RANDOM ( FP-DIV ) ) ( FP-MUL )
( FP-ADD ) ( FP-TRUNC ) ) ) ( FP-EVAL ( FP-UPN ( FP-RANDOM ( FP-DIV ) )
( FP-MUL ) ( FP-ADD ) ( FP-TRUNC ) ) )
Underfull \hbox (badness 10000) in paragraph at lines 277--277

 []

[2

] ( FP-EVAL ( FP-UPN ( FP-RANDOM ( FP-DIV ) ) ( FP-MUL ) ( FP-ADD )
( FP-TRUNC ) ) ) ( FP-EVAL ( FP-UPN ( FP-MUL ) ( FP-SUB ) ( FP-CLIP ) ) )
( FP-EVAL ( FP-UPN ( FP-MUL ) ( FP-SUB ) ( FP-DIV ) ( FP-CLIP ) ) ) ( FP-EVAL
( FP-UPN ( FP-MUL ) ( FP-SUB ) ( FP-MUL ) ( FP-CLIP ) ) ) ( FP-EVAL ( FP-UPN
( FP-SUB ) ( FP-MUL ) ( FP-CLIP ) ) ) ( FP-EVAL ( FP-UPN ( FP-RANDOM ( FP-DIV
) ) ( FP-MUL ) ( FP-ADD ) ( FP-TRUNC ) ) ) ( FP-EVAL ( FP-UPN ( FP-SUB )
( FP-DIV ) ( FP-SUB ) ( FP-CLIP ) ) ) ( FP-EVAL ( FP-UPN ( FP-SUB ) ( FP-DIV )
( FP-CLIP ) ) ) ( FP-EVAL ( FP-UPN ( FP-SUB ) ( FP-DIV ) ( FP-ADD ) ( FP-CLIP
) ) ) ( FP-EVAL ( FP-UPN ( FP-ADD ) ( FP-DIV ) ( FP-ADD ) ( FP-CLIP ) ) )
Underfull \hbox (badness 10000) in paragraph at lines 277--277

 []

( FP-EVAL ( FP-UPN ( FP-RANDOM ( FP-DIV ) ) ( FP-MUL ) ( FP-ADD ) ( FP-TRUNC )
) ) ( FP-LT? ) ( FP-EVAL ( FP-UPN ( FP-RANDOM ( FP-DIV ) ) ( FP-MUL ) ( FP-ADD
) ( FP-TRUNC ) ) ) ( FP-EVAL ( FP-UPN ( FP-RANDOM ( FP-DIV ) ) ( FP-MUL )
( FP-ADD ) ( FP-TRUNC ) ) ) ( FP-EVAL ( FP-UPN ( FP-RANDOM ( FP-DIV ) )
( FP-MUL ) ( FP-ADD ) ( FP-TRUNC ) ) ) ( FP-LT? ) ( FP-EVAL ( FP-UPN
( FP-RANDOM ( FP-DIV ) ) ( FP-MUL ) ( FP-ADD ) ( FP-TRUNC ) ) ) ( FP-EVAL
( FP-UPN ( FP-RANDOM ( FP-DIV ) ) ( FP-MUL ) ( FP-ADD ) ( FP-TRUNC ) ) )
( FP-EVAL ( FP-UPN ( FP-RANDOM ( FP-DIV ) ) ( FP-MUL ) ( FP-ADD ) ( FP-TRUNC )
) )
Underfull \hbox (badness 10000) in paragraph at lines 277--277

 []

[1

] ( FP-EVAL ( FP-UPN ( FP-RANDOM ( FP-DIV ) ) ( FP-MUL ) ( FP-ADD )
( FP-TRUNC ) ) ) ( FP-EVAL ( FP-UPN ( FP-RANDOM ( FP-DIV ) ) ( FP-MUL )
( FP-ADD ) ( FP-TRUNC ) ) ) ( FP-EVAL ( FP-UPN ( FP-RANDOM ( FP-DIV ) )
( FP-MUL ) ( FP-ADD ) ( FP-TRUNC ) ) )
Underfull \hbox (badness 10000) in paragraph at lines 277--277

 []

[2

] ( FP-EVAL ( FP-UPN ( FP-RANDOM ( FP-DIV ) ) ( FP-MUL ) ( FP-ADD )
( FP-TRUNC ) ) ) ( FP-EVAL ( FP-UPN ( FP-MUL ) ( FP-SUB ) ( FP-CLIP ) ) )
( FP-EVAL ( FP-UPN ( FP-MUL ) ( FP-SUB ) ( FP-DIV ) ( FP-CLIP ) ) ) ( FP-EVAL
( FP-UPN ( FP-MUL ) ( FP-SUB ) ( FP-MUL ) ( FP-CLIP ) ) ) ( FP-EVAL ( FP-UPN
( FP-SUB ) ( FP-MUL ) ( FP-CLIP ) ) ) ( FP-EVAL ( FP-UPN ( FP-RANDOM ( FP-DIV
) ) ( FP-MUL ) ( FP-ADD ) ( FP-TRUNC ) ) ) ( FP-EVAL ( FP-UPN ( FP-SUB )
( FP-DIV ) ( FP-SUB ) ( FP-CLIP ) ) ) ( FP-EVAL ( FP-UPN ( FP-SUB ) ( FP-DIV )
( FP-CLIP ) ) ) ( FP-EVAL ( FP-UPN ( FP-SUB ) ( FP-DIV ) ( FP-ADD ) ( FP-CLIP
) ) ) ( FP-EVAL ( FP-UPN ( FP-ADD ) ( FP-DIV ) ( FP-ADD ) ( FP-CLIP ) ) )
Underfull \hbox (badness 10000) in paragraph at lines 277--277

 []

( FP-EVAL ( FP-UPN ( FP-RANDOM ( FP-DIV ) ) ( FP-MUL ) ( FP-ADD ) ( FP-TRUNC )
) ) ( FP-LT? ) ( FP-EVAL ( FP-UPN ( FP-RANDOM ( FP-DIV ) ) ( FP-MUL ) ( FP-ADD
) ( FP-TRUNC ) ) ) ( FP-EVAL ( FP-UPN ( FP-RANDOM ( FP-DIV ) ) ( FP-MUL )
( FP-ADD ) ( FP-TRUNC ) ) ) ( FP-EVAL ( FP-UPN ( FP-RANDOM ( FP-DIV ) )
( FP-MUL ) ( FP-ADD ) ( FP-TRUNC ) ) ) ( FP-LT? ) ( FP-EVAL ( FP-UPN
( FP-RANDOM ( FP-DIV ) ) ( FP-MUL ) ( FP-ADD ) ( FP-TRUNC ) ) ) ( FP-EVAL
( FP-UPN ( FP-RANDOM ( FP-DIV ) ) ( FP-MUL ) ( FP-ADD ) ( FP-TRUNC ) ) )
( FP-EVAL ( FP-UPN ( FP-RANDOM ( FP-DIV ) ) ( FP-MUL ) ( FP-ADD ) ( FP-TRUNC )
) )
Underfull \hbox (badness 10000) in paragraph at lines 277--277

 []

[1

] ( FP-EVAL ( FP-UPN ( FP-RANDOM ( FP-DIV ) ) ( FP-MUL ) ( FP-ADD )
( FP-TRUNC ) ) ) ( FP-EVAL ( FP-UPN ( FP-RANDOM ( FP-DIV ) ) ( FP-MUL )
( FP-ADD ) ( FP-TRUNC ) ) ) ( FP-EVAL ( FP-UPN ( FP-RANDOM ( FP-DIV ) )
( FP-MUL ) ( FP-ADD ) ( FP-TRUNC ) ) )
Underfull \hbox (badness 10000) in paragraph at lines 277--277

 []

[2

] ( FP-EVAL ( FP-UPN ( FP-RANDOM ( FP-DIV ) ) ( FP-MUL ) ( FP-ADD )
( FP-TRUNC ) ) ) ( FP-EVAL ( FP-UPN ( FP-MUL ) ( FP-SUB ) ( FP-CLIP ) ) )
( FP-EVAL ( FP-UPN ( FP-MUL ) ( FP-SUB ) ( FP-DIV ) ( FP-CLIP ) ) ) ( FP-EVAL
( FP-UPN ( FP-MUL ) ( FP-SUB ) ( FP-MUL ) ( FP-CLIP ) ) ) ( FP-EVAL ( FP-UPN
( FP-SUB ) ( FP-MUL ) ( FP-CLIP ) ) ) ( FP-EVAL ( FP-UPN ( FP-RANDOM ( FP-DIV
) ) ( FP-MUL ) ( FP-ADD ) ( FP-TRUNC ) ) ) ( FP-EVAL ( FP-UPN ( FP-SUB )
( FP-DIV ) ( FP-SUB ) ( FP-CLIP ) ) ) ( FP-EVAL ( FP-UPN ( FP-SUB ) ( FP-DIV )
( FP-CLIP ) ) ) ( FP-EVAL ( FP-UPN ( FP-SUB ) ( FP-DIV ) ( FP-ADD ) ( FP-CLIP
) ) ) ( FP-EVAL ( FP-UPN ( FP-ADD ) ( FP-DIV ) ( FP-ADD ) ( FP-CLIP ) ) )
Underfull \hbox (badness 10000) in paragraph at lines 277--277

 []

( FP-EVAL ( FP-UPN ( FP-RANDOM ( FP-DIV ) ) ( FP-MUL ) ( FP-ADD ) ( FP-TRUNC )
) ) ( FP-LT? ) ( FP-EVAL ( FP-UPN ( FP-RANDOM ( FP-DIV ) ) ( FP-MUL ) ( FP-ADD
) ( FP-TRUNC ) ) ) ( FP-EVAL ( FP-UPN ( FP-RANDOM ( FP-DIV ) ) ( FP-MUL )
( FP-ADD ) ( FP-TRUNC ) ) ) ( FP-EVAL ( FP-UPN ( FP-RANDOM ( FP-DIV ) )
( FP-MUL ) ( FP-ADD ) ( FP-TRUNC ) ) ) ( FP-LT? ) ( FP-EVAL ( FP-UPN
( FP-RANDOM ( FP-DIV ) ) ( FP-MUL ) ( FP-SUB ) ( FP-TRUNC ) ) ) ( FP-EVAL
( FP-UPN ( FP-RANDOM ( FP-DIV ) ) ( FP-MUL ) ( FP-ADD ) ( FP-TRUNC ) ) )
( FP-EVAL ( FP-UPN ( FP-RANDOM ( FP-DIV ) ) ( FP-MUL ) ( FP-ADD ) ( FP-TRUNC )
) )
Underfull \hbox (badness 10000) in paragraph at lines 277--277

 []

[1

] ( FP-EVAL ( FP-UPN ( FP-RANDOM ( FP-DIV ) ) ( FP-MUL ) ( FP-ADD )
( FP-TRUNC ) ) ) ( FP-EVAL ( FP-UPN ( FP-RANDOM ( FP-DIV ) ) ( FP-MUL )
( FP-ADD ) ( FP-TRUNC ) ) ) ( FP-EVAL ( FP-UPN ( FP-RANDOM ( FP-DIV ) )
( FP-MUL ) ( FP-ADD ) ( FP-TRUNC ) ) )
Underfull \hbox (badness 10000) in paragraph at lines 277--277

 []

[2

] ( FP-EVAL ( FP-UPN ( FP-RANDOM ( FP-DIV ) ) ( FP-MUL ) ( FP-ADD )
( FP-TRUNC ) ) ) ( FP-EVAL ( FP-UPN ( FP-MUL ) ( FP-SUB ) ( FP-CLIP ) ) )
( FP-EVAL ( FP-UPN ( FP-MUL ) ( FP-SUB ) ( FP-DIV ) ( FP-CLIP ) ) ) ( FP-EVAL
( FP-UPN ( FP-MUL ) ( FP-SUB ) ( FP-MUL ) ( FP-CLIP ) ) ) ( FP-EVAL ( FP-UPN
( FP-SUB ) ( FP-MUL ) ( FP-CLIP ) ) ) ( FP-EVAL ( FP-UPN ( FP-RANDOM ( FP-DIV
) ) ( FP-MUL ) ( FP-ADD ) ( FP-TRUNC ) ) ) ( FP-EVAL ( FP-UPN ( FP-SUB )
( FP-DIV ) ( FP-SUB ) ( FP-CLIP ) ) ) ( FP-EVAL ( FP-UPN ( FP-SUB ) ( FP-DIV )
( FP-CLIP ) ) ) ( FP-EVAL ( FP-UPN ( FP-SUB ) ( FP-DIV ) ( FP-ADD ) ( FP-CLIP
) ) ) ( FP-EVAL ( FP-UPN ( FP-ADD ) ( FP-DIV ) ( FP-ADD ) ( FP-CLIP ) ) )
Underfull \hbox (badness 10000) in paragraph at lines 277--277

 []

( FP-EVAL ( FP-UPN ( FP-RANDOM ( FP-DIV ) ) ( FP-MUL ) ( FP-ADD ) ( FP-TRUNC )
) ) ( FP-LT? ) ( FP-EVAL ( FP-UPN ( FP-RANDOM ( FP-DIV ) ) ( FP-MUL ) ( FP-ADD
) ( FP-TRUNC ) ) ) ( FP-EVAL ( FP-UPN ( FP-RANDOM ( FP-DIV ) ) ( FP-MUL )
( FP-ADD ) ( FP-TRUNC ) ) ) ( FP-EVAL ( FP-UPN ( FP-RANDOM ( FP-DIV ) )
( FP-MUL ) ( FP-ADD ) ( FP-TRUNC ) ) ) ( FP-LT? ) ( FP-EVAL ( FP-UPN
( FP-RANDOM ( FP-DIV ) ) ( FP-MUL ) ( FP-ADD ) ( FP-TRUNC ) ) ) ( FP-EVAL
( FP-UPN ( FP-RANDOM ( FP-DIV ) ) ( FP-MUL ) ( FP-ADD ) ( FP-TRUNC ) ) )
( FP-EVAL ( FP-UPN ( FP-RANDOM ( FP-DIV ) ) ( FP-MUL ) ( FP-ADD ) ( FP-TRUNC )
) )
Underfull \hbox (badness 10000) in paragraph at lines 277--277

 []

[1

] ( FP-EVAL ( FP-UPN ( FP-RANDOM ( FP-DIV ) ) ( FP-MUL ) ( FP-ADD )
( FP-TRUNC ) ) ) ( FP-EVAL ( FP-UPN ( FP-RANDOM ( FP-DIV ) ) ( FP-MUL )
( FP-ADD ) ( FP-TRUNC ) ) ) ( FP-EVAL ( FP-UPN ( FP-RANDOM ( FP-DIV ) )
( FP-MUL ) ( FP-ADD ) ( FP-TRUNC ) ) )
Underfull \hbox (badness 10000) in paragraph at lines 277--277

 []

[2

] ( FP-EVAL ( FP-UPN ( FP-RANDOM ( FP-DIV ) ) ( FP-MUL ) ( FP-ADD )
( FP-TRUNC ) ) ) ( FP-EVAL ( FP-UPN ( FP-MUL ) ( FP-SUB ) ( FP-CLIP ) ) )
( FP-EVAL ( FP-UPN ( FP-MUL ) ( FP-SUB ) ( FP-DIV ) ( FP-CLIP ) ) ) ( FP-EVAL
( FP-UPN ( FP-MUL ) ( FP-SUB ) ( FP-MUL ) ( FP-CLIP ) ) ) ( FP-EVAL ( FP-UPN
( FP-SUB ) ( FP-MUL ) ( FP-CLIP ) ) ) ( FP-EVAL ( FP-UPN ( FP-RANDOM ( FP-DIV
) ) ( FP-MUL ) ( FP-ADD ) ( FP-TRUNC ) ) ) ( FP-EVAL ( FP-UPN ( FP-SUB )
( FP-DIV ) ( FP-SUB ) ( FP-CLIP ) ) ) ( FP-EVAL ( FP-UPN ( FP-SUB ) ( FP-DIV )
( FP-CLIP ) ) ) ( FP-EVAL ( FP-UPN ( FP-SUB ) ( FP-DIV ) ( FP-ADD ) ( FP-CLIP
) ) ) ( FP-EVAL ( FP-UPN ( FP-ADD ) ( FP-DIV ) ( FP-ADD ) ( FP-CLIP ) ) )
Underfull \hbox (badness 10000) in paragraph at lines 277--277

 []

( FP-EVAL ( FP-UPN ( FP-RANDOM ( FP-DIV ) ) ( FP-MUL ) ( FP-ADD ) ( FP-TRUNC )
) ) ( FP-LT? ) ( FP-EVAL ( FP-UPN ( FP-RANDOM ( FP-DIV ) ) ( FP-MUL ) ( FP-ADD
) ( FP-TRUNC ) ) ) ( FP-EVAL ( FP-UPN ( FP-RANDOM ( FP-DIV ) ) ( FP-MUL )
( FP-ADD ) ( FP-TRUNC ) ) ) ( FP-EVAL ( FP-UPN ( FP-RANDOM ( FP-DIV ) )
( FP-MUL ) ( FP-ADD ) ( FP-TRUNC ) ) ) ( FP-LT? ) ( FP-EVAL ( FP-UPN
( FP-RANDOM ( FP-DIV ) ) ( FP-MUL ) ( FP-SUB ) ( FP-TRUNC ) ) ) ( FP-EVAL
( FP-UPN ( FP-RANDOM ( FP-DIV ) ) ( FP-MUL ) ( FP-ADD ) ( FP-TRUNC ) ) )
( FP-EVAL ( FP-UPN ( FP-RANDOM ( FP-DIV ) ) ( FP-MUL ) ( FP-ADD ) ( FP-TRUNC )
) )
Underfull \hbox (badness 10000) in paragraph at lines 277--277

 []

[1

] ( FP-EVAL ( FP-UPN ( FP-RANDOM ( FP-DIV ) ) ( FP-MUL ) ( FP-ADD )
( FP-TRUNC ) ) ) ( FP-EVAL ( FP-UPN ( FP-RANDOM ( FP-DIV ) ) ( FP-MUL )
( FP-ADD ) ( FP-TRUNC ) ) ) ( FP-EVAL ( FP-UPN ( FP-RANDOM ( FP-DIV ) )
( FP-MUL ) ( FP-ADD ) ( FP-TRUNC ) ) )
Underfull \hbox (badness 10000) in paragraph at lines 277--277

 []

[2

] ( FP-EVAL ( FP-UPN ( FP-RANDOM ( FP-DIV ) ) ( FP-MUL ) ( FP-ADD )
( FP-TRUNC ) ) ) ( FP-EVAL ( FP-UPN ( FP-MUL ) ( FP-SUB ) ( FP-CLIP ) ) )
( FP-EVAL ( FP-UPN ( FP-MUL ) ( FP-SUB ) ( FP-DIV ) ( FP-CLIP ) ) ) ( FP-EVAL
( FP-UPN ( FP-MUL ) ( FP-SUB ) ( FP-MUL ) ( FP-CLIP ) ) ) ( FP-EVAL ( FP-UPN
( FP-SUB ) ( FP-MUL ) ( FP-CLIP ) ) ) ( FP-EVAL ( FP-UPN ( FP-RANDOM ( FP-DIV
) ) ( FP-MUL ) ( FP-ADD ) ( FP-TRUNC ) ) ) ( FP-EVAL ( FP-UPN ( FP-SUB )
( FP-DIV ) ( FP-SUB ) ( FP-CLIP ) ) ) ( FP-EVAL ( FP-UPN ( FP-SUB ) ( FP-DIV )
( FP-CLIP ) ) ) ( FP-EVAL ( FP-UPN ( FP-SUB ) ( FP-DIV ) ( FP-ADD ) ( FP-CLIP
) ) ) ( FP-EVAL ( FP-UPN ( FP-ADD ) ( FP-DIV ) ( FP-ADD ) ( FP-CLIP ) ) )
Underfull \hbox (badness 10000) in paragraph at lines 277--277

 []

( FP-EVAL ( FP-UPN ( FP-RANDOM ( FP-DIV ) ) ( FP-MUL ) ( FP-ADD ) ( FP-TRUNC )
) ) ( FP-LT? ) ( FP-EVAL ( FP-UPN ( FP-RANDOM ( FP-DIV ) ) ( FP-MUL ) ( FP-SUB
) ( FP-TRUNC ) ) ) ( FP-EVAL ( FP-UPN ( FP-RANDOM ( FP-DIV ) ) ( FP-MUL )
( FP-ADD ) ( FP-TRUNC ) ) ) ( FP-EVAL ( FP-UPN ( FP-RANDOM ( FP-DIV ) )
( FP-MUL ) ( FP-ADD ) ( FP-TRUNC ) ) ) ( FP-LT? ) ( FP-EVAL ( FP-UPN
( FP-RANDOM ( FP-DIV ) ) ( FP-MUL ) ( FP-ADD ) ( FP-TRUNC ) ) ) ( FP-EVAL
( FP-UPN ( FP-RANDOM ( FP-DIV ) ) ( FP-MUL ) ( FP-ADD ) ( FP-TRUNC ) ) )
( FP-EVAL ( FP-UPN ( FP-RANDOM ( FP-DIV ) ) ( FP-MUL ) ( FP-ADD ) ( FP-TRUNC )
) )
Underfull \hbox (badness 10000) in paragraph at lines 277--277

 []

[1

] ( FP-EVAL ( FP-UPN ( FP-RANDOM ( FP-DIV ) ) ( FP-MUL ) ( FP-ADD )
( FP-TRUNC ) ) ) ( FP-EVAL ( FP-UPN ( FP-RANDOM ( FP-DIV ) ) ( FP-MUL )
( FP-ADD ) ( FP-TRUNC ) ) ) ( FP-EVAL ( FP-UPN ( FP-RANDOM ( FP-DIV ) )
( FP-MUL ) ( FP-ADD ) ( FP-TRUNC ) ) )
Underfull \hbox (badness 10000) in paragraph at lines 277--277

 []

[2

] ( FP-EVAL ( FP-UPN ( FP-RANDOM ( FP-DIV ) ) ( FP-MUL ) ( FP-ADD )
( FP-TRUNC ) ) ) ( FP-EVAL ( FP-UPN ( FP-MUL ) ( FP-SUB ) ( FP-CLIP ) ) )
( FP-EVAL ( FP-UPN ( FP-MUL ) ( FP-SUB ) ( FP-DIV ) ( FP-CLIP ) ) ) ( FP-EVAL
( FP-UPN ( FP-MUL ) ( FP-SUB ) ( FP-MUL ) ( FP-CLIP ) ) ) ( FP-EVAL ( FP-UPN
( FP-SUB ) ( FP-MUL ) ( FP-CLIP ) ) ) ( FP-EVAL ( FP-UPN ( FP-RANDOM ( FP-DIV
) ) ( FP-MUL ) ( FP-ADD ) ( FP-TRUNC ) ) ) ( FP-EVAL ( FP-UPN ( FP-SUB )
( FP-DIV ) ( FP-SUB ) ( FP-CLIP ) ) ) ( FP-EVAL ( FP-UPN ( FP-SUB ) ( FP-DIV )
( FP-CLIP ) ) ) ( FP-EVAL ( FP-UPN ( FP-SUB ) ( FP-DIV ) ( FP-ADD ) ( FP-CLIP
) ) ) ( FP-EVAL ( FP-UPN ( FP-ADD ) ( FP-DIV ) ( FP-ADD ) ( FP-CLIP ) ) )
Underfull \hbox (badness 10000) in paragraph at lines 277--277

 []

( FP-EVAL ( FP-UPN ( FP-RANDOM ( FP-DIV ) ) ( FP-MUL ) ( FP-ADD ) ( FP-TRUNC )
) ) ( FP-LT? ) ( FP-EVAL ( FP-UPN ( FP-RANDOM ( FP-DIV ) ) ( FP-MUL ) ( FP-SUB
) ( FP-TRUNC ) ) ) ( FP-EVAL ( FP-UPN ( FP-RANDOM ( FP-DIV ) ) ( FP-MUL )
( FP-ADD ) ( FP-TRUNC ) ) ) ( FP-EVAL ( FP-UPN ( FP-RANDOM ( FP-DIV ) )
( FP-MUL ) ( FP-ADD ) ( FP-TRUNC ) ) ) ( FP-LT? ) ( FP-EVAL ( FP-UPN
( FP-RANDOM ( FP-DIV ) ) ( FP-MUL ) ( FP-SUB ) ( FP-TRUNC ) ) ) ( FP-EVAL
( FP-UPN ( FP-RANDOM ( FP-DIV ) ) ( FP-MUL ) ( FP-ADD ) ( FP-TRUNC ) ) )
( FP-EVAL ( FP-UPN ( FP-RANDOM ( FP-DIV ) ) ( FP-MUL ) ( FP-ADD ) ( FP-TRUNC )
) )
Underfull \hbox (badness 10000) in paragraph at lines 277--277

 []

[1

] ( FP-EVAL ( FP-UPN ( FP-RANDOM ( FP-DIV ) ) ( FP-MUL ) ( FP-ADD )
( FP-TRUNC ) ) ) ( FP-EVAL ( FP-UPN ( FP-RANDOM ( FP-DIV ) ) ( FP-MUL )
( FP-ADD ) ( FP-TRUNC ) ) ) ( FP-EVAL ( FP-UPN ( FP-RANDOM ( FP-DIV ) )
( FP-MUL ) ( FP-ADD ) ( FP-TRUNC ) ) )
Underfull \hbox (badness 10000) in paragraph at lines 277--277

 []

[2

] ( FP-EVAL ( FP-UPN ( FP-RANDOM ( FP-DIV ) ) ( FP-MUL ) ( FP-ADD )
( FP-TRUNC ) ) ) ( FP-EVAL ( FP-UPN ( FP-MUL ) ( FP-SUB ) ( FP-CLIP ) ) )
( FP-EVAL ( FP-UPN ( FP-MUL ) ( FP-SUB ) ( FP-DIV ) ( FP-CLIP ) ) ) ( FP-EVAL
( FP-UPN ( FP-MUL ) ( FP-SUB ) ( FP-MUL ) ( FP-CLIP ) ) ) ( FP-EVAL ( FP-UPN
( FP-SUB ) ( FP-MUL ) ( FP-CLIP ) ) ) ( FP-EVAL ( FP-UPN ( FP-RANDOM ( FP-DIV
) ) ( FP-MUL ) ( FP-ADD ) ( FP-TRUNC ) ) ) ( FP-EVAL ( FP-UPN ( FP-SUB )
( FP-DIV ) ( FP-SUB ) ( FP-CLIP ) ) ) ( FP-EVAL ( FP-UPN ( FP-SUB ) ( FP-DIV )
( FP-CLIP ) ) ) ( FP-EVAL ( FP-UPN ( FP-SUB ) ( FP-DIV ) ( FP-ADD ) ( FP-CLIP
) ) ) ( FP-EVAL ( FP-UPN ( FP-ADD ) ( FP-DIV ) ( FP-ADD ) ( FP-CLIP ) ) )
Underfull \hbox (badness 10000) in paragraph at lines 277--277

 []

( FP-EVAL ( FP-UPN ( FP-RANDOM ( FP-DIV ) ) ( FP-MUL ) ( FP-ADD ) ( FP-TRUNC )
) ) ( FP-LT? ) ( FP-EVAL ( FP-UPN ( FP-RANDOM ( FP-DIV ) ) ( FP-MUL ) ( FP-SUB
) ( FP-TRUNC ) ) ) ( FP-EVAL ( FP-UPN ( FP-RANDOM ( FP-DIV ) ) ( FP-MUL )
( FP-ADD ) ( FP-TRUNC ) ) ) ( FP-EVAL ( FP-UPN ( FP-RANDOM ( FP-DIV ) )
( FP-MUL ) ( FP-ADD ) ( FP-TRUNC ) ) ) ( FP-LT? ) ( FP-EVAL ( FP-UPN
( FP-RANDOM ( FP-DIV ) ) ( FP-MUL ) ( FP-ADD ) ( FP-TRUNC ) ) ) ( FP-EVAL
( FP-UPN ( FP-RANDOM ( FP-DIV ) ) ( FP-MUL ) ( FP-ADD ) ( FP-TRUNC ) ) )
( FP-EVAL ( FP-UPN ( FP-RANDOM ( FP-DIV ) ) ( FP-MUL ) ( FP-ADD ) ( FP-TRUNC )
) )
Underfull \hbox (badness 10000) in paragraph at lines 277--277

 []

[1

] ( FP-EVAL ( FP-UPN ( FP-RANDOM ( FP-DIV ) ) ( FP-MUL ) ( FP-ADD )
( FP-TRUNC ) ) ) ( FP-EVAL ( FP-UPN ( FP-RANDOM ( FP-DIV ) ) ( FP-MUL )
( FP-ADD ) ( FP-TRUNC ) ) ) ( FP-EVAL ( FP-UPN ( FP-RANDOM ( FP-DIV ) )
( FP-MUL ) ( FP-ADD ) ( FP-TRUNC ) ) )
Underfull \hbox (badness 10000) in paragraph at lines 277--277

 []

[2

] ( FP-EVAL ( FP-UPN ( FP-RANDOM ( FP-DIV ) ) ( FP-MUL ) ( FP-ADD )
( FP-TRUNC ) ) ) ( FP-EVAL ( FP-UPN ( FP-MUL ) ( FP-SUB ) ( FP-CLIP ) ) )
( FP-EVAL ( FP-UPN ( FP-MUL ) ( FP-SUB ) ( FP-DIV ) ( FP-CLIP ) ) ) ( FP-EVAL
( FP-UPN ( FP-MUL ) ( FP-SUB ) ( FP-MUL ) ( FP-CLIP ) ) ) ( FP-EVAL ( FP-UPN
( FP-SUB ) ( FP-MUL ) ( FP-CLIP ) ) ) ( FP-EVAL ( FP-UPN ( FP-RANDOM ( FP-DIV
) ) ( FP-MUL ) ( FP-ADD ) ( FP-TRUNC ) ) ) ( FP-EVAL ( FP-UPN ( FP-SUB )
( FP-DIV ) ( FP-SUB ) ( FP-CLIP ) ) ) ( FP-EVAL ( FP-UPN ( FP-SUB ) ( FP-DIV )
( FP-CLIP ) ) ) ( FP-EVAL ( FP-UPN ( FP-SUB ) ( FP-DIV ) ( FP-ADD ) ( FP-CLIP
) ) ) ( FP-EVAL ( FP-UPN ( FP-ADD ) ( FP-DIV ) ( FP-ADD ) ( FP-CLIP ) ) )
Underfull \hbox (badness 10000) in paragraph at lines 277--277

 []

( FP-EVAL ( FP-UPN ( FP-RANDOM ( FP-DIV ) ) ( FP-MUL ) ( FP-ADD ) ( FP-TRUNC )
) ) ( FP-LT? ) ( FP-EVAL ( FP-UPN ( FP-RANDOM ( FP-DIV ) ) ( FP-MUL ) ( FP-ADD
) ( FP-TRUNC ) ) ) ( FP-EVAL ( FP-UPN ( FP-RANDOM ( FP-DIV ) ) ( FP-MUL )
( FP-ADD ) ( FP-TRUNC ) ) ) ( FP-EVAL ( FP-UPN ( FP-RANDOM ( FP-DIV ) )
( FP-MUL ) ( FP-ADD ) ( FP-TRUNC ) ) ) ( FP-LT? ) ( FP-EVAL ( FP-UPN
( FP-RANDOM ( FP-DIV ) ) ( FP-MUL ) ( FP-SUB ) ( FP-TRUNC ) ) ) ( FP-EVAL
( FP-UPN ( FP-RANDOM ( FP-DIV ) ) ( FP-MUL ) ( FP-ADD ) ( FP-TRUNC ) ) )
( FP-EVAL ( FP-UPN ( FP-RANDOM ( FP-DIV ) ) ( FP-MUL ) ( FP-ADD ) ( FP-TRUNC )
) )
Underfull \hbox (badness 10000) in paragraph at lines 277--277

 []

[1

] ( FP-EVAL ( FP-UPN ( FP-RANDOM ( FP-DIV ) ) ( FP-MUL ) ( FP-ADD )
( FP-TRUNC ) ) ) ( FP-EVAL ( FP-UPN ( FP-RANDOM ( FP-DIV ) ) ( FP-MUL )
( FP-ADD ) ( FP-TRUNC ) ) ) ( FP-EVAL ( FP-UPN ( FP-RANDOM ( FP-DIV ) )
( FP-MUL ) ( FP-ADD ) ( FP-TRUNC ) ) )
Underfull \hbox (badness 10000) in paragraph at lines 277--277

 []

[2

] ( FP-EVAL ( FP-UPN ( FP-RANDOM ( FP-DIV ) ) ( FP-MUL ) ( FP-ADD )
( FP-TRUNC ) ) ) ( FP-EVAL ( FP-UPN ( FP-MUL ) ( FP-SUB ) ( FP-CLIP ) ) )
( FP-EVAL ( FP-UPN ( FP-MUL ) ( FP-SUB ) ( FP-DIV ) ( FP-CLIP ) ) ) ( FP-EVAL
( FP-UPN ( FP-MUL ) ( FP-SUB ) ( FP-MUL ) ( FP-CLIP ) ) ) ( FP-EVAL ( FP-UPN
( FP-SUB ) ( FP-MUL ) ( FP-CLIP ) ) ) ( FP-EVAL ( FP-UPN ( FP-RANDOM ( FP-DIV
) ) ( FP-MUL ) ( FP-ADD ) ( FP-TRUNC ) ) ) ( FP-EVAL ( FP-UPN ( FP-SUB )
( FP-DIV ) ( FP-SUB ) ( FP-CLIP ) ) ) ( FP-EVAL ( FP-UPN ( FP-SUB ) ( FP-DIV )
( FP-CLIP ) ) ) ( FP-EVAL ( FP-UPN ( FP-SUB ) ( FP-DIV ) ( FP-ADD ) ( FP-CLIP
) ) ) ( FP-EVAL ( FP-UPN ( FP-ADD ) ( FP-DIV ) ( FP-ADD ) ( FP-CLIP ) ) )
Underfull \hbox (badness 10000) in paragraph at lines 277--277

 []

( FP-EVAL ( FP-UPN ( FP-RANDOM ( FP-DIV ) ) ( FP-MUL ) ( FP-ADD ) ( FP-TRUNC )
) ) ( FP-LT? ) ( FP-EVAL ( FP-UPN ( FP-RANDOM ( FP-DIV ) ) ( FP-MUL ) ( FP-SUB
) ( FP-TRUNC ) ) ) ( FP-EVAL ( FP-UPN ( FP-RANDOM ( FP-DIV ) ) ( FP-MUL )
( FP-ADD ) ( FP-TRUNC ) ) ) ( FP-EVAL ( FP-UPN ( FP-RANDOM ( FP-DIV ) )
( FP-MUL ) ( FP-ADD ) ( FP-TRUNC ) ) ) ( FP-LT? ) ( FP-EVAL ( FP-UPN
( FP-RANDOM ( FP-DIV ) ) ( FP-MUL ) ( FP-SUB ) ( FP-TRUNC ) ) ) ( FP-EVAL
( FP-UPN ( FP-RANDOM ( FP-DIV ) ) ( FP-MUL ) ( FP-ADD ) ( FP-TRUNC ) ) )
( FP-EVAL ( FP-UPN ( FP-RANDOM ( FP-DIV ) ) ( FP-MUL ) ( FP-ADD ) ( FP-TRUNC )
) )
Underfull \hbox (badness 10000) in paragraph at lines 277--277

 []

[1

] ( FP-EVAL ( FP-UPN ( FP-RANDOM ( FP-DIV ) ) ( FP-MUL ) ( FP-ADD )
( FP-TRUNC ) ) ) ( FP-EVAL ( FP-UPN ( FP-RANDOM ( FP-DIV ) ) ( FP-MUL )
( FP-ADD ) ( FP-TRUNC ) ) ) ( FP-EVAL ( FP-UPN ( FP-RANDOM ( FP-DIV ) )
( FP-MUL ) ( FP-ADD ) ( FP-TRUNC ) ) )
Underfull \hbox (badness 10000) in paragraph at lines 277--277

 []

[2

] ( FP-EVAL ( FP-UPN ( FP-RANDOM ( FP-DIV ) ) ( FP-MUL ) ( FP-ADD )
( FP-TRUNC ) ) ) ( FP-EVAL ( FP-UPN ( FP-MUL ) ( FP-SUB ) ( FP-CLIP ) ) )
( FP-EVAL ( FP-UPN ( FP-MUL ) ( FP-SUB ) ( FP-DIV ) ( FP-CLIP ) ) ) ( FP-EVAL
( FP-UPN ( FP-MUL ) ( FP-SUB ) ( FP-MUL ) ( FP-CLIP ) ) ) ( FP-EVAL ( FP-UPN
( FP-SUB ) ( FP-MUL ) ( FP-CLIP ) ) ) ( FP-EVAL ( FP-UPN ( FP-RANDOM ( FP-DIV
) ) ( FP-MUL ) ( FP-ADD ) ( FP-TRUNC ) ) ) ( FP-EVAL ( FP-UPN ( FP-SUB )
( FP-DIV ) ( FP-SUB ) ( FP-CLIP ) ) ) ( FP-EVAL ( FP-UPN ( FP-SUB ) ( FP-DIV )
( FP-CLIP ) ) ) ( FP-EVAL ( FP-UPN ( FP-SUB ) ( FP-DIV ) ( FP-ADD ) ( FP-CLIP
) ) ) ( FP-EVAL ( FP-UPN ( FP-ADD ) ( FP-DIV ) ( FP-ADD ) ( FP-CLIP ) ) )
Underfull \hbox (badness 10000) in paragraph at lines 277--277

 []

( FP-EVAL ( FP-UPN ( FP-RANDOM ( FP-DIV ) ) ( FP-MUL ) ( FP-ADD ) ( FP-TRUNC )
) ) ( FP-LT? ) ( FP-EVAL ( FP-UPN ( FP-RANDOM ( FP-DIV ) ) ( FP-MUL ) ( FP-SUB
) ( FP-TRUNC ) ) ) ( FP-EVAL ( FP-UPN ( FP-RANDOM ( FP-DIV ) ) ( FP-MUL )
( FP-ADD ) ( FP-TRUNC ) ) ) ( FP-EVAL ( FP-UPN ( FP-RANDOM ( FP-DIV ) )
( FP-MUL ) ( FP-ADD ) ( FP-TRUNC ) ) ) ( FP-LT? ) ( FP-EVAL ( FP-UPN
( FP-RANDOM ( FP-DIV ) ) ( FP-MUL ) ( FP-SUB ) ( FP-TRUNC ) ) ) ( FP-EVAL
( FP-UPN ( FP-RANDOM ( FP-DIV ) ) ( FP-MUL ) ( FP-ADD ) ( FP-TRUNC ) ) )
( FP-EVAL ( FP-UPN ( FP-RANDOM ( FP-DIV ) ) ( FP-MUL ) ( FP-ADD ) ( FP-TRUNC )
) )
Underfull \hbox (badness 10000) in paragraph at lines 277--277

 []

[1

] ( FP-EVAL ( FP-UPN ( FP-RANDOM ( FP-DIV ) ) ( FP-MUL ) ( FP-ADD )
( FP-TRUNC ) ) ) ( FP-EVAL ( FP-UPN ( FP-RANDOM ( FP-DIV ) ) ( FP-MUL )
( FP-ADD ) ( FP-TRUNC ) ) ) ( FP-EVAL ( FP-UPN ( FP-RANDOM ( FP-DIV ) )
( FP-MUL ) ( FP-ADD ) ( FP-TRUNC ) ) )
Underfull \hbox (badness 10000) in paragraph at lines 277--277

 []

[2

] ( FP-EVAL ( FP-UPN ( FP-RANDOM ( FP-DIV ) ) ( FP-MUL ) ( FP-ADD )
( FP-TRUNC ) ) ) ( FP-EVAL ( FP-UPN ( FP-MUL ) ( FP-SUB ) ( FP-CLIP ) ) )
( FP-EVAL ( FP-UPN ( FP-MUL ) ( FP-SUB ) ( FP-DIV ) ( FP-CLIP ) ) ) ( FP-EVAL
( FP-UPN ( FP-MUL ) ( FP-SUB ) ( FP-MUL ) ( FP-CLIP ) ) ) ( FP-EVAL ( FP-UPN
( FP-SUB ) ( FP-MUL ) ( FP-CLIP ) ) ) ( FP-EVAL ( FP-UPN ( FP-RANDOM ( FP-DIV
) ) ( FP-MUL ) ( FP-ADD ) ( FP-TRUNC ) ) ) ( FP-EVAL ( FP-UPN ( FP-SUB )
( FP-DIV ) ( FP-SUB ) ( FP-CLIP ) ) ) ( FP-EVAL ( FP-UPN ( FP-SUB ) ( FP-DIV )
( FP-CLIP ) ) ) ( FP-EVAL ( FP-UPN ( FP-SUB ) ( FP-DIV ) ( FP-ADD ) ( FP-CLIP
) ) ) ( FP-EVAL ( FP-UPN ( FP-ADD ) ( FP-DIV ) ( FP-ADD ) ( FP-CLIP ) ) )
Underfull \hbox (badness 10000) in paragraph at lines 277--277

 []

( FP-EVAL ( FP-UPN ( FP-RANDOM ( FP-DIV ) ) ( FP-MUL ) ( FP-ADD ) ( FP-TRUNC )
) ) ( FP-LT? ) ( FP-EVAL ( FP-UPN ( FP-RANDOM ( FP-DIV ) ) ( FP-MUL ) ( FP-SUB
) ( FP-TRUNC ) ) ) ( FP-EVAL ( FP-UPN ( FP-RANDOM ( FP-DIV ) ) ( FP-MUL )
( FP-ADD ) ( FP-TRUNC ) ) ) ( FP-EVAL ( FP-UPN ( FP-RANDOM ( FP-DIV ) )
( FP-MUL ) ( FP-ADD ) ( FP-TRUNC ) ) ) ( FP-LT? ) ( FP-EVAL ( FP-UPN
( FP-RANDOM ( FP-DIV ) ) ( FP-MUL ) ( FP-SUB ) ( FP-TRUNC ) ) ) ( FP-EVAL
( FP-UPN ( FP-RANDOM ( FP-DIV ) ) ( FP-MUL ) ( FP-ADD ) ( FP-TRUNC ) ) )
( FP-EVAL ( FP-UPN ( FP-RANDOM ( FP-DIV ) ) ( FP-MUL ) ( FP-ADD ) ( FP-TRUNC )
) )
Underfull \hbox (badness 10000) in paragraph at lines 277--277

 []

[1

] ( FP-EVAL ( FP-UPN ( FP-RANDOM ( FP-DIV ) ) ( FP-MUL ) ( FP-ADD )
( FP-TRUNC ) ) ) ( FP-EVAL ( FP-UPN ( FP-RANDOM ( FP-DIV ) ) ( FP-MUL )
( FP-ADD ) ( FP-TRUNC ) ) ) ( FP-EVAL ( FP-UPN ( FP-RANDOM ( FP-DIV ) )
( FP-MUL ) ( FP-ADD ) ( FP-TRUNC ) ) )
Underfull \hbox (badness 10000) in paragraph at lines 277--277

 []

[2

] ( FP-EVAL ( FP-UPN ( FP-RANDOM ( FP-DIV ) ) ( FP-MUL ) ( FP-ADD )
( FP-TRUNC ) ) ) ( FP-EVAL ( FP-UPN ( FP-MUL ) ( FP-SUB ) ( FP-CLIP ) ) )
( FP-EVAL ( FP-UPN ( FP-MUL ) ( FP-SUB ) ( FP-DIV ) ( FP-CLIP ) ) ) ( FP-EVAL
( FP-UPN ( FP-MUL ) ( FP-SUB ) ( FP-MUL ) ( FP-CLIP ) ) ) ( FP-EVAL ( FP-UPN
( FP-SUB ) ( FP-MUL ) ( FP-CLIP ) ) ) ( FP-EVAL ( FP-UPN ( FP-RANDOM ( FP-DIV
) ) ( FP-MUL ) ( FP-ADD ) ( FP-TRUNC ) ) ) ( FP-EVAL ( FP-UPN ( FP-SUB )
( FP-DIV ) ( FP-SUB ) ( FP-CLIP ) ) ) ( FP-EVAL ( FP-UPN ( FP-SUB ) ( FP-DIV )
( FP-CLIP ) ) ) ( FP-EVAL ( FP-UPN ( FP-SUB ) ( FP-DIV ) ( FP-ADD ) ( FP-CLIP
) ) ) ( FP-EVAL ( FP-UPN ( FP-ADD ) ( FP-DIV ) ( FP-ADD ) ( FP-CLIP ) ) )
Underfull \hbox (badness 10000) in paragraph at lines 277--277

 []

( FP-EVAL ( FP-UPN ( FP-RANDOM ( FP-DIV ) ) ( FP-MUL ) ( FP-ADD ) ( FP-TRUNC )
) ) ( FP-LT? ) ( FP-EVAL ( FP-UPN ( FP-RANDOM ( FP-DIV ) ) ( FP-MUL ) ( FP-SUB
) ( FP-TRUNC ) ) ) ( FP-EVAL ( FP-UPN ( FP-RANDOM ( FP-DIV ) ) ( FP-MUL )
( FP-ADD ) ( FP-TRUNC ) ) ) ( FP-EVAL ( FP-UPN ( FP-RANDOM ( FP-DIV ) )
( FP-MUL ) ( FP-ADD ) ( FP-TRUNC ) ) ) ( FP-LT? ) ( FP-EVAL ( FP-UPN
( FP-RANDOM ( FP-DIV ) ) ( FP-MUL ) ( FP-ADD ) ( FP-TRUNC ) ) ) ( FP-EVAL
( FP-UPN ( FP-RANDOM ( FP-DIV ) ) ( FP-MUL ) ( FP-ADD ) ( FP-TRUNC ) ) )
( FP-EVAL ( FP-UPN ( FP-RANDOM ( FP-DIV ) ) ( FP-MUL ) ( FP-ADD ) ( FP-TRUNC )
) )
Underfull \hbox (badness 10000) in paragraph at lines 277--277

 []

[1

] ( FP-EVAL ( FP-UPN ( FP-RANDOM ( FP-DIV ) ) ( FP-MUL ) ( FP-ADD )
( FP-TRUNC ) ) ) ( FP-EVAL ( FP-UPN ( FP-RANDOM ( FP-DIV ) ) ( FP-MUL )
( FP-ADD ) ( FP-TRUNC ) ) ) ( FP-EVAL ( FP-UPN ( FP-RANDOM ( FP-DIV ) )
( FP-MUL ) ( FP-ADD ) ( FP-TRUNC ) ) )
Underfull \hbox (badness 10000) in paragraph at lines 277--277

 []

[2

] ( FP-EVAL ( FP-UPN ( FP-RANDOM ( FP-DIV ) ) ( FP-MUL ) ( FP-ADD )
( FP-TRUNC ) ) ) ( FP-EVAL ( FP-UPN ( FP-MUL ) ( FP-SUB ) ( FP-CLIP ) ) )
( FP-EVAL ( FP-UPN ( FP-MUL ) ( FP-SUB ) ( FP-DIV ) ( FP-CLIP ) ) ) ( FP-EVAL
( FP-UPN ( FP-MUL ) ( FP-SUB ) ( FP-MUL ) ( FP-CLIP ) ) ) ( FP-EVAL ( FP-UPN
( FP-SUB ) ( FP-MUL ) ( FP-CLIP ) ) ) ( FP-EVAL ( FP-UPN ( FP-RANDOM ( FP-DIV
) ) ( FP-MUL ) ( FP-ADD ) ( FP-TRUNC ) ) ) ( FP-EVAL ( FP-UPN ( FP-SUB )
( FP-DIV ) ( FP-SUB ) ( FP-CLIP ) ) ) ( FP-EVAL ( FP-UPN ( FP-SUB ) ( FP-DIV )
( FP-CLIP ) ) ) ( FP-EVAL ( FP-UPN ( FP-SUB ) ( FP-DIV ) ( FP-ADD ) ( FP-CLIP
) ) ) ( FP-EVAL ( FP-UPN ( FP-ADD ) ( FP-DIV ) ( FP-ADD ) ( FP-CLIP ) ) )
Underfull \hbox (badness 10000) in paragraph at lines 277--277

 []

( FP-EVAL ( FP-UPN ( FP-RANDOM ( FP-DIV ) ) ( FP-MUL ) ( FP-ADD ) ( FP-TRUNC )
) ) ( FP-LT? ) ( FP-EVAL ( FP-UPN ( FP-RANDOM ( FP-DIV ) ) ( FP-MUL ) ( FP-ADD
) ( FP-TRUNC ) ) ) ( FP-EVAL ( FP-UPN ( FP-RANDOM ( FP-DIV ) ) ( FP-MUL )
( FP-ADD ) ( FP-TRUNC ) ) ) ( FP-EVAL ( FP-UPN ( FP-RANDOM ( FP-DIV ) )
( FP-MUL ) ( FP-ADD ) ( FP-TRUNC ) ) ) ( FP-LT? ) ( FP-EVAL ( FP-UPN
( FP-RANDOM ( FP-DIV ) ) ( FP-MUL ) ( FP-ADD ) ( FP-TRUNC ) ) ) ( FP-EVAL
( FP-UPN ( FP-RANDOM ( FP-DIV ) ) ( FP-MUL ) ( FP-ADD ) ( FP-TRUNC ) ) )
( FP-EVAL ( FP-UPN ( FP-RANDOM ( FP-DIV ) ) ( FP-MUL ) ( FP-ADD ) ( FP-TRUNC )
) )
Underfull \hbox (badness 10000) in paragraph at lines 277--277

 []

[1

] ( FP-EVAL ( FP-UPN ( FP-RANDOM ( FP-DIV ) ) ( FP-MUL ) ( FP-ADD )
( FP-TRUNC ) ) ) ( FP-EVAL ( FP-UPN ( FP-RANDOM ( FP-DIV ) ) ( FP-MUL )
( FP-ADD ) ( FP-TRUNC ) ) ) ( FP-EVAL ( FP-UPN ( FP-RANDOM ( FP-DIV ) )
( FP-MUL ) ( FP-ADD ) ( FP-TRUNC ) ) )
Underfull \hbox (badness 10000) in paragraph at lines 277--277

 []

[2

] ( FP-EVAL ( FP-UPN ( FP-RANDOM ( FP-DIV ) ) ( FP-MUL ) ( FP-ADD )
( FP-TRUNC ) ) ) ( FP-EVAL ( FP-UPN ( FP-MUL ) ( FP-SUB ) ( FP-CLIP ) ) )
( FP-EVAL ( FP-UPN ( FP-MUL ) ( FP-SUB ) ( FP-DIV ) ( FP-CLIP ) ) ) ( FP-EVAL
( FP-UPN ( FP-MUL ) ( FP-SUB ) ( FP-MUL ) ( FP-CLIP ) ) ) ( FP-EVAL ( FP-UPN
( FP-SUB ) ( FP-MUL ) ( FP-CLIP ) ) ) ( FP-EVAL ( FP-UPN ( FP-RANDOM ( FP-DIV
) ) ( FP-MUL ) ( FP-ADD ) ( FP-TRUNC ) ) ) ( FP-EVAL ( FP-UPN ( FP-SUB )
( FP-DIV ) ( FP-SUB ) ( FP-CLIP ) ) ) ( FP-EVAL ( FP-UPN ( FP-SUB ) ( FP-DIV )
( FP-CLIP ) ) ) ( FP-EVAL ( FP-UPN ( FP-SUB ) ( FP-DIV ) ( FP-ADD ) ( FP-CLIP
) ) ) ( FP-EVAL ( FP-UPN ( FP-ADD ) ( FP-DIV ) ( FP-ADD ) ( FP-CLIP ) ) )
Underfull \hbox (badness 10000) in paragraph at lines 277--277

 []

( FP-EVAL ( FP-UPN ( FP-RANDOM ( FP-DIV ) ) ( FP-MUL ) ( FP-ADD ) ( FP-TRUNC )
) ) ( FP-LT? ) ( FP-EVAL ( FP-UPN ( FP-RANDOM ( FP-DIV ) ) ( FP-MUL ) ( FP-SUB
) ( FP-TRUNC ) ) ) ( FP-EVAL ( FP-UPN ( FP-RANDOM ( FP-DIV ) ) ( FP-MUL )
( FP-ADD ) ( FP-TRUNC ) ) ) ( FP-EVAL ( FP-UPN ( FP-RANDOM ( FP-DIV ) )
( FP-MUL ) ( FP-ADD ) ( FP-TRUNC ) ) ) ( FP-LT? ) ( FP-EVAL ( FP-UPN
( FP-RANDOM ( FP-DIV ) ) ( FP-MUL ) ( FP-ADD ) ( FP-TRUNC ) ) ) ( FP-EVAL
( FP-UPN ( FP-RANDOM ( FP-DIV ) ) ( FP-MUL ) ( FP-ADD ) ( FP-TRUNC ) ) )
( FP-EVAL ( FP-UPN ( FP-RANDOM ( FP-DIV ) ) ( FP-MUL ) ( FP-ADD ) ( FP-TRUNC )
) )
Underfull \hbox (badness 10000) in paragraph at lines 277--277

 []

[1

] ( FP-EVAL ( FP-UPN ( FP-RANDOM ( FP-DIV ) ) ( FP-MUL ) ( FP-ADD )
( FP-TRUNC ) ) ) ( FP-EVAL ( FP-UPN ( FP-RANDOM ( FP-DIV ) ) ( FP-MUL )
( FP-ADD ) ( FP-TRUNC ) ) ) ( FP-EVAL ( FP-UPN ( FP-RANDOM ( FP-DIV ) )
( FP-MUL ) ( FP-ADD ) ( FP-TRUNC ) ) )
Underfull \hbox (badness 10000) in paragraph at lines 277--277

 []

[2

] ( FP-EVAL ( FP-UPN ( FP-RANDOM ( FP-DIV ) ) ( FP-MUL ) ( FP-ADD )
( FP-TRUNC ) ) ) ( FP-EVAL ( FP-UPN ( FP-MUL ) ( FP-SUB ) ( FP-CLIP ) ) )
( FP-EVAL ( FP-UPN ( FP-MUL ) ( FP-SUB ) ( FP-DIV ) ( FP-CLIP ) ) ) ( FP-EVAL
( FP-UPN ( FP-MUL ) ( FP-SUB ) ( FP-MUL ) ( FP-CLIP ) ) ) ( FP-EVAL ( FP-UPN
( FP-SUB ) ( FP-MUL ) ( FP-CLIP ) ) ) ( FP-EVAL ( FP-UPN ( FP-RANDOM ( FP-DIV
) ) ( FP-MUL ) ( FP-ADD ) ( FP-TRUNC ) ) ) ( FP-EVAL ( FP-UPN ( FP-SUB )
( FP-DIV ) ( FP-SUB ) ( FP-CLIP ) ) ) ( FP-EVAL ( FP-UPN ( FP-SUB ) ( FP-DIV )
( FP-CLIP ) ) ) ( FP-EVAL ( FP-UPN ( FP-SUB ) ( FP-DIV ) ( FP-ADD ) ( FP-CLIP
) ) ) ( FP-EVAL ( FP-UPN ( FP-ADD ) ( FP-DIV ) ( FP-ADD ) ( FP-CLIP ) ) )
Underfull \hbox (badness 10000) in paragraph at lines 277--277

 []

( FP-EVAL ( FP-UPN ( FP-RANDOM ( FP-DIV ) ) ( FP-MUL ) ( FP-ADD ) ( FP-TRUNC )
) ) ( FP-LT? ) ( FP-EVAL ( FP-UPN ( FP-RANDOM ( FP-DIV ) ) ( FP-MUL ) ( FP-ADD
) ( FP-TRUNC ) ) ) ( FP-EVAL ( FP-UPN ( FP-RANDOM ( FP-DIV ) ) ( FP-MUL )
( FP-ADD ) ( FP-TRUNC ) ) ) ( FP-EVAL ( FP-UPN ( FP-RANDOM ( FP-DIV ) )
( FP-MUL ) ( FP-ADD ) ( FP-TRUNC ) ) ) ( FP-LT? ) ( FP-EVAL ( FP-UPN
( FP-RANDOM ( FP-DIV ) ) ( FP-MUL ) ( FP-ADD ) ( FP-TRUNC ) ) ) ( FP-EVAL
( FP-UPN ( FP-RANDOM ( FP-DIV ) ) ( FP-MUL ) ( FP-ADD ) ( FP-TRUNC ) ) )
( FP-EVAL ( FP-UPN ( FP-RANDOM ( FP-DIV ) ) ( FP-MUL ) ( FP-ADD ) ( FP-TRUNC )
) )
Underfull \hbox (badness 10000) in paragraph at lines 277--277

 []

[1

] ( FP-EVAL ( FP-UPN ( FP-RANDOM ( FP-DIV ) ) ( FP-MUL ) ( FP-ADD )
( FP-TRUNC ) ) ) ( FP-EVAL ( FP-UPN ( FP-RANDOM ( FP-DIV ) ) ( FP-MUL )
( FP-ADD ) ( FP-TRUNC ) ) ) ( FP-EVAL ( FP-UPN ( FP-RANDOM ( FP-DIV ) )
( FP-MUL ) ( FP-ADD ) ( FP-TRUNC ) ) )
Underfull \hbox (badness 10000) in paragraph at lines 277--277

 []

[2

] ( FP-EVAL ( FP-UPN ( FP-RANDOM ( FP-DIV ) ) ( FP-MUL ) ( FP-ADD )
( FP-TRUNC ) ) ) ( FP-EVAL ( FP-UPN ( FP-MUL ) ( FP-SUB ) ( FP-CLIP ) ) )
( FP-EVAL ( FP-UPN ( FP-MUL ) ( FP-SUB ) ( FP-DIV ) ( FP-CLIP ) ) ) ( FP-EVAL
( FP-UPN ( FP-MUL ) ( FP-SUB ) ( FP-MUL ) ( FP-CLIP ) ) ) ( FP-EVAL ( FP-UPN
( FP-SUB ) ( FP-MUL ) ( FP-CLIP ) ) ) ( FP-EVAL ( FP-UPN ( FP-RANDOM ( FP-DIV
) ) ( FP-MUL ) ( FP-ADD ) ( FP-TRUNC ) ) ) ( FP-EVAL ( FP-UPN ( FP-SUB )
( FP-DIV ) ( FP-SUB ) ( FP-CLIP ) ) ) ( FP-EVAL ( FP-UPN ( FP-SUB ) ( FP-DIV )
( FP-CLIP ) ) ) ( FP-EVAL ( FP-UPN ( FP-SUB ) ( FP-DIV ) ( FP-ADD ) ( FP-CLIP
) ) ) ( FP-EVAL ( FP-UPN ( FP-ADD ) ( FP-DIV ) ( FP-ADD ) ( FP-CLIP ) ) )
Underfull \hbox (badness 10000) in paragraph at lines 277--277

 []

( FP-EVAL ( FP-UPN ( FP-RANDOM ( FP-DIV ) ) ( FP-MUL ) ( FP-ADD ) ( FP-TRUNC )
) ) ( FP-LT? ) ( FP-EVAL ( FP-UPN ( FP-RANDOM ( FP-DIV ) ) ( FP-MUL ) ( FP-ADD
) ( FP-TRUNC ) ) ) ( FP-EVAL ( FP-UPN ( FP-RANDOM ( FP-DIV ) ) ( FP-MUL )
( FP-ADD ) ( FP-TRUNC ) ) ) ( FP-EVAL ( FP-UPN ( FP-RANDOM ( FP-DIV ) )
( FP-MUL ) ( FP-ADD ) ( FP-TRUNC ) ) ) ( FP-LT? ) ( FP-EVAL ( FP-UPN
( FP-RANDOM ( FP-DIV ) ) ( FP-MUL ) ( FP-ADD ) ( FP-TRUNC ) ) ) ( FP-EVAL
( FP-UPN ( FP-RANDOM ( FP-DIV ) ) ( FP-MUL ) ( FP-ADD ) ( FP-TRUNC ) ) )
( FP-EVAL ( FP-UPN ( FP-RANDOM ( FP-DIV ) ) ( FP-MUL ) ( FP-ADD ) ( FP-TRUNC )
) )
Underfull \hbox (badness 10000) in paragraph at lines 277--277

 []

[1

] ( FP-EVAL ( FP-UPN ( FP-RANDOM ( FP-DIV ) ) ( FP-MUL ) ( FP-ADD )
( FP-TRUNC ) ) ) ( FP-EVAL ( FP-UPN ( FP-RANDOM ( FP-DIV ) ) ( FP-MUL )
( FP-ADD ) ( FP-TRUNC ) ) ) ( FP-EVAL ( FP-UPN ( FP-RANDOM ( FP-DIV ) )
( FP-MUL ) ( FP-ADD ) ( FP-TRUNC ) ) )
Underfull \hbox (badness 10000) in paragraph at lines 277--277

 []

[2

] ( FP-EVAL ( FP-UPN ( FP-RANDOM ( FP-DIV ) ) ( FP-MUL ) ( FP-ADD )
( FP-TRUNC ) ) ) ( FP-EVAL ( FP-UPN ( FP-MUL ) ( FP-SUB ) ( FP-CLIP ) ) )
( FP-EVAL ( FP-UPN ( FP-MUL ) ( FP-SUB ) ( FP-DIV ) ( FP-CLIP ) ) ) ( FP-EVAL
( FP-UPN ( FP-MUL ) ( FP-SUB ) ( FP-MUL ) ( FP-CLIP ) ) ) ( FP-EVAL ( FP-UPN
( FP-SUB ) ( FP-MUL ) ( FP-CLIP ) ) ) ( FP-EVAL ( FP-UPN ( FP-RANDOM ( FP-DIV
) ) ( FP-MUL ) ( FP-ADD ) ( FP-TRUNC ) ) ) ( FP-EVAL ( FP-UPN ( FP-SUB )
( FP-DIV ) ( FP-SUB ) ( FP-CLIP ) ) ) ( FP-EVAL ( FP-UPN ( FP-SUB ) ( FP-DIV )
( FP-CLIP ) ) ) ( FP-EVAL ( FP-UPN ( FP-SUB ) ( FP-DIV ) ( FP-ADD ) ( FP-CLIP
) ) ) ( FP-EVAL ( FP-UPN ( FP-ADD ) ( FP-DIV ) ( FP-ADD ) ( FP-CLIP ) ) )
Underfull \hbox (badness 10000) in paragraph at lines 277--277

 []

( FP-EVAL ( FP-UPN ( FP-RANDOM ( FP-DIV ) ) ( FP-MUL ) ( FP-ADD ) ( FP-TRUNC )
) ) ( FP-LT? ) ( FP-EVAL ( FP-UPN ( FP-RANDOM ( FP-DIV ) ) ( FP-MUL ) ( FP-SUB
) ( FP-TRUNC ) ) ) ( FP-EVAL ( FP-UPN ( FP-RANDOM ( FP-DIV ) ) ( FP-MUL )
( FP-ADD ) ( FP-TRUNC ) ) ) ( FP-EVAL ( FP-UPN ( FP-RANDOM ( FP-DIV ) )
( FP-MUL ) ( FP-ADD ) ( FP-TRUNC ) ) ) ( FP-LT? ) ( FP-EVAL ( FP-UPN
( FP-RANDOM ( FP-DIV ) ) ( FP-MUL ) ( FP-SUB ) ( FP-TRUNC ) ) ) ( FP-EVAL
( FP-UPN ( FP-RANDOM ( FP-DIV ) ) ( FP-MUL ) ( FP-ADD ) ( FP-TRUNC ) ) )
( FP-EVAL ( FP-UPN ( FP-RANDOM ( FP-DIV ) ) ( FP-MUL ) ( FP-ADD ) ( FP-TRUNC )
) )
Underfull \hbox (badness 10000) in paragraph at lines 277--277

 []

[1

] ( FP-EVAL ( FP-UPN ( FP-RANDOM ( FP-DIV ) ) ( FP-MUL ) ( FP-ADD )
( FP-TRUNC ) ) ) ( FP-EVAL ( FP-UPN ( FP-RANDOM ( FP-DIV ) ) ( FP-MUL )
( FP-ADD ) ( FP-TRUNC ) ) ) ( FP-EVAL ( FP-UPN ( FP-RANDOM ( FP-DIV ) )
( FP-MUL ) ( FP-ADD ) ( FP-TRUNC ) ) )
Underfull \hbox (badness 10000) in paragraph at lines 277--277

 []

[2

] ( FP-EVAL ( FP-UPN ( FP-RANDOM ( FP-DIV ) ) ( FP-MUL ) ( FP-ADD )
( FP-TRUNC ) ) ) ( FP-EVAL ( FP-UPN ( FP-MUL ) ( FP-SUB ) ( FP-CLIP ) ) )
( FP-EVAL ( FP-UPN ( FP-MUL ) ( FP-SUB ) ( FP-DIV ) ( FP-CLIP ) ) ) ( FP-EVAL
( FP-UPN ( FP-MUL ) ( FP-SUB ) ( FP-MUL ) ( FP-CLIP ) ) ) ( FP-EVAL ( FP-UPN
( FP-SUB ) ( FP-MUL ) ( FP-CLIP ) ) ) ( FP-EVAL ( FP-UPN ( FP-RANDOM ( FP-DIV
) ) ( FP-MUL ) ( FP-ADD ) ( FP-TRUNC ) ) ) ( FP-EVAL ( FP-UPN ( FP-SUB )
( FP-DIV ) ( FP-SUB ) ( FP-CLIP ) ) ) ( FP-EVAL ( FP-UPN ( FP-SUB ) ( FP-DIV )
( FP-CLIP ) ) ) ( FP-EVAL ( FP-UPN ( FP-SUB ) ( FP-DIV ) ( FP-ADD ) ( FP-CLIP
) ) ) ( FP-EVAL ( FP-UPN ( FP-ADD ) ( FP-DIV ) ( FP-ADD ) ( FP-CLIP ) ) )
Underfull \hbox (badness 10000) in paragraph at lines 277--277

 []

( FP-EVAL ( FP-UPN ( FP-RANDOM ( FP-DIV ) ) ( FP-MUL ) ( FP-ADD ) ( FP-TRUNC )
) ) ( FP-LT? ) ( FP-EVAL ( FP-UPN ( FP-RANDOM ( FP-DIV ) ) ( FP-MUL ) ( FP-SUB
) ( FP-TRUNC ) ) ) ( FP-EVAL ( FP-UPN ( FP-RANDOM ( FP-DIV ) ) ( FP-MUL )
( FP-ADD ) ( FP-TRUNC ) ) ) ( FP-EVAL ( FP-UPN ( FP-RANDOM ( FP-DIV ) )
( FP-MUL ) ( FP-ADD ) ( FP-TRUNC ) ) ) ( FP-LT? ) ( FP-EVAL ( FP-UPN
( FP-RANDOM ( FP-DIV ) ) ( FP-MUL ) ( FP-ADD ) ( FP-TRUNC ) ) ) ( FP-EVAL
( FP-UPN ( FP-RANDOM ( FP-DIV ) ) ( FP-MUL ) ( FP-ADD ) ( FP-TRUNC ) ) )
( FP-EVAL ( FP-UPN ( FP-RANDOM ( FP-DIV ) ) ( FP-MUL ) ( FP-ADD ) ( FP-TRUNC )
) )
Underfull \hbox (badness 10000) in paragraph at lines 277--277

 []

[1

] ( FP-EVAL ( FP-UPN ( FP-RANDOM ( FP-DIV ) ) ( FP-MUL ) ( FP-ADD )
( FP-TRUNC ) ) ) ( FP-EVAL ( FP-UPN ( FP-RANDOM ( FP-DIV ) ) ( FP-MUL )
( FP-ADD ) ( FP-TRUNC ) ) ) ( FP-EVAL ( FP-UPN ( FP-RANDOM ( FP-DIV ) )
( FP-MUL ) ( FP-ADD ) ( FP-TRUNC ) ) )
Underfull \hbox (badness 10000) in paragraph at lines 277--277

 []

[2

] ( FP-EVAL ( FP-UPN ( FP-RANDOM ( FP-DIV ) ) ( FP-MUL ) ( FP-ADD )
( FP-TRUNC ) ) ) ( FP-EVAL ( FP-UPN ( FP-MUL ) ( FP-SUB ) ( FP-CLIP ) ) )
( FP-EVAL ( FP-UPN ( FP-MUL ) ( FP-SUB ) ( FP-DIV ) ( FP-CLIP ) ) ) ( FP-EVAL
( FP-UPN ( FP-MUL ) ( FP-SUB ) ( FP-MUL ) ( FP-CLIP ) ) ) ( FP-EVAL ( FP-UPN
( FP-SUB ) ( FP-MUL ) ( FP-CLIP ) ) ) ( FP-EVAL ( FP-UPN ( FP-RANDOM ( FP-DIV
) ) ( FP-MUL ) ( FP-ADD ) ( FP-TRUNC ) ) ) ( FP-EVAL ( FP-UPN ( FP-SUB )
( FP-DIV ) ( FP-SUB ) ( FP-CLIP ) ) ) ( FP-EVAL ( FP-UPN ( FP-SUB ) ( FP-DIV )
( FP-CLIP ) ) ) ( FP-EVAL ( FP-UPN ( FP-SUB ) ( FP-DIV ) ( FP-ADD ) ( FP-CLIP
) ) ) ( FP-EVAL ( FP-UPN ( FP-ADD ) ( FP-DIV ) ( FP-ADD ) ( FP-CLIP ) ) )
Underfull \hbox (badness 10000) in paragraph at lines 277--277

 []

( FP-EVAL ( FP-UPN ( FP-RANDOM ( FP-DIV ) ) ( FP-MUL ) ( FP-ADD ) ( FP-TRUNC )
) ) ( FP-LT? ) ( FP-EVAL ( FP-UPN ( FP-RANDOM ( FP-DIV ) ) ( FP-MUL ) ( FP-ADD
) ( FP-TRUNC ) ) ) ( FP-EVAL ( FP-UPN ( FP-RANDOM ( FP-DIV ) ) ( FP-MUL )
( FP-ADD ) ( FP-TRUNC ) ) ) ( FP-EVAL ( FP-UPN ( FP-RANDOM ( FP-DIV ) )
( FP-MUL ) ( FP-ADD ) ( FP-TRUNC ) ) ) ( FP-LT? ) ( FP-EVAL ( FP-UPN
( FP-RANDOM ( FP-DIV ) ) ( FP-MUL ) ( FP-ADD ) ( FP-TRUNC ) ) ) ( FP-EVAL
( FP-UPN ( FP-RANDOM ( FP-DIV ) ) ( FP-MUL ) ( FP-ADD ) ( FP-TRUNC ) ) )
( FP-EVAL ( FP-UPN ( FP-RANDOM ( FP-DIV ) ) ( FP-MUL ) ( FP-ADD ) ( FP-TRUNC )
) )
Underfull \hbox (badness 10000) in paragraph at lines 277--277

 []

[1

] ( FP-EVAL ( FP-UPN ( FP-RANDOM ( FP-DIV ) ) ( FP-MUL ) ( FP-ADD )
( FP-TRUNC ) ) ) ( FP-EVAL ( FP-UPN ( FP-RANDOM ( FP-DIV ) ) ( FP-MUL )
( FP-ADD ) ( FP-TRUNC ) ) ) ( FP-EVAL ( FP-UPN ( FP-RANDOM ( FP-DIV ) )
( FP-MUL ) ( FP-ADD ) ( FP-TRUNC ) ) )
Underfull \hbox (badness 10000) in paragraph at lines 277--277

 []

[2

] ( FP-EVAL ( FP-UPN ( FP-RANDOM ( FP-DIV ) ) ( FP-MUL ) ( FP-ADD )
( FP-TRUNC ) ) ) ( FP-EVAL ( FP-UPN ( FP-MUL ) ( FP-SUB ) ( FP-CLIP ) ) )
( FP-EVAL ( FP-UPN ( FP-MUL ) ( FP-SUB ) ( FP-DIV ) ( FP-CLIP ) ) ) ( FP-EVAL
( FP-UPN ( FP-MUL ) ( FP-SUB ) ( FP-MUL ) ( FP-CLIP ) ) ) ( FP-EVAL ( FP-UPN
( FP-SUB ) ( FP-MUL ) ( FP-CLIP ) ) ) ( FP-EVAL ( FP-UPN ( FP-RANDOM ( FP-DIV
) ) ( FP-MUL ) ( FP-ADD ) ( FP-TRUNC ) ) ) ( FP-EVAL ( FP-UPN ( FP-SUB )
( FP-DIV ) ( FP-SUB ) ( FP-CLIP ) ) ) ( FP-EVAL ( FP-UPN ( FP-SUB ) ( FP-DIV )
( FP-CLIP ) ) ) ( FP-EVAL ( FP-UPN ( FP-SUB ) ( FP-DIV ) ( FP-ADD ) ( FP-CLIP
) ) ) ( FP-EVAL ( FP-UPN ( FP-ADD ) ( FP-DIV ) ( FP-ADD ) ( FP-CLIP ) ) )
Underfull \hbox (badness 10000) in paragraph at lines 277--277

 []

( FP-EVAL ( FP-UPN ( FP-RANDOM ( FP-DIV ) ) ( FP-MUL ) ( FP-ADD ) ( FP-TRUNC )
) ) ( FP-LT? ) ( FP-EVAL ( FP-UPN ( FP-RANDOM ( FP-DIV ) ) ( FP-MUL ) ( FP-ADD
) ( FP-TRUNC ) ) ) ( FP-EVAL ( FP-UPN ( FP-RANDOM ( FP-DIV ) ) ( FP-MUL )
( FP-ADD ) ( FP-TRUNC ) ) ) ( FP-EVAL ( FP-UPN ( FP-RANDOM ( FP-DIV ) )
( FP-MUL ) ( FP-ADD ) ( FP-TRUNC ) ) ) ( FP-LT? ) ( FP-EVAL ( FP-UPN
( FP-RANDOM ( FP-DIV ) ) ( FP-MUL ) ( FP-ADD ) ( FP-TRUNC ) ) ) ( FP-EVAL
( FP-UPN ( FP-RANDOM ( FP-DIV ) ) ( FP-MUL ) ( FP-ADD ) ( FP-TRUNC ) ) )
( FP-EVAL ( FP-UPN ( FP-RANDOM ( FP-DIV ) ) ( FP-MUL ) ( FP-ADD ) ( FP-TRUNC )
) )
Underfull \hbox (badness 10000) in paragraph at lines 277--277

 []

[1

] ( FP-EVAL ( FP-UPN ( FP-RANDOM ( FP-DIV ) ) ( FP-MUL ) ( FP-ADD )
( FP-TRUNC ) ) ) ( FP-EVAL ( FP-UPN ( FP-RANDOM ( FP-DIV ) ) ( FP-MUL )
( FP-ADD ) ( FP-TRUNC ) ) ) ( FP-EVAL ( FP-UPN ( FP-RANDOM ( FP-DIV ) )
( FP-MUL ) ( FP-ADD ) ( FP-TRUNC ) ) )
Underfull \hbox (badness 10000) in paragraph at lines 277--277

 []

[2

] ( FP-EVAL ( FP-UPN ( FP-RANDOM ( FP-DIV ) ) ( FP-MUL ) ( FP-ADD )
( FP-TRUNC ) ) ) ( FP-EVAL ( FP-UPN ( FP-MUL ) ( FP-SUB ) ( FP-CLIP ) ) )
( FP-EVAL ( FP-UPN ( FP-MUL ) ( FP-SUB ) ( FP-DIV ) ( FP-CLIP ) ) ) ( FP-EVAL
( FP-UPN ( FP-MUL ) ( FP-SUB ) ( FP-MUL ) ( FP-CLIP ) ) ) ( FP-EVAL ( FP-UPN
( FP-SUB ) ( FP-MUL ) ( FP-CLIP ) ) ) ( FP-EVAL ( FP-UPN ( FP-RANDOM ( FP-DIV
) ) ( FP-MUL ) ( FP-ADD ) ( FP-TRUNC ) ) ) ( FP-EVAL ( FP-UPN ( FP-SUB )
( FP-DIV ) ( FP-SUB ) ( FP-CLIP ) ) ) ( FP-EVAL ( FP-UPN ( FP-SUB ) ( FP-DIV )
( FP-CLIP ) ) ) ( FP-EVAL ( FP-UPN ( FP-SUB ) ( FP-DIV ) ( FP-ADD ) ( FP-CLIP
) ) ) ( FP-EVAL ( FP-UPN ( FP-ADD ) ( FP-DIV ) ( FP-ADD ) ( FP-CLIP ) ) )
Underfull \hbox (badness 10000) in paragraph at lines 277--277

 []

( FP-EVAL ( FP-UPN ( FP-RANDOM ( FP-DIV ) ) ( FP-MUL ) ( FP-ADD ) ( FP-TRUNC )
) ) ( FP-LT? ) ( FP-EVAL ( FP-UPN ( FP-RANDOM ( FP-DIV ) ) ( FP-MUL ) ( FP-SUB
) ( FP-TRUNC ) ) ) ( FP-EVAL ( FP-UPN ( FP-RANDOM ( FP-DIV ) ) ( FP-MUL )
( FP-ADD ) ( FP-TRUNC ) ) ) ( FP-EVAL ( FP-UPN ( FP-RANDOM ( FP-DIV ) )
( FP-MUL ) ( FP-ADD ) ( FP-TRUNC ) ) ) ( FP-LT? ) ( FP-EVAL ( FP-UPN
( FP-RANDOM ( FP-DIV ) ) ( FP-MUL ) ( FP-ADD ) ( FP-TRUNC ) ) ) ( FP-EVAL
( FP-UPN ( FP-RANDOM ( FP-DIV ) ) ( FP-MUL ) ( FP-ADD ) ( FP-TRUNC ) ) )
( FP-EVAL ( FP-UPN ( FP-RANDOM ( FP-DIV ) ) ( FP-MUL ) ( FP-ADD ) ( FP-TRUNC )
) )
Underfull \hbox (badness 10000) in paragraph at lines 277--277

 []

[1

] ( FP-EVAL ( FP-UPN ( FP-RANDOM ( FP-DIV ) ) ( FP-MUL ) ( FP-ADD )
( FP-TRUNC ) ) ) ( FP-EVAL ( FP-UPN ( FP-RANDOM ( FP-DIV ) ) ( FP-MUL )
( FP-ADD ) ( FP-TRUNC ) ) ) ( FP-EVAL ( FP-UPN ( FP-RANDOM ( FP-DIV ) )
( FP-MUL ) ( FP-ADD ) ( FP-TRUNC ) ) )
Underfull \hbox (badness 10000) in paragraph at lines 277--277

 []

[2

] ( FP-EVAL ( FP-UPN ( FP-RANDOM ( FP-DIV ) ) ( FP-MUL ) ( FP-ADD )
( FP-TRUNC ) ) ) ( FP-EVAL ( FP-UPN ( FP-MUL ) ( FP-SUB ) ( FP-CLIP ) ) )
( FP-EVAL ( FP-UPN ( FP-MUL ) ( FP-SUB ) ( FP-DIV ) ( FP-CLIP ) ) ) ( FP-EVAL
( FP-UPN ( FP-MUL ) ( FP-SUB ) ( FP-MUL ) ( FP-CLIP ) ) ) ( FP-EVAL ( FP-UPN
( FP-SUB ) ( FP-MUL ) ( FP-CLIP ) ) ) ( FP-EVAL ( FP-UPN ( FP-RANDOM ( FP-DIV
) ) ( FP-MUL ) ( FP-ADD ) ( FP-TRUNC ) ) ) ( FP-EVAL ( FP-UPN ( FP-SUB )
( FP-DIV ) ( FP-SUB ) ( FP-CLIP ) ) ) ( FP-EVAL ( FP-UPN ( FP-SUB ) ( FP-DIV )
( FP-CLIP ) ) ) ( FP-EVAL ( FP-UPN ( FP-SUB ) ( FP-DIV ) ( FP-ADD ) ( FP-CLIP
) ) ) ( FP-EVAL ( FP-UPN ( FP-ADD ) ( FP-DIV ) ( FP-ADD ) ( FP-CLIP ) ) )
Underfull \hbox (badness 10000) in paragraph at lines 277--277

 []

( FP-EVAL ( FP-UPN ( FP-RANDOM ( FP-DIV ) ) ( FP-MUL ) ( FP-ADD ) ( FP-TRUNC )
) ) ( FP-LT? ) ( FP-EVAL ( FP-UPN ( FP-RANDOM ( FP-DIV ) ) ( FP-MUL ) ( FP-SUB
) ( FP-TRUNC ) ) ) ( FP-EVAL ( FP-UPN ( FP-RANDOM ( FP-DIV ) ) ( FP-MUL )
( FP-ADD ) ( FP-TRUNC ) ) ) ( FP-EVAL ( FP-UPN ( FP-RANDOM ( FP-DIV ) )
( FP-MUL ) ( FP-ADD ) ( FP-TRUNC ) ) ) ( FP-LT? ) ( FP-EVAL ( FP-UPN
( FP-RANDOM ( FP-DIV ) ) ( FP-MUL ) ( FP-SUB ) ( FP-TRUNC ) ) ) ( FP-EVAL
( FP-UPN ( FP-RANDOM ( FP-DIV ) ) ( FP-MUL ) ( FP-ADD ) ( FP-TRUNC ) ) )
( FP-EVAL ( FP-UPN ( FP-RANDOM ( FP-DIV ) ) ( FP-MUL ) ( FP-ADD ) ( FP-TRUNC )
) )
Underfull \hbox (badness 10000) in paragraph at lines 277--277

 []

[1

] ( FP-EVAL ( FP-UPN ( FP-RANDOM ( FP-DIV ) ) ( FP-MUL ) ( FP-ADD )
( FP-TRUNC ) ) ) ( FP-EVAL ( FP-UPN ( FP-RANDOM ( FP-DIV ) ) ( FP-MUL )
( FP-ADD ) ( FP-TRUNC ) ) ) ( FP-EVAL ( FP-UPN ( FP-RANDOM ( FP-DIV ) )
( FP-MUL ) ( FP-ADD ) ( FP-TRUNC ) ) )
Underfull \hbox (badness 10000) in paragraph at lines 277--277

 []

[2

] ( FP-EVAL ( FP-UPN ( FP-RANDOM ( FP-DIV ) ) ( FP-MUL ) ( FP-ADD )
( FP-TRUNC ) ) ) ( FP-EVAL ( FP-UPN ( FP-MUL ) ( FP-SUB ) ( FP-CLIP ) ) )
( FP-EVAL ( FP-UPN ( FP-MUL ) ( FP-SUB ) ( FP-DIV ) ( FP-CLIP ) ) ) ( FP-EVAL
( FP-UPN ( FP-MUL ) ( FP-SUB ) ( FP-MUL ) ( FP-CLIP ) ) ) ( FP-EVAL ( FP-UPN
( FP-SUB ) ( FP-MUL ) ( FP-CLIP ) ) ) ( FP-EVAL ( FP-UPN ( FP-RANDOM ( FP-DIV
) ) ( FP-MUL ) ( FP-ADD ) ( FP-TRUNC ) ) ) ( FP-EVAL ( FP-UPN ( FP-SUB )
( FP-DIV ) ( FP-SUB ) ( FP-CLIP ) ) ) ( FP-EVAL ( FP-UPN ( FP-SUB ) ( FP-DIV )
( FP-CLIP ) ) ) ( FP-EVAL ( FP-UPN ( FP-SUB ) ( FP-DIV ) ( FP-ADD ) ( FP-CLIP
) ) ) ( FP-EVAL ( FP-UPN ( FP-ADD ) ( FP-DIV ) ( FP-ADD ) ( FP-CLIP ) ) )
Underfull \hbox (badness 10000) in paragraph at lines 277--277

 []

( FP-EVAL ( FP-UPN ( FP-RANDOM ( FP-DIV ) ) ( FP-MUL ) ( FP-ADD ) ( FP-TRUNC )
) ) ( FP-LT? ) ( FP-EVAL ( FP-UPN ( FP-RANDOM ( FP-DIV ) ) ( FP-MUL ) ( FP-SUB
) ( FP-TRUNC ) ) ) ( FP-EVAL ( FP-UPN ( FP-RANDOM ( FP-DIV ) ) ( FP-MUL )
( FP-ADD ) ( FP-TRUNC ) ) ) ( FP-EVAL ( FP-UPN ( FP-RANDOM ( FP-DIV ) )
( FP-MUL ) ( FP-ADD ) ( FP-TRUNC ) ) ) ( FP-LT? ) ( FP-EVAL ( FP-UPN
( FP-RANDOM ( FP-DIV ) ) ( FP-MUL ) ( FP-ADD ) ( FP-TRUNC ) ) ) ( FP-EVAL
( FP-UPN ( FP-RANDOM ( FP-DIV ) ) ( FP-MUL ) ( FP-ADD ) ( FP-TRUNC ) ) )
( FP-EVAL ( FP-UPN ( FP-RANDOM ( FP-DIV ) ) ( FP-MUL ) ( FP-ADD ) ( FP-TRUNC )
) )
Underfull \hbox (badness 10000) in paragraph at lines 277--277

 []

[1

] ( FP-EVAL ( FP-UPN ( FP-RANDOM ( FP-DIV ) ) ( FP-MUL ) ( FP-ADD )
( FP-TRUNC ) ) ) ( FP-EVAL ( FP-UPN ( FP-RANDOM ( FP-DIV ) ) ( FP-MUL )
( FP-ADD ) ( FP-TRUNC ) ) ) ( FP-EVAL ( FP-UPN ( FP-RANDOM ( FP-DIV ) )
( FP-MUL ) ( FP-ADD ) ( FP-TRUNC ) ) )
Underfull \hbox (badness 10000) in paragraph at lines 277--277

 []

[2

] ( FP-EVAL ( FP-UPN ( FP-RANDOM ( FP-DIV ) ) ( FP-MUL ) ( FP-ADD )
( FP-TRUNC ) ) ) ( FP-EVAL ( FP-UPN ( FP-MUL ) ( FP-SUB ) ( FP-CLIP ) ) )
( FP-EVAL ( FP-UPN ( FP-MUL ) ( FP-SUB ) ( FP-DIV ) ( FP-CLIP ) ) ) ( FP-EVAL
( FP-UPN ( FP-MUL ) ( FP-SUB ) ( FP-MUL ) ( FP-CLIP ) ) ) ( FP-EVAL ( FP-UPN
( FP-SUB ) ( FP-MUL ) ( FP-CLIP ) ) ) ( FP-EVAL ( FP-UPN ( FP-RANDOM ( FP-DIV
) ) ( FP-MUL ) ( FP-ADD ) ( FP-TRUNC ) ) ) ( FP-EVAL ( FP-UPN ( FP-SUB )
( FP-DIV ) ( FP-SUB ) ( FP-CLIP ) ) ) ( FP-EVAL ( FP-UPN ( FP-SUB ) ( FP-DIV )
( FP-CLIP ) ) ) ( FP-EVAL ( FP-UPN ( FP-SUB ) ( FP-DIV ) ( FP-ADD ) ( FP-CLIP
) ) ) ( FP-EVAL ( FP-UPN ( FP-ADD ) ( FP-DIV ) ( FP-ADD ) ( FP-CLIP ) ) )
Underfull \hbox (badness 10000) in paragraph at lines 277--277

 []

( FP-EVAL ( FP-UPN ( FP-RANDOM ( FP-DIV ) ) ( FP-MUL ) ( FP-ADD ) ( FP-TRUNC )
) ) ( FP-LT? ) ( FP-EVAL ( FP-UPN ( FP-RANDOM ( FP-DIV ) ) ( FP-MUL ) ( FP-SUB
) ( FP-TRUNC ) ) ) ( FP-EVAL ( FP-UPN ( FP-RANDOM ( FP-DIV ) ) ( FP-MUL )
( FP-ADD ) ( FP-TRUNC ) ) ) ( FP-EVAL ( FP-UPN ( FP-RANDOM ( FP-DIV ) )
( FP-MUL ) ( FP-ADD ) ( FP-TRUNC ) ) ) ( FP-LT? ) ( FP-EVAL ( FP-UPN
( FP-RANDOM ( FP-DIV ) ) ( FP-MUL ) ( FP-ADD ) ( FP-TRUNC ) ) ) ( FP-EVAL
( FP-UPN ( FP-RANDOM ( FP-DIV ) ) ( FP-MUL ) ( FP-ADD ) ( FP-TRUNC ) ) )
( FP-EVAL ( FP-UPN ( FP-RANDOM ( FP-DIV ) ) ( FP-MUL ) ( FP-ADD ) ( FP-TRUNC )
) )
Underfull \hbox (badness 10000) in paragraph at lines 277--277

 []

[1

] ( FP-EVAL ( FP-UPN ( FP-RANDOM ( FP-DIV ) ) ( FP-MUL ) ( FP-ADD )
( FP-TRUNC ) ) ) ( FP-EVAL ( FP-UPN ( FP-RANDOM ( FP-DIV ) ) ( FP-MUL )
( FP-ADD ) ( FP-TRUNC ) ) ) ( FP-EVAL ( FP-UPN ( FP-RANDOM ( FP-DIV ) )
( FP-MUL ) ( FP-ADD ) ( FP-TRUNC ) ) )
Underfull \hbox (badness 10000) in paragraph at lines 277--277

 []

[2

] ( FP-EVAL ( FP-UPN ( FP-RANDOM ( FP-DIV ) ) ( FP-MUL ) ( FP-ADD )
( FP-TRUNC ) ) ) ( FP-EVAL ( FP-UPN ( FP-MUL ) ( FP-SUB ) ( FP-CLIP ) ) )
( FP-EVAL ( FP-UPN ( FP-MUL ) ( FP-SUB ) ( FP-DIV ) ( FP-CLIP ) ) ) ( FP-EVAL
( FP-UPN ( FP-MUL ) ( FP-SUB ) ( FP-MUL ) ( FP-CLIP ) ) ) ( FP-EVAL ( FP-UPN
( FP-SUB ) ( FP-MUL ) ( FP-CLIP ) ) ) ( FP-EVAL ( FP-UPN ( FP-RANDOM ( FP-DIV
) ) ( FP-MUL ) ( FP-ADD ) ( FP-TRUNC ) ) ) ( FP-EVAL ( FP-UPN ( FP-SUB )
( FP-DIV ) ( FP-SUB ) ( FP-CLIP ) ) ) ( FP-EVAL ( FP-UPN ( FP-SUB ) ( FP-DIV )
( FP-CLIP ) ) ) ( FP-EVAL ( FP-UPN ( FP-SUB ) ( FP-DIV ) ( FP-ADD ) ( FP-CLIP
) ) ) ( FP-EVAL ( FP-UPN ( FP-ADD ) ( FP-DIV ) ( FP-ADD ) ( FP-CLIP ) ) )
Underfull \hbox (badness 10000) in paragraph at lines 277--277

 []

( FP-EVAL ( FP-UPN ( FP-RANDOM ( FP-DIV ) ) ( FP-MUL ) ( FP-ADD ) ( FP-TRUNC )
) ) ( FP-LT? ) ( FP-EVAL ( FP-UPN ( FP-RANDOM ( FP-DIV ) ) ( FP-MUL ) ( FP-SUB
) ( FP-TRUNC ) ) ) ( FP-EVAL ( FP-UPN ( FP-RANDOM ( FP-DIV ) ) ( FP-MUL )
( FP-ADD ) ( FP-TRUNC ) ) ) ( FP-EVAL ( FP-UPN ( FP-RANDOM ( FP-DIV ) )
( FP-MUL ) ( FP-ADD ) ( FP-TRUNC ) ) ) ( FP-LT? ) ( FP-EVAL ( FP-UPN
( FP-RANDOM ( FP-DIV ) ) ( FP-MUL ) ( FP-SUB ) ( FP-TRUNC ) ) ) ( FP-EVAL
( FP-UPN ( FP-RANDOM ( FP-DIV ) ) ( FP-MUL ) ( FP-ADD ) ( FP-TRUNC ) ) )
( FP-EVAL ( FP-UPN ( FP-RANDOM ( FP-DIV ) ) ( FP-MUL ) ( FP-ADD ) ( FP-TRUNC )
) )
Underfull \hbox (badness 10000) in paragraph at lines 277--277

 []

[1

] ( FP-EVAL ( FP-UPN ( FP-RANDOM ( FP-DIV ) ) ( FP-MUL ) ( FP-ADD )
( FP-TRUNC ) ) ) ( FP-EVAL ( FP-UPN ( FP-RANDOM ( FP-DIV ) ) ( FP-MUL )
( FP-ADD ) ( FP-TRUNC ) ) ) ( FP-EVAL ( FP-UPN ( FP-RANDOM ( FP-DIV ) )
( FP-MUL ) ( FP-ADD ) ( FP-TRUNC ) ) )
Underfull \hbox (badness 10000) in paragraph at lines 277--277

 []

[2

] ( FP-EVAL ( FP-UPN ( FP-RANDOM ( FP-DIV ) ) ( FP-MUL ) ( FP-ADD )
( FP-TRUNC ) ) ) ( FP-EVAL ( FP-UPN ( FP-MUL ) ( FP-SUB ) ( FP-CLIP ) ) )
( FP-EVAL ( FP-UPN ( FP-MUL ) ( FP-SUB ) ( FP-DIV ) ( FP-CLIP ) ) ) ( FP-EVAL
( FP-UPN ( FP-MUL ) ( FP-SUB ) ( FP-MUL ) ( FP-CLIP ) ) ) ( FP-EVAL ( FP-UPN
( FP-SUB ) ( FP-MUL ) ( FP-CLIP ) ) ) ( FP-EVAL ( FP-UPN ( FP-RANDOM ( FP-DIV
) ) ( FP-MUL ) ( FP-ADD ) ( FP-TRUNC ) ) ) ( FP-EVAL ( FP-UPN ( FP-SUB )
( FP-DIV ) ( FP-SUB ) ( FP-CLIP ) ) ) ( FP-EVAL ( FP-UPN ( FP-SUB ) ( FP-DIV )
( FP-CLIP ) ) ) ( FP-EVAL ( FP-UPN ( FP-SUB ) ( FP-DIV ) ( FP-ADD ) ( FP-CLIP
) ) ) ( FP-EVAL ( FP-UPN ( FP-ADD ) ( FP-DIV ) ( FP-ADD ) ( FP-CLIP ) ) )
Underfull \hbox (badness 10000) in paragraph at lines 277--277

 []

( FP-EVAL ( FP-UPN ( FP-RANDOM ( FP-DIV ) ) ( FP-MUL ) ( FP-ADD ) ( FP-TRUNC )
) ) ( FP-LT? ) ( FP-EVAL ( FP-UPN ( FP-RANDOM ( FP-DIV ) ) ( FP-MUL ) ( FP-ADD
) ( FP-TRUNC ) ) ) ( FP-EVAL ( FP-UPN ( FP-RANDOM ( FP-DIV ) ) ( FP-MUL )
( FP-ADD ) ( FP-TRUNC ) ) ) ( FP-EVAL ( FP-UPN ( FP-RANDOM ( FP-DIV ) )
( FP-MUL ) ( FP-ADD ) ( FP-TRUNC ) ) ) ( FP-LT? ) ( FP-EVAL ( FP-UPN
( FP-RANDOM ( FP-DIV ) ) ( FP-MUL ) ( FP-SUB ) ( FP-TRUNC ) ) ) ( FP-EVAL
( FP-UPN ( FP-RANDOM ( FP-DIV ) ) ( FP-MUL ) ( FP-ADD ) ( FP-TRUNC ) ) )
( FP-EVAL ( FP-UPN ( FP-RANDOM ( FP-DIV ) ) ( FP-MUL ) ( FP-ADD ) ( FP-TRUNC )
) )
Underfull \hbox (badness 10000) in paragraph at lines 277--277

 []

[1

] ( FP-EVAL ( FP-UPN ( FP-RANDOM ( FP-DIV ) ) ( FP-MUL ) ( FP-ADD )
( FP-TRUNC ) ) ) ( FP-EVAL ( FP-UPN ( FP-RANDOM ( FP-DIV ) ) ( FP-MUL )
( FP-ADD ) ( FP-TRUNC ) ) ) ( FP-EVAL ( FP-UPN ( FP-RANDOM ( FP-DIV ) )
( FP-MUL ) ( FP-ADD ) ( FP-TRUNC ) ) )
Underfull \hbox (badness 10000) in paragraph at lines 277--277

 []

[2

] ( FP-EVAL ( FP-UPN ( FP-RANDOM ( FP-DIV ) ) ( FP-MUL ) ( FP-ADD )
( FP-TRUNC ) ) ) ( FP-EVAL ( FP-UPN ( FP-MUL ) ( FP-SUB ) ( FP-CLIP ) ) )
( FP-EVAL ( FP-UPN ( FP-MUL ) ( FP-SUB ) ( FP-DIV ) ( FP-CLIP ) ) ) ( FP-EVAL
( FP-UPN ( FP-MUL ) ( FP-SUB ) ( FP-MUL ) ( FP-CLIP ) ) ) ( FP-EVAL ( FP-UPN
( FP-SUB ) ( FP-MUL ) ( FP-CLIP ) ) ) ( FP-EVAL ( FP-UPN ( FP-RANDOM ( FP-DIV
) ) ( FP-MUL ) ( FP-ADD ) ( FP-TRUNC ) ) ) ( FP-EVAL ( FP-UPN ( FP-SUB )
( FP-DIV ) ( FP-SUB ) ( FP-CLIP ) ) ) ( FP-EVAL ( FP-UPN ( FP-SUB ) ( FP-DIV )
( FP-CLIP ) ) ) ( FP-EVAL ( FP-UPN ( FP-SUB ) ( FP-DIV ) ( FP-ADD ) ( FP-CLIP
) ) ) ( FP-EVAL ( FP-UPN ( FP-ADD ) ( FP-DIV ) ( FP-ADD ) ( FP-CLIP ) ) )
Underfull \hbox (badness 10000) in paragraph at lines 277--277

 []

( FP-EVAL ( FP-UPN ( FP-RANDOM ( FP-DIV ) ) ( FP-MUL ) ( FP-ADD ) ( FP-TRUNC )
) ) ( FP-LT? ) ( FP-EVAL ( FP-UPN ( FP-RANDOM ( FP-DIV ) ) ( FP-MUL ) ( FP-ADD
) ( FP-TRUNC ) ) ) ( FP-EVAL ( FP-UPN ( FP-RANDOM ( FP-DIV ) ) ( FP-MUL )
( FP-ADD ) ( FP-TRUNC ) ) ) ( FP-EVAL ( FP-UPN ( FP-RANDOM ( FP-DIV ) )
( FP-MUL ) ( FP-ADD ) ( FP-TRUNC ) ) ) ( FP-LT? ) ( FP-EVAL ( FP-UPN
( FP-RANDOM ( FP-DIV ) ) ( FP-MUL ) ( FP-ADD ) ( FP-TRUNC ) ) ) ( FP-EVAL
( FP-UPN ( FP-RANDOM ( FP-DIV ) ) ( FP-MUL ) ( FP-ADD ) ( FP-TRUNC ) ) )
( FP-EVAL ( FP-UPN ( FP-RANDOM ( FP-DIV ) ) ( FP-MUL ) ( FP-ADD ) ( FP-TRUNC )
) )
Underfull \hbox (badness 10000) in paragraph at lines 277--277

 []

[1

] ( FP-EVAL ( FP-UPN ( FP-RANDOM ( FP-DIV ) ) ( FP-MUL ) ( FP-ADD )
( FP-TRUNC ) ) ) ( FP-EVAL ( FP-UPN ( FP-RANDOM ( FP-DIV ) ) ( FP-MUL )
( FP-ADD ) ( FP-TRUNC ) ) ) ( FP-EVAL ( FP-UPN ( FP-RANDOM ( FP-DIV ) )
( FP-MUL ) ( FP-ADD ) ( FP-TRUNC ) ) )
Underfull \hbox (badness 10000) in paragraph at lines 277--277

 []

[2

] ( FP-EVAL ( FP-UPN ( FP-RANDOM ( FP-DIV ) ) ( FP-MUL ) ( FP-ADD )
( FP-TRUNC ) ) ) ( FP-EVAL ( FP-UPN ( FP-MUL ) ( FP-SUB ) ( FP-CLIP ) ) )
( FP-EVAL ( FP-UPN ( FP-MUL ) ( FP-SUB ) ( FP-DIV ) ( FP-CLIP ) ) ) ( FP-EVAL
( FP-UPN ( FP-MUL ) ( FP-SUB ) ( FP-MUL ) ( FP-CLIP ) ) ) ( FP-EVAL ( FP-UPN
( FP-SUB ) ( FP-MUL ) ( FP-CLIP ) ) ) ( FP-EVAL ( FP-UPN ( FP-RANDOM ( FP-DIV
) ) ( FP-MUL ) ( FP-ADD ) ( FP-TRUNC ) ) ) ( FP-EVAL ( FP-UPN ( FP-SUB )
( FP-DIV ) ( FP-SUB ) ( FP-CLIP ) ) ) ( FP-EVAL ( FP-UPN ( FP-SUB ) ( FP-DIV )
( FP-CLIP ) ) ) ( FP-EVAL ( FP-UPN ( FP-SUB ) ( FP-DIV ) ( FP-ADD ) ( FP-CLIP
) ) ) ( FP-EVAL ( FP-UPN ( FP-ADD ) ( FP-DIV ) ( FP-ADD ) ( FP-CLIP ) ) )
Underfull \hbox (badness 10000) in paragraph at lines 277--277

 []

( FP-EVAL ( FP-UPN ( FP-RANDOM ( FP-DIV ) ) ( FP-MUL ) ( FP-ADD ) ( FP-TRUNC )
) ) ( FP-LT? ) ( FP-EVAL ( FP-UPN ( FP-RANDOM ( FP-DIV ) ) ( FP-MUL ) ( FP-ADD
) ( FP-TRUNC ) ) ) ( FP-EVAL ( FP-UPN ( FP-RANDOM ( FP-DIV ) ) ( FP-MUL )
( FP-ADD ) ( FP-TRUNC ) ) ) ( FP-EVAL ( FP-UPN ( FP-RANDOM ( FP-DIV ) )
( FP-MUL ) ( FP-ADD ) ( FP-TRUNC ) ) ) ( FP-LT? ) ( FP-EVAL ( FP-UPN
( FP-RANDOM ( FP-DIV ) ) ( FP-MUL ) ( FP-ADD ) ( FP-TRUNC ) ) ) ( FP-EVAL
( FP-UPN ( FP-RANDOM ( FP-DIV ) ) ( FP-MUL ) ( FP-ADD ) ( FP-TRUNC ) ) )
( FP-EVAL ( FP-UPN ( FP-RANDOM ( FP-DIV ) ) ( FP-MUL ) ( FP-ADD ) ( FP-TRUNC )
) )
Underfull \hbox (badness 10000) in paragraph at lines 277--277

 []

[1

] ( FP-EVAL ( FP-UPN ( FP-RANDOM ( FP-DIV ) ) ( FP-MUL ) ( FP-ADD )
( FP-TRUNC ) ) ) ( FP-EVAL ( FP-UPN ( FP-RANDOM ( FP-DIV ) ) ( FP-MUL )
( FP-ADD ) ( FP-TRUNC ) ) ) ( FP-EVAL ( FP-UPN ( FP-RANDOM ( FP-DIV ) )
( FP-MUL ) ( FP-ADD ) ( FP-TRUNC ) ) )
Underfull \hbox (badness 10000) in paragraph at lines 277--277

 []

[2

] ( FP-EVAL ( FP-UPN ( FP-RANDOM ( FP-DIV ) ) ( FP-MUL ) ( FP-ADD )
( FP-TRUNC ) ) ) ( FP-EVAL ( FP-UPN ( FP-MUL ) ( FP-SUB ) ( FP-CLIP ) ) )
( FP-EVAL ( FP-UPN ( FP-MUL ) ( FP-SUB ) ( FP-DIV ) ( FP-CLIP ) ) ) ( FP-EVAL
( FP-UPN ( FP-MUL ) ( FP-SUB ) ( FP-MUL ) ( FP-CLIP ) ) ) ( FP-EVAL ( FP-UPN
( FP-SUB ) ( FP-MUL ) ( FP-CLIP ) ) ) ( FP-EVAL ( FP-UPN ( FP-RANDOM ( FP-DIV
) ) ( FP-MUL ) ( FP-ADD ) ( FP-TRUNC ) ) ) ( FP-EVAL ( FP-UPN ( FP-SUB )
( FP-DIV ) ( FP-SUB ) ( FP-CLIP ) ) ) ( FP-EVAL ( FP-UPN ( FP-SUB ) ( FP-DIV )
( FP-CLIP ) ) ) ( FP-EVAL ( FP-UPN ( FP-SUB ) ( FP-DIV ) ( FP-ADD ) ( FP-CLIP
) ) ) ( FP-EVAL ( FP-UPN ( FP-ADD ) ( FP-DIV ) ( FP-ADD ) ( FP-CLIP ) ) )
Underfull \hbox (badness 10000) in paragraph at lines 277--277

 []

( FP-EVAL ( FP-UPN ( FP-RANDOM ( FP-DIV ) ) ( FP-MUL ) ( FP-ADD ) ( FP-TRUNC )
) ) ( FP-LT? ) ( FP-EVAL ( FP-UPN ( FP-RANDOM ( FP-DIV ) ) ( FP-MUL ) ( FP-ADD
) ( FP-TRUNC ) ) ) ( FP-EVAL ( FP-UPN ( FP-RANDOM ( FP-DIV ) ) ( FP-MUL )
( FP-ADD ) ( FP-TRUNC ) ) ) ( FP-EVAL ( FP-UPN ( FP-RANDOM ( FP-DIV ) )
( FP-MUL ) ( FP-ADD ) ( FP-TRUNC ) ) ) ( FP-LT? ) ( FP-EVAL ( FP-UPN
( FP-RANDOM ( FP-DIV ) ) ( FP-MUL ) ( FP-SUB ) ( FP-TRUNC ) ) ) ( FP-EVAL
( FP-UPN ( FP-RANDOM ( FP-DIV ) ) ( FP-MUL ) ( FP-ADD ) ( FP-TRUNC ) ) )
( FP-EVAL ( FP-UPN ( FP-RANDOM ( FP-DIV ) ) ( FP-MUL ) ( FP-ADD ) ( FP-TRUNC )
) )
Underfull \hbox (badness 10000) in paragraph at lines 277--277

 []

[1

] ( FP-EVAL ( FP-UPN ( FP-RANDOM ( FP-DIV ) ) ( FP-MUL ) ( FP-ADD )
( FP-TRUNC ) ) ) ( FP-EVAL ( FP-UPN ( FP-RANDOM ( FP-DIV ) ) ( FP-MUL )
( FP-ADD ) ( FP-TRUNC ) ) ) ( FP-EVAL ( FP-UPN ( FP-RANDOM ( FP-DIV ) )
( FP-MUL ) ( FP-ADD ) ( FP-TRUNC ) ) )
Underfull \hbox (badness 10000) in paragraph at lines 277--277

 []

[2

] ( FP-EVAL ( FP-UPN ( FP-RANDOM ( FP-DIV ) ) ( FP-MUL ) ( FP-ADD )
( FP-TRUNC ) ) ) ( FP-EVAL ( FP-UPN ( FP-MUL ) ( FP-SUB ) ( FP-CLIP ) ) )
( FP-EVAL ( FP-UPN ( FP-MUL ) ( FP-SUB ) ( FP-DIV ) ( FP-CLIP ) ) ) ( FP-EVAL
( FP-UPN ( FP-MUL ) ( FP-SUB ) ( FP-MUL ) ( FP-CLIP ) ) ) ( FP-EVAL ( FP-UPN
( FP-SUB ) ( FP-MUL ) ( FP-CLIP ) ) ) ( FP-EVAL ( FP-UPN ( FP-RANDOM ( FP-DIV
) ) ( FP-MUL ) ( FP-ADD ) ( FP-TRUNC ) ) ) ( FP-EVAL ( FP-UPN ( FP-SUB )
( FP-DIV ) ( FP-SUB ) ( FP-CLIP ) ) ) ( FP-EVAL ( FP-UPN ( FP-SUB ) ( FP-DIV )
( FP-CLIP ) ) ) ( FP-EVAL ( FP-UPN ( FP-SUB ) ( FP-DIV ) ( FP-ADD ) ( FP-CLIP
) ) ) ( FP-EVAL ( FP-UPN ( FP-ADD ) ( FP-DIV ) ( FP-ADD ) ( FP-CLIP ) ) )
Underfull \hbox (badness 10000) in paragraph at lines 277--277

 []

( FP-EVAL ( FP-UPN ( FP-RANDOM ( FP-DIV ) ) ( FP-MUL ) ( FP-ADD ) ( FP-TRUNC )
) ) ( FP-LT? ) ( FP-EVAL ( FP-UPN ( FP-RANDOM ( FP-DIV ) ) ( FP-MUL ) ( FP-SUB
) ( FP-TRUNC ) ) ) ( FP-EVAL ( FP-UPN ( FP-RANDOM ( FP-DIV ) ) ( FP-MUL )
( FP-ADD ) ( FP-TRUNC ) ) ) ( FP-EVAL ( FP-UPN ( FP-RANDOM ( FP-DIV ) )
( FP-MUL ) ( FP-ADD ) ( FP-TRUNC ) ) ) ( FP-LT? ) ( FP-EVAL ( FP-UPN
( FP-RANDOM ( FP-DIV ) ) ( FP-MUL ) ( FP-SUB ) ( FP-TRUNC ) ) ) ( FP-EVAL
( FP-UPN ( FP-RANDOM ( FP-DIV ) ) ( FP-MUL ) ( FP-ADD ) ( FP-TRUNC ) ) )
( FP-EVAL ( FP-UPN ( FP-RANDOM ( FP-DIV ) ) ( FP-MUL ) ( FP-ADD ) ( FP-TRUNC )
) )
Underfull \hbox (badness 10000) in paragraph at lines 277--277

 []

[1

] ( FP-EVAL ( FP-UPN ( FP-RANDOM ( FP-DIV ) ) ( FP-MUL ) ( FP-ADD )
( FP-TRUNC ) ) ) ( FP-EVAL ( FP-UPN ( FP-RANDOM ( FP-DIV ) ) ( FP-MUL )
( FP-ADD ) ( FP-TRUNC ) ) ) ( FP-EVAL ( FP-UPN ( FP-RANDOM ( FP-DIV ) )
( FP-MUL ) ( FP-ADD ) ( FP-TRUNC ) ) )
Underfull \hbox (badness 10000) in paragraph at lines 277--277

 []

[2

] (./amc-compiled.aux) ) 
Here is how much of TeX's memory you used:
 14195 strings out of 480478
 262255 string characters out of 5905959
 569936 words of memory out of 5000000
 29954 multiletter control sequences out of 15000+600000
 540286 words of font info for 45 fonts, out of 8000000 for 9000
 1141 hyphenation exceptions out of 8191
 53i,23n,70p,916b,618s stack positions out of 5000i,500n,10000p,200000b,80000s
{/usr/share/texmf-dist/fonts/enc/dvips/cm-super/cm-supe
r-t1.enc}</usr/share/texmf-dist/fonts/type1/public/amsfonts/cm/cmmi10.pfb></usr
/share/texmf-dist/fonts/type1/public/amsfonts/cm/cmr10.pfb></usr/share/texmf-di
st/fonts/type1/public/amsfonts/cm/cmr7.pfb></usr/share/texmf-dist/fonts/type1/p
ublic/amsfonts/cm/cmsy10.pfb></usr/share/texmf-dist/fonts/type1/public/amsfonts
/latxfont/lcircle1.pfb></usr/share/texmf-dist/fonts/type1/public/amsfonts/symbo
ls/msbm10.pfb></usr/share/texmf-dist/fonts/type1/public/cm-super/sfbx1000.pfb><
/usr/share/texmf-dist/fonts/type1/public/cm-super/sfbx1200.pfb></usr/share/texm
f-dist/fonts/type1/public/cm-super/sfbx1440.pfb></usr/share/texmf-dist/fonts/ty
pe1/public/cm-super/sfcc1000.pfb></usr/share/texmf-dist/fonts/type1/public/cm-s
uper/sfrm1000.pfb></usr/share/texmf-dist/fonts/type1/public/cm-super/sftt1000.p
fb>
Output written on amc-compiled.pdf (66 pages, 362885 bytes).
PDF statistics:
 266 PDF objects out of 1000 (max. 8388607)
 184 compressed objects within 2 object streams
 0 named destinations out of 1000 (max. 500000)
 1 words of extra memory for PDF output out of 10000 (max. 10000000)

